# ali-to-post "ark:gunzip -c ./exp/tri2b_ali/pre_ali.3.gz|" ark:- | weight-silence-post 0.0 1 ./exp/tri2b/final.mdl ark:- ark:- | gmm-est-fmllr --fmllr-update-type=full --spk2utt=ark:./data/train/split4/3/spk2utt ./exp/tri2b/final.mdl "ark,s,cs:apply-cmvn  --utt2spk=ark:./data/train/split4/3/utt2spk scp:./data/train/split4/3/cmvn.scp scp:./data/train/split4/3/feats.scp ark:- | splice-feats --left-context=3 --right-context=3 ark:- ark:- | transform-feats ./exp/tri2b/final.mat ark:- ark:- |" ark,s,cs:- ark:./exp/tri2b_ali/trans.3 
# Started at Fri Aug 13 03:17:14 +07 2021
#
weight-silence-post 0.0 1 ./exp/tri2b/final.mdl ark:- ark:- 
ali-to-post 'ark:gunzip -c ./exp/tri2b_ali/pre_ali.3.gz|' ark:- 
gmm-est-fmllr --fmllr-update-type=full --spk2utt=ark:./data/train/split4/3/spk2utt ./exp/tri2b/final.mdl 'ark,s,cs:apply-cmvn  --utt2spk=ark:./data/train/split4/3/utt2spk scp:./data/train/split4/3/cmvn.scp scp:./data/train/split4/3/feats.scp ark:- | splice-feats --left-context=3 --right-context=3 ark:- ark:- | transform-feats ./exp/tri2b/final.mat ark:- ark:- |' ark,s,cs:- ark:./exp/tri2b_ali/trans.3 
apply-cmvn --utt2spk=ark:./data/train/split4/3/utt2spk scp:./data/train/split4/3/cmvn.scp scp:./data/train/split4/3/feats.scp ark:- 
transform-feats ./exp/tri2b/final.mat ark:- ark:- 
splice-feats --left-context=3 --right-context=3 ark:- ark:- 
WARNING (gmm-est-fmllr[5.5.929~1-9bca2]:main():gmm-est-fmllr.cc:118) Did not find posteriors for utterance 1/4/14021
LOG (gmm-est-fmllr[5.5.929~1-9bca2]:ComputeFmllrMatrixDiagGmmFull():fmllr-diag-gmm.cc:262) fMLLR objf improvement is 0.779856 per frame over 445081 frames.
LOG (gmm-est-fmllr[5.5.929~1-9bca2]:main():gmm-est-fmllr.cc:143) For speaker 1/4, auxf-impr from fMLLR is 0.779856, over 445081 frames.
LOG (gmm-est-fmllr[5.5.929~1-9bca2]:ComputeFmllrMatrixDiagGmmFull():fmllr-diag-gmm.cc:262) fMLLR objf improvement is 3.49358 per frame over 56277 frames.
LOG (gmm-est-fmllr[5.5.929~1-9bca2]:main():gmm-est-fmllr.cc:143) For speaker VIVOSSPK01, auxf-impr from fMLLR is 3.49358, over 56277 frames.
LOG (gmm-est-fmllr[5.5.929~1-9bca2]:ComputeFmllrMatrixDiagGmmFull():fmllr-diag-gmm.cc:262) fMLLR objf improvement is 3.64945 per frame over 59370 frames.
LOG (gmm-est-fmllr[5.5.929~1-9bca2]:main():gmm-est-fmllr.cc:143) For speaker VIVOSSPK02, auxf-impr from fMLLR is 3.64945, over 59370 frames.
LOG (gmm-est-fmllr[5.5.929~1-9bca2]:ComputeFmllrMatrixDiagGmmFull():fmllr-diag-gmm.cc:262) fMLLR objf improvement is 3.37121 per frame over 53740 frames.
LOG (gmm-est-fmllr[5.5.929~1-9bca2]:main():gmm-est-fmllr.cc:143) For speaker VIVOSSPK03, auxf-impr from fMLLR is 3.37121, over 53740 frames.
LOG (gmm-est-fmllr[5.5.929~1-9bca2]:ComputeFmllrMatrixDiagGmmFull():fmllr-diag-gmm.cc:262) fMLLR objf improvement is 4.02926 per frame over 57460 frames.
LOG (gmm-est-fmllr[5.5.929~1-9bca2]:main():gmm-est-fmllr.cc:143) For speaker VIVOSSPK04, auxf-impr from fMLLR is 4.02926, over 57460 frames.
LOG (gmm-est-fmllr[5.5.929~1-9bca2]:ComputeFmllrMatrixDiagGmmFull():fmllr-diag-gmm.cc:262) fMLLR objf improvement is 3.43331 per frame over 59612 frames.
LOG (gmm-est-fmllr[5.5.929~1-9bca2]:main():gmm-est-fmllr.cc:143) For speaker VIVOSSPK05, auxf-impr from fMLLR is 3.43331, over 59612 frames.
LOG (gmm-est-fmllr[5.5.929~1-9bca2]:ComputeFmllrMatrixDiagGmmFull():fmllr-diag-gmm.cc:262) fMLLR objf improvement is 3.45026 per frame over 62611 frames.
LOG (gmm-est-fmllr[5.5.929~1-9bca2]:main():gmm-est-fmllr.cc:143) For speaker VIVOSSPK06, auxf-impr from fMLLR is 3.45026, over 62611 frames.
LOG (gmm-est-fmllr[5.5.929~1-9bca2]:ComputeFmllrMatrixDiagGmmFull():fmllr-diag-gmm.cc:262) fMLLR objf improvement is 4.53603 per frame over 58950 frames.
LOG (gmm-est-fmllr[5.5.929~1-9bca2]:main():gmm-est-fmllr.cc:143) For speaker VIVOSSPK07, auxf-impr from fMLLR is 4.53603, over 58950 frames.
LOG (gmm-est-fmllr[5.5.929~1-9bca2]:ComputeFmllrMatrixDiagGmmFull():fmllr-diag-gmm.cc:262) fMLLR objf improvement is 4.02521 per frame over 55796 frames.
LOG (gmm-est-fmllr[5.5.929~1-9bca2]:main():gmm-est-fmllr.cc:143) For speaker VIVOSSPK08, auxf-impr from fMLLR is 4.02521, over 55796 frames.
LOG (gmm-est-fmllr[5.5.929~1-9bca2]:ComputeFmllrMatrixDiagGmmFull():fmllr-diag-gmm.cc:262) fMLLR objf improvement is 4.19802 per frame over 52219 frames.
LOG (gmm-est-fmllr[5.5.929~1-9bca2]:main():gmm-est-fmllr.cc:143) For speaker VIVOSSPK09, auxf-impr from fMLLR is 4.19802, over 52219 frames.
LOG (gmm-est-fmllr[5.5.929~1-9bca2]:ComputeFmllrMatrixDiagGmmFull():fmllr-diag-gmm.cc:262) fMLLR objf improvement is 3.3121 per frame over 59631 frames.
LOG (gmm-est-fmllr[5.5.929~1-9bca2]:main():gmm-est-fmllr.cc:143) For speaker VIVOSSPK10, auxf-impr from fMLLR is 3.3121, over 59631 frames.
LOG (gmm-est-fmllr[5.5.929~1-9bca2]:ComputeFmllrMatrixDiagGmmFull():fmllr-diag-gmm.cc:262) fMLLR objf improvement is 5.73323 per frame over 60216 frames.
LOG (gmm-est-fmllr[5.5.929~1-9bca2]:main():gmm-est-fmllr.cc:143) For speaker VIVOSSPK11, auxf-impr from fMLLR is 5.73323, over 60216 frames.
LOG (gmm-est-fmllr[5.5.929~1-9bca2]:ComputeFmllrMatrixDiagGmmFull():fmllr-diag-gmm.cc:262) fMLLR objf improvement is 3.31211 per frame over 58901 frames.
LOG (gmm-est-fmllr[5.5.929~1-9bca2]:main():gmm-est-fmllr.cc:143) For speaker VIVOSSPK12, auxf-impr from fMLLR is 3.31211, over 58901 frames.
LOG (gmm-est-fmllr[5.5.929~1-9bca2]:ComputeFmllrMatrixDiagGmmFull():fmllr-diag-gmm.cc:262) fMLLR objf improvement is 2.33551 per frame over 81868 frames.
LOG (gmm-est-fmllr[5.5.929~1-9bca2]:main():gmm-est-fmllr.cc:143) For speaker VIVOSSPK13, auxf-impr from fMLLR is 2.33551, over 81868 frames.
LOG (gmm-est-fmllr[5.5.929~1-9bca2]:ComputeFmllrMatrixDiagGmmFull():fmllr-diag-gmm.cc:262) fMLLR objf improvement is 1.8226 per frame over 80453 frames.
LOG (gmm-est-fmllr[5.5.929~1-9bca2]:main():gmm-est-fmllr.cc:143) For speaker VIVOSSPK14, auxf-impr from fMLLR is 1.8226, over 80453 frames.
LOG (gmm-est-fmllr[5.5.929~1-9bca2]:ComputeFmllrMatrixDiagGmmFull():fmllr-diag-gmm.cc:262) fMLLR objf improvement is 2.29925 per frame over 76310 frames.
LOG (gmm-est-fmllr[5.5.929~1-9bca2]:main():gmm-est-fmllr.cc:143) For speaker VIVOSSPK15, auxf-impr from fMLLR is 2.29925, over 76310 frames.
WARNING (gmm-est-fmllr[5.5.929~1-9bca2]:main():gmm-est-fmllr.cc:118) Did not find posteriors for utterance VIVOSSPK16_265
LOG (gmm-est-fmllr[5.5.929~1-9bca2]:ComputeFmllrMatrixDiagGmmFull():fmllr-diag-gmm.cc:262) fMLLR objf improvement is 1.807 per frame over 62727 frames.
LOG (gmm-est-fmllr[5.5.929~1-9bca2]:main():gmm-est-fmllr.cc:143) For speaker VIVOSSPK16, auxf-impr from fMLLR is 1.807, over 62727 frames.
WARNING (gmm-est-fmllr[5.5.929~1-9bca2]:main():gmm-est-fmllr.cc:118) Did not find posteriors for utterance VIVOSSPK17_210
LOG (gmm-est-fmllr[5.5.929~1-9bca2]:ComputeFmllrMatrixDiagGmmFull():fmllr-diag-gmm.cc:262) fMLLR objf improvement is 3.04801 per frame over 64099 frames.
LOG (gmm-est-fmllr[5.5.929~1-9bca2]:main():gmm-est-fmllr.cc:143) For speaker VIVOSSPK17, auxf-impr from fMLLR is 3.04801, over 64099 frames.
LOG (gmm-est-fmllr[5.5.929~1-9bca2]:ComputeFmllrMatrixDiagGmmFull():fmllr-diag-gmm.cc:262) fMLLR objf improvement is 4.56771 per frame over 49134 frames.
LOG (gmm-est-fmllr[5.5.929~1-9bca2]:main():gmm-est-fmllr.cc:143) For speaker VIVOSSPK18, auxf-impr from fMLLR is 4.56771, over 49134 frames.
LOG (gmm-est-fmllr[5.5.929~1-9bca2]:ComputeFmllrMatrixDiagGmmFull():fmllr-diag-gmm.cc:262) fMLLR objf improvement is 1.97167 per frame over 70957 frames.
LOG (gmm-est-fmllr[5.5.929~1-9bca2]:main():gmm-est-fmllr.cc:143) For speaker VIVOSSPK19, auxf-impr from fMLLR is 1.97167, over 70957 frames.
LOG (gmm-est-fmllr[5.5.929~1-9bca2]:ComputeFmllrMatrixDiagGmmFull():fmllr-diag-gmm.cc:262) fMLLR objf improvement is 2.49728 per frame over 53297 frames.
LOG (gmm-est-fmllr[5.5.929~1-9bca2]:main():gmm-est-fmllr.cc:143) For speaker VIVOSSPK20, auxf-impr from fMLLR is 2.49728, over 53297 frames.
LOG (gmm-est-fmllr[5.5.929~1-9bca2]:ComputeFmllrMatrixDiagGmmFull():fmllr-diag-gmm.cc:262) fMLLR objf improvement is 2.8053 per frame over 92127 frames.
LOG (gmm-est-fmllr[5.5.929~1-9bca2]:main():gmm-est-fmllr.cc:143) For speaker VIVOSSPK21, auxf-impr from fMLLR is 2.8053, over 92127 frames.
WARNING (gmm-est-fmllr[5.5.929~1-9bca2]:main():gmm-est-fmllr.cc:118) Did not find posteriors for utterance VIVOSSPK22_047
WARNING (gmm-est-fmllr[5.5.929~1-9bca2]:main():gmm-est-fmllr.cc:118) Did not find posteriors for utterance VIVOSSPK22_161
LOG (ali-to-post[5.5.929~1-9bca2]:main():ali-to-post.cc:73) Converted 6930 alignments.
LOG (weight-silence-post[5.5.929~1-9bca2]:main():weight-silence-post.cc:95) Done 6930 posteriors.
LOG (apply-cmvn[5.5.929~1-9bca2]:main():apply-cmvn.cc:162) Applied cepstral mean normalization to 6935 utterances, errors on 0
LOG (transform-feats[5.5.929~1-9bca2]:main():transform-feats.cc:158) Overall average [pseudo-]logdet is -94.5228 over 2.57081e+06 frames.
LOG (transform-feats[5.5.929~1-9bca2]:main():transform-feats.cc:161) Applied transform to 6935 utterances; 0 had errors.
LOG (gmm-est-fmllr[5.5.929~1-9bca2]:ComputeFmllrMatrixDiagGmmFull():fmllr-diag-gmm.cc:262) fMLLR objf improvement is 2.9678 per frame over 66348 frames.
LOG (gmm-est-fmllr[5.5.929~1-9bca2]:main():gmm-est-fmllr.cc:143) For speaker VIVOSSPK22, auxf-impr from fMLLR is 2.9678, over 66348 frames.
LOG (gmm-est-fmllr[5.5.929~1-9bca2]:main():gmm-est-fmllr.cc:188) Done 6930 files, 5 with no posts, 0 with other errors.
LOG (gmm-est-fmllr[5.5.929~1-9bca2]:main():gmm-est-fmllr.cc:190) Overall fMLLR auxf impr per frame is 2.62226 over 1.83718e+06 frames.
# Accounting: time=56 threads=1
# Ended (code 0) at Fri Aug 13 03:18:10 +07 2021, elapsed time 56 seconds
