# gmm-acc-stats-ali exp/tri3/30.mdl "ark,s,cs:apply-cmvn  --utt2spk=ark:./data/train/split4/4/utt2spk scp:./data/train/split4/4/cmvn.scp scp:./data/train/split4/4/feats.scp ark:- | splice-feats --left-context=3 --right-context=3 ark:- ark:- | transform-feats ./exp/tri2b_ali/final.mat ark:- ark:- | transform-feats --utt2spk=ark:./data/train/split4/4/utt2spk ark:exp/tri3/trans.4 ark:- ark:- |" "ark,s,cs:gunzip -c exp/tri3/ali.4.gz|" exp/tri3/30.4.acc 
# Started at Fri Aug 13 03:44:39 +07 2021
#
gmm-acc-stats-ali exp/tri3/30.mdl 'ark,s,cs:apply-cmvn  --utt2spk=ark:./data/train/split4/4/utt2spk scp:./data/train/split4/4/cmvn.scp scp:./data/train/split4/4/feats.scp ark:- | splice-feats --left-context=3 --right-context=3 ark:- ark:- | transform-feats ./exp/tri2b_ali/final.mat ark:- ark:- | transform-feats --utt2spk=ark:./data/train/split4/4/utt2spk ark:exp/tri3/trans.4 ark:- ark:- |' 'ark,s,cs:gunzip -c exp/tri3/ali.4.gz|' exp/tri3/30.4.acc 
transform-feats --utt2spk=ark:./data/train/split4/4/utt2spk ark:exp/tri3/trans.4 ark:- ark:- 
apply-cmvn --utt2spk=ark:./data/train/split4/4/utt2spk scp:./data/train/split4/4/cmvn.scp scp:./data/train/split4/4/feats.scp ark:- 
transform-feats ./exp/tri2b_ali/final.mat ark:- ark:- 
splice-feats --left-context=3 --right-context=3 ark:- ark:- 
WARNING (gmm-acc-stats-ali[5.5.929~1-9bca2]:main():gmm-acc-stats-ali.cc:79) No alignment for utterance VIVOSSPK23_001
WARNING (gmm-acc-stats-ali[5.5.929~1-9bca2]:main():gmm-acc-stats-ali.cc:79) No alignment for utterance VIVOSSPK23_024
WARNING (gmm-acc-stats-ali[5.5.929~1-9bca2]:main():gmm-acc-stats-ali.cc:79) No alignment for utterance VIVOSSPK23_032
WARNING (gmm-acc-stats-ali[5.5.929~1-9bca2]:main():gmm-acc-stats-ali.cc:79) No alignment for utterance VIVOSSPK23_038
WARNING (gmm-acc-stats-ali[5.5.929~1-9bca2]:main():gmm-acc-stats-ali.cc:79) No alignment for utterance VIVOSSPK23_040
WARNING (gmm-acc-stats-ali[5.5.929~1-9bca2]:main():gmm-acc-stats-ali.cc:79) No alignment for utterance VIVOSSPK23_042
WARNING (gmm-acc-stats-ali[5.5.929~1-9bca2]:main():gmm-acc-stats-ali.cc:79) No alignment for utterance VIVOSSPK23_048
WARNING (gmm-acc-stats-ali[5.5.929~1-9bca2]:main():gmm-acc-stats-ali.cc:79) No alignment for utterance VIVOSSPK23_050
WARNING (gmm-acc-stats-ali[5.5.929~1-9bca2]:main():gmm-acc-stats-ali.cc:79) No alignment for utterance VIVOSSPK23_051
WARNING (gmm-acc-stats-ali[5.5.929~1-9bca2]:main():gmm-acc-stats-ali.cc:79) No alignment for utterance VIVOSSPK23_053
WARNING (gmm-acc-stats-ali[5.5.929~1-9bca2]:main():gmm-acc-stats-ali.cc:79) No alignment for utterance VIVOSSPK23_054
WARNING (gmm-acc-stats-ali[5.5.929~1-9bca2]:main():gmm-acc-stats-ali.cc:79) No alignment for utterance VIVOSSPK23_055
WARNING (gmm-acc-stats-ali[5.5.929~1-9bca2]:main():gmm-acc-stats-ali.cc:79) No alignment for utterance VIVOSSPK23_060
LOG (gmm-acc-stats-ali[5.5.929~1-9bca2]:main():gmm-acc-stats-ali.cc:105) Processed 50 utterances; for utterance VIVOSSPK23_063 avg. like is -50.8217 over 592 frames.
WARNING (gmm-acc-stats-ali[5.5.929~1-9bca2]:main():gmm-acc-stats-ali.cc:79) No alignment for utterance VIVOSSPK23_078
WARNING (gmm-acc-stats-ali[5.5.929~1-9bca2]:main():gmm-acc-stats-ali.cc:79) No alignment for utterance VIVOSSPK23_089
LOG (gmm-acc-stats-ali[5.5.929~1-9bca2]:main():gmm-acc-stats-ali.cc:105) Processed 100 utterances; for utterance VIVOSSPK24_005 avg. like is -50.2365 over 557 frames.
LOG (gmm-acc-stats-ali[5.5.929~1-9bca2]:main():gmm-acc-stats-ali.cc:105) Processed 150 utterances; for utterance VIVOSSPK24_055 avg. like is -45.8244 over 670 frames.
LOG (gmm-acc-stats-ali[5.5.929~1-9bca2]:main():gmm-acc-stats-ali.cc:105) Processed 200 utterances; for utterance VIVOSSPK25_005 avg. like is -47.8821 over 848 frames.
LOG (gmm-acc-stats-ali[5.5.929~1-9bca2]:main():gmm-acc-stats-ali.cc:105) Processed 250 utterances; for utterance VIVOSSPK25_055 avg. like is -46.294 over 792 frames.
LOG (gmm-acc-stats-ali[5.5.929~1-9bca2]:main():gmm-acc-stats-ali.cc:105) Processed 300 utterances; for utterance VIVOSSPK25_105 avg. like is -42.8596 over 623 frames.
LOG (gmm-acc-stats-ali[5.5.929~1-9bca2]:main():gmm-acc-stats-ali.cc:105) Processed 350 utterances; for utterance VIVOSSPK25_155 avg. like is -43.7554 over 776 frames.
LOG (gmm-acc-stats-ali[5.5.929~1-9bca2]:main():gmm-acc-stats-ali.cc:105) Processed 400 utterances; for utterance VIVOSSPK26_025 avg. like is -48.7534 over 792 frames.
LOG (gmm-acc-stats-ali[5.5.929~1-9bca2]:main():gmm-acc-stats-ali.cc:105) Processed 450 utterances; for utterance VIVOSSPK26_075 avg. like is -44.0731 over 742 frames.
LOG (gmm-acc-stats-ali[5.5.929~1-9bca2]:main():gmm-acc-stats-ali.cc:105) Processed 500 utterances; for utterance VIVOSSPK26_125 avg. like is -43.0413 over 751 frames.
WARNING (gmm-acc-stats-ali[5.5.929~1-9bca2]:main():gmm-acc-stats-ali.cc:79) No alignment for utterance VIVOSSPK26_160
LOG (gmm-acc-stats-ali[5.5.929~1-9bca2]:main():gmm-acc-stats-ali.cc:105) Processed 550 utterances; for utterance VIVOSSPK26_176 avg. like is -42.986 over 811 frames.
LOG (gmm-acc-stats-ali[5.5.929~1-9bca2]:main():gmm-acc-stats-ali.cc:105) Processed 600 utterances; for utterance VIVOSSPK26_226 avg. like is -44.2762 over 973 frames.
LOG (gmm-acc-stats-ali[5.5.929~1-9bca2]:main():gmm-acc-stats-ali.cc:105) Processed 650 utterances; for utterance VIVOSSPK26_276 avg. like is -46.275 over 873 frames.
WARNING (gmm-acc-stats-ali[5.5.929~1-9bca2]:main():gmm-acc-stats-ali.cc:79) No alignment for utterance VIVOSSPK26_300
LOG (gmm-acc-stats-ali[5.5.929~1-9bca2]:main():gmm-acc-stats-ali.cc:105) Processed 700 utterances; for utterance VIVOSSPK27_027 avg. like is -47.9349 over 936 frames.
LOG (gmm-acc-stats-ali[5.5.929~1-9bca2]:main():gmm-acc-stats-ali.cc:105) Processed 750 utterances; for utterance VIVOSSPK27_077 avg. like is -47.3226 over 532 frames.
WARNING (gmm-acc-stats-ali[5.5.929~1-9bca2]:main():gmm-acc-stats-ali.cc:79) No alignment for utterance VIVOSSPK27_087
WARNING (gmm-acc-stats-ali[5.5.929~1-9bca2]:main():gmm-acc-stats-ali.cc:79) No alignment for utterance VIVOSSPK27_094
WARNING (gmm-acc-stats-ali[5.5.929~1-9bca2]:main():gmm-acc-stats-ali.cc:79) No alignment for utterance VIVOSSPK27_095
WARNING (gmm-acc-stats-ali[5.5.929~1-9bca2]:main():gmm-acc-stats-ali.cc:79) No alignment for utterance VIVOSSPK27_099
WARNING (gmm-acc-stats-ali[5.5.929~1-9bca2]:main():gmm-acc-stats-ali.cc:79) No alignment for utterance VIVOSSPK27_126
LOG (gmm-acc-stats-ali[5.5.929~1-9bca2]:main():gmm-acc-stats-ali.cc:105) Processed 800 utterances; for utterance VIVOSSPK27_132 avg. like is -44.3639 over 692 frames.
WARNING (gmm-acc-stats-ali[5.5.929~1-9bca2]:main():gmm-acc-stats-ali.cc:79) No alignment for utterance VIVOSSPK27_156
LOG (gmm-acc-stats-ali[5.5.929~1-9bca2]:main():gmm-acc-stats-ali.cc:105) Processed 850 utterances; for utterance VIVOSSPK27_183 avg. like is -44.9469 over 898 frames.
LOG (gmm-acc-stats-ali[5.5.929~1-9bca2]:main():gmm-acc-stats-ali.cc:105) Processed 900 utterances; for utterance VIVOSSPK27_233 avg. like is -50.1492 over 1123 frames.
LOG (gmm-acc-stats-ali[5.5.929~1-9bca2]:main():gmm-acc-stats-ali.cc:105) Processed 950 utterances; for utterance VIVOSSPK28_039 avg. like is -44.431 over 489 frames.
WARNING (gmm-acc-stats-ali[5.5.929~1-9bca2]:main():gmm-acc-stats-ali.cc:79) No alignment for utterance VIVOSSPK28_055
LOG (gmm-acc-stats-ali[5.5.929~1-9bca2]:main():gmm-acc-stats-ali.cc:105) Processed 1000 utterances; for utterance VIVOSSPK28_090 avg. like is -47.3989 over 373 frames.
LOG (gmm-acc-stats-ali[5.5.929~1-9bca2]:main():gmm-acc-stats-ali.cc:105) Processed 1050 utterances; for utterance VIVOSSPK28_140 avg. like is -46.9387 over 476 frames.
LOG (gmm-acc-stats-ali[5.5.929~1-9bca2]:main():gmm-acc-stats-ali.cc:105) Processed 1100 utterances; for utterance VIVOSSPK29_020 avg. like is -44.7231 over 542 frames.
LOG (gmm-acc-stats-ali[5.5.929~1-9bca2]:main():gmm-acc-stats-ali.cc:105) Processed 1150 utterances; for utterance VIVOSSPK29_070 avg. like is -44.4063 over 804 frames.
LOG (gmm-acc-stats-ali[5.5.929~1-9bca2]:main():gmm-acc-stats-ali.cc:105) Processed 1200 utterances; for utterance VIVOSSPK29_120 avg. like is -47.2178 over 711 frames.
LOG (gmm-acc-stats-ali[5.5.929~1-9bca2]:main():gmm-acc-stats-ali.cc:105) Processed 1250 utterances; for utterance VIVOSSPK29_170 avg. like is -42.2527 over 548 frames.
LOG (gmm-acc-stats-ali[5.5.929~1-9bca2]:main():gmm-acc-stats-ali.cc:105) Processed 1300 utterances; for utterance VIVOSSPK30_020 avg. like is -45.2924 over 714 frames.
LOG (gmm-acc-stats-ali[5.5.929~1-9bca2]:main():gmm-acc-stats-ali.cc:105) Processed 1350 utterances; for utterance VIVOSSPK30_070 avg. like is -45.7656 over 836 frames.
LOG (gmm-acc-stats-ali[5.5.929~1-9bca2]:main():gmm-acc-stats-ali.cc:105) Processed 1400 utterances; for utterance VIVOSSPK30_120 avg. like is -42.0242 over 648 frames.
WARNING (gmm-acc-stats-ali[5.5.929~1-9bca2]:main():gmm-acc-stats-ali.cc:79) No alignment for utterance VIVOSSPK30_153
LOG (gmm-acc-stats-ali[5.5.929~1-9bca2]:main():gmm-acc-stats-ali.cc:105) Processed 1450 utterances; for utterance VIVOSSPK31_018 avg. like is -47.7455 over 511 frames.
LOG (gmm-acc-stats-ali[5.5.929~1-9bca2]:main():gmm-acc-stats-ali.cc:105) Processed 1500 utterances; for utterance VIVOSSPK31_068 avg. like is -44.4684 over 814 frames.
LOG (gmm-acc-stats-ali[5.5.929~1-9bca2]:main():gmm-acc-stats-ali.cc:105) Processed 1550 utterances; for utterance VIVOSSPK31_118 avg. like is -44.229 over 654 frames.
LOG (gmm-acc-stats-ali[5.5.929~1-9bca2]:main():gmm-acc-stats-ali.cc:105) Processed 1600 utterances; for utterance VIVOSSPK31_168 avg. like is -46.1953 over 811 frames.
WARNING (gmm-acc-stats-ali[5.5.929~1-9bca2]:main():gmm-acc-stats-ali.cc:79) No alignment for utterance VIVOSSPK31_194
WARNING (gmm-acc-stats-ali[5.5.929~1-9bca2]:main():gmm-acc-stats-ali.cc:79) No alignment for utterance VIVOSSPK31_197
WARNING (gmm-acc-stats-ali[5.5.929~1-9bca2]:main():gmm-acc-stats-ali.cc:79) No alignment for utterance VIVOSSPK31_209
LOG (gmm-acc-stats-ali[5.5.929~1-9bca2]:main():gmm-acc-stats-ali.cc:105) Processed 1650 utterances; for utterance VIVOSSPK31_221 avg. like is -45.7637 over 623 frames.
LOG (gmm-acc-stats-ali[5.5.929~1-9bca2]:main():gmm-acc-stats-ali.cc:105) Processed 1700 utterances; for utterance VIVOSSPK31_271 avg. like is -46.8613 over 654 frames.
LOG (gmm-acc-stats-ali[5.5.929~1-9bca2]:main():gmm-acc-stats-ali.cc:105) Processed 1750 utterances; for utterance VIVOSSPK32_046 avg. like is -45.4087 over 629 frames.
WARNING (gmm-acc-stats-ali[5.5.929~1-9bca2]:main():gmm-acc-stats-ali.cc:79) No alignment for utterance VIVOSSPK32_053
LOG (gmm-acc-stats-ali[5.5.929~1-9bca2]:main():gmm-acc-stats-ali.cc:105) Processed 1800 utterances; for utterance VIVOSSPK32_097 avg. like is -45.5584 over 782 frames.
LOG (gmm-acc-stats-ali[5.5.929~1-9bca2]:main():gmm-acc-stats-ali.cc:105) Processed 1850 utterances; for utterance VIVOSSPK32_147 avg. like is -50.0138 over 1023 frames.
WARNING (gmm-acc-stats-ali[5.5.929~1-9bca2]:main():gmm-acc-stats-ali.cc:79) No alignment for utterance VIVOSSPK32_158
LOG (gmm-acc-stats-ali[5.5.929~1-9bca2]:main():gmm-acc-stats-ali.cc:105) Processed 1900 utterances; for utterance VIVOSSPK32_198 avg. like is -47.2755 over 761 frames.
LOG (gmm-acc-stats-ali[5.5.929~1-9bca2]:main():gmm-acc-stats-ali.cc:105) Processed 1950 utterances; for utterance VIVOSSPK33_034 avg. like is -49.8391 over 673 frames.
LOG (gmm-acc-stats-ali[5.5.929~1-9bca2]:main():gmm-acc-stats-ali.cc:105) Processed 2000 utterances; for utterance VIVOSSPK33_084 avg. like is -50.4269 over 817 frames.
LOG (gmm-acc-stats-ali[5.5.929~1-9bca2]:main():gmm-acc-stats-ali.cc:105) Processed 2050 utterances; for utterance VIVOSSPK33_134 avg. like is -48.9122 over 711 frames.
LOG (gmm-acc-stats-ali[5.5.929~1-9bca2]:main():gmm-acc-stats-ali.cc:105) Processed 2100 utterances; for utterance VIVOSSPK33_184 avg. like is -46.628 over 939 frames.
WARNING (gmm-acc-stats-ali[5.5.929~1-9bca2]:main():gmm-acc-stats-ali.cc:79) No alignment for utterance VIVOSSPK34_006
WARNING (gmm-acc-stats-ali[5.5.929~1-9bca2]:main():gmm-acc-stats-ali.cc:79) No alignment for utterance VIVOSSPK34_012
LOG (gmm-acc-stats-ali[5.5.929~1-9bca2]:main():gmm-acc-stats-ali.cc:105) Processed 2150 utterances; for utterance VIVOSSPK34_016 avg. like is -51.3173 over 557 frames.
WARNING (gmm-acc-stats-ali[5.5.929~1-9bca2]:main():gmm-acc-stats-ali.cc:79) No alignment for utterance VIVOSSPK34_017
WARNING (gmm-acc-stats-ali[5.5.929~1-9bca2]:main():gmm-acc-stats-ali.cc:79) No alignment for utterance VIVOSSPK34_045
LOG (gmm-acc-stats-ali[5.5.929~1-9bca2]:main():gmm-acc-stats-ali.cc:105) Processed 2200 utterances; for utterance VIVOSSPK34_068 avg. like is -47.8392 over 373 frames.
WARNING (gmm-acc-stats-ali[5.5.929~1-9bca2]:main():gmm-acc-stats-ali.cc:79) No alignment for utterance VIVOSSPK34_072
WARNING (gmm-acc-stats-ali[5.5.929~1-9bca2]:main():gmm-acc-stats-ali.cc:79) No alignment for utterance VIVOSSPK34_076
LOG (gmm-acc-stats-ali[5.5.929~1-9bca2]:main():gmm-acc-stats-ali.cc:105) Processed 2250 utterances; for utterance VIVOSSPK34_120 avg. like is -48.8826 over 454 frames.
LOG (gmm-acc-stats-ali[5.5.929~1-9bca2]:main():gmm-acc-stats-ali.cc:105) Processed 2300 utterances; for utterance VIVOSSPK34_170 avg. like is -49.1295 over 679 frames.
LOG (gmm-acc-stats-ali[5.5.929~1-9bca2]:main():gmm-acc-stats-ali.cc:105) Processed 2350 utterances; for utterance VIVOSSPK34_220 avg. like is -45.494 over 617 frames.
LOG (gmm-acc-stats-ali[5.5.929~1-9bca2]:main():gmm-acc-stats-ali.cc:105) Processed 2400 utterances; for utterance VIVOSSPK34_270 avg. like is -43.4558 over 573 frames.
LOG (gmm-acc-stats-ali[5.5.929~1-9bca2]:main():gmm-acc-stats-ali.cc:105) Processed 2450 utterances; for utterance VIVOSSPK35_020 avg. like is -36.8402 over 776 frames.
LOG (gmm-acc-stats-ali[5.5.929~1-9bca2]:main():gmm-acc-stats-ali.cc:105) Processed 2500 utterances; for utterance VIVOSSPK35_070 avg. like is -37.3747 over 1129 frames.
LOG (gmm-acc-stats-ali[5.5.929~1-9bca2]:main():gmm-acc-stats-ali.cc:105) Processed 2550 utterances; for utterance VIVOSSPK35_120 avg. like is -34.2685 over 1001 frames.
LOG (gmm-acc-stats-ali[5.5.929~1-9bca2]:main():gmm-acc-stats-ali.cc:105) Processed 2600 utterances; for utterance VIVOSSPK35_170 avg. like is -37.2656 over 1223 frames.
LOG (gmm-acc-stats-ali[5.5.929~1-9bca2]:main():gmm-acc-stats-ali.cc:105) Processed 2650 utterances; for utterance VIVOSSPK35_220 avg. like is -37.6339 over 1511 frames.
WARNING (gmm-acc-stats-ali[5.5.929~1-9bca2]:main():gmm-acc-stats-ali.cc:79) No alignment for utterance VIVOSSPK35_262
LOG (gmm-acc-stats-ali[5.5.929~1-9bca2]:main():gmm-acc-stats-ali.cc:105) Processed 2700 utterances; for utterance VIVOSSPK36_009 avg. like is -47.9053 over 501 frames.
LOG (gmm-acc-stats-ali[5.5.929~1-9bca2]:main():gmm-acc-stats-ali.cc:105) Processed 2750 utterances; for utterance VIVOSSPK36_059 avg. like is -46.9115 over 539 frames.
WARNING (gmm-acc-stats-ali[5.5.929~1-9bca2]:main():gmm-acc-stats-ali.cc:79) No alignment for utterance VIVOSSPK36_100
LOG (gmm-acc-stats-ali[5.5.929~1-9bca2]:main():gmm-acc-stats-ali.cc:105) Processed 2800 utterances; for utterance VIVOSSPK36_110 avg. like is -44.3514 over 498 frames.
LOG (gmm-acc-stats-ali[5.5.929~1-9bca2]:main():gmm-acc-stats-ali.cc:105) Processed 2850 utterances; for utterance VIVOSSPK36_160 avg. like is -42.6001 over 698 frames.
LOG (gmm-acc-stats-ali[5.5.929~1-9bca2]:main():gmm-acc-stats-ali.cc:105) Processed 2900 utterances; for utterance VIVOSSPK36_210 avg. like is -45.6417 over 773 frames.
LOG (gmm-acc-stats-ali[5.5.929~1-9bca2]:main():gmm-acc-stats-ali.cc:105) Processed 2950 utterances; for utterance VIVOSSPK37_035 avg. like is -47.6211 over 792 frames.
LOG (gmm-acc-stats-ali[5.5.929~1-9bca2]:main():gmm-acc-stats-ali.cc:105) Processed 3000 utterances; for utterance VIVOSSPK37_085 avg. like is -47.7628 over 817 frames.
LOG (gmm-acc-stats-ali[5.5.929~1-9bca2]:main():gmm-acc-stats-ali.cc:105) Processed 3050 utterances; for utterance VIVOSSPK38_004 avg. like is -41.207 over 798 frames.
LOG (gmm-acc-stats-ali[5.5.929~1-9bca2]:main():gmm-acc-stats-ali.cc:105) Processed 3100 utterances; for utterance VIVOSSPK38_054 avg. like is -47.1491 over 673 frames.
LOG (gmm-acc-stats-ali[5.5.929~1-9bca2]:main():gmm-acc-stats-ali.cc:105) Processed 3150 utterances; for utterance VIVOSSPK38_104 avg. like is -46.6688 over 636 frames.
LOG (gmm-acc-stats-ali[5.5.929~1-9bca2]:main():gmm-acc-stats-ali.cc:105) Processed 3200 utterances; for utterance VIVOSSPK38_154 avg. like is -44.429 over 548 frames.
LOG (gmm-acc-stats-ali[5.5.929~1-9bca2]:main():gmm-acc-stats-ali.cc:105) Processed 3250 utterances; for utterance VIVOSSPK38_204 avg. like is -46.6383 over 636 frames.
LOG (gmm-acc-stats-ali[5.5.929~1-9bca2]:main():gmm-acc-stats-ali.cc:105) Processed 3300 utterances; for utterance VIVOSSPK38_254 avg. like is -46.5019 over 495 frames.
LOG (gmm-acc-stats-ali[5.5.929~1-9bca2]:main():gmm-acc-stats-ali.cc:105) Processed 3350 utterances; for utterance VIVOSSPK39_012 avg. like is -50.0288 over 564 frames.
LOG (gmm-acc-stats-ali[5.5.929~1-9bca2]:main():gmm-acc-stats-ali.cc:105) Processed 3400 utterances; for utterance VIVOSSPK39_062 avg. like is -46.8182 over 464 frames.
LOG (gmm-acc-stats-ali[5.5.929~1-9bca2]:main():gmm-acc-stats-ali.cc:105) Processed 3450 utterances; for utterance VIVOSSPK39_112 avg. like is -51.1892 over 573 frames.
LOG (gmm-acc-stats-ali[5.5.929~1-9bca2]:main():gmm-acc-stats-ali.cc:105) Processed 3500 utterances; for utterance VIVOSSPK39_162 avg. like is -45.6934 over 529 frames.
LOG (gmm-acc-stats-ali[5.5.929~1-9bca2]:main():gmm-acc-stats-ali.cc:105) Processed 3550 utterances; for utterance VIVOSSPK40_028 avg. like is -46.4871 over 329 frames.
LOG (gmm-acc-stats-ali[5.5.929~1-9bca2]:main():gmm-acc-stats-ali.cc:105) Processed 3600 utterances; for utterance VIVOSSPK40_078 avg. like is -44.5124 over 460 frames.
WARNING (gmm-acc-stats-ali[5.5.929~1-9bca2]:main():gmm-acc-stats-ali.cc:79) No alignment for utterance VIVOSSPK40_088
WARNING (gmm-acc-stats-ali[5.5.929~1-9bca2]:main():gmm-acc-stats-ali.cc:79) No alignment for utterance VIVOSSPK40_112
LOG (gmm-acc-stats-ali[5.5.929~1-9bca2]:main():gmm-acc-stats-ali.cc:105) Processed 3650 utterances; for utterance VIVOSSPK40_130 avg. like is -48.3733 over 464 frames.
WARNING (gmm-acc-stats-ali[5.5.929~1-9bca2]:main():gmm-acc-stats-ali.cc:79) No alignment for utterance VIVOSSPK40_176
LOG (gmm-acc-stats-ali[5.5.929~1-9bca2]:main():gmm-acc-stats-ali.cc:105) Processed 3700 utterances; for utterance VIVOSSPK40_181 avg. like is -45.8488 over 351 frames.
WARNING (gmm-acc-stats-ali[5.5.929~1-9bca2]:main():gmm-acc-stats-ali.cc:79) No alignment for utterance VIVOSSPK40_185
WARNING (gmm-acc-stats-ali[5.5.929~1-9bca2]:main():gmm-acc-stats-ali.cc:79) No alignment for utterance VIVOSSPK40_187
WARNING (gmm-acc-stats-ali[5.5.929~1-9bca2]:main():gmm-acc-stats-ali.cc:79) No alignment for utterance VIVOSSPK40_189
WARNING (gmm-acc-stats-ali[5.5.929~1-9bca2]:main():gmm-acc-stats-ali.cc:79) No alignment for utterance VIVOSSPK40_216
WARNING (gmm-acc-stats-ali[5.5.929~1-9bca2]:main():gmm-acc-stats-ali.cc:79) No alignment for utterance VIVOSSPK40_217
WARNING (gmm-acc-stats-ali[5.5.929~1-9bca2]:main():gmm-acc-stats-ali.cc:79) No alignment for utterance VIVOSSPK40_225
WARNING (gmm-acc-stats-ali[5.5.929~1-9bca2]:main():gmm-acc-stats-ali.cc:79) No alignment for utterance VIVOSSPK40_227
LOG (gmm-acc-stats-ali[5.5.929~1-9bca2]:main():gmm-acc-stats-ali.cc:105) Processed 3750 utterances; for utterance VIVOSSPK40_238 avg. like is -46.9734 over 285 frames.
WARNING (gmm-acc-stats-ali[5.5.929~1-9bca2]:main():gmm-acc-stats-ali.cc:79) No alignment for utterance VIVOSSPK40_240
WARNING (gmm-acc-stats-ali[5.5.929~1-9bca2]:main():gmm-acc-stats-ali.cc:79) No alignment for utterance VIVOSSPK40_241
WARNING (gmm-acc-stats-ali[5.5.929~1-9bca2]:main():gmm-acc-stats-ali.cc:79) No alignment for utterance VIVOSSPK40_257
WARNING (gmm-acc-stats-ali[5.5.929~1-9bca2]:main():gmm-acc-stats-ali.cc:79) No alignment for utterance VIVOSSPK40_258
WARNING (gmm-acc-stats-ali[5.5.929~1-9bca2]:main():gmm-acc-stats-ali.cc:79) No alignment for utterance VIVOSSPK40_263
WARNING (gmm-acc-stats-ali[5.5.929~1-9bca2]:main():gmm-acc-stats-ali.cc:79) No alignment for utterance VIVOSSPK40_265
WARNING (gmm-acc-stats-ali[5.5.929~1-9bca2]:main():gmm-acc-stats-ali.cc:79) No alignment for utterance VIVOSSPK40_280
WARNING (gmm-acc-stats-ali[5.5.929~1-9bca2]:main():gmm-acc-stats-ali.cc:79) No alignment for utterance VIVOSSPK40_282
WARNING (gmm-acc-stats-ali[5.5.929~1-9bca2]:main():gmm-acc-stats-ali.cc:79) No alignment for utterance VIVOSSPK40_284
WARNING (gmm-acc-stats-ali[5.5.929~1-9bca2]:main():gmm-acc-stats-ali.cc:79) No alignment for utterance VIVOSSPK40_297
LOG (gmm-acc-stats-ali[5.5.929~1-9bca2]:main():gmm-acc-stats-ali.cc:105) Processed 3800 utterances; for utterance VIVOSSPK40_298 avg. like is -47.5494 over 354 frames.
WARNING (gmm-acc-stats-ali[5.5.929~1-9bca2]:main():gmm-acc-stats-ali.cc:79) No alignment for utterance VIVOSSPK41_034
WARNING (gmm-acc-stats-ali[5.5.929~1-9bca2]:main():gmm-acc-stats-ali.cc:79) No alignment for utterance VIVOSSPK41_046
LOG (gmm-acc-stats-ali[5.5.929~1-9bca2]:main():gmm-acc-stats-ali.cc:105) Processed 3850 utterances; for utterance VIVOSSPK41_050 avg. like is -51.4975 over 304 frames.
WARNING (gmm-acc-stats-ali[5.5.929~1-9bca2]:main():gmm-acc-stats-ali.cc:79) No alignment for utterance VIVOSSPK41_071
WARNING (gmm-acc-stats-ali[5.5.929~1-9bca2]:main():gmm-acc-stats-ali.cc:79) No alignment for utterance VIVOSSPK41_073
WARNING (gmm-acc-stats-ali[5.5.929~1-9bca2]:main():gmm-acc-stats-ali.cc:79) No alignment for utterance VIVOSSPK41_077
WARNING (gmm-acc-stats-ali[5.5.929~1-9bca2]:main():gmm-acc-stats-ali.cc:79) No alignment for utterance VIVOSSPK41_093
LOG (gmm-acc-stats-ali[5.5.929~1-9bca2]:main():gmm-acc-stats-ali.cc:105) Processed 3900 utterances; for utterance VIVOSSPK41_104 avg. like is -49.3246 over 317 frames.
WARNING (gmm-acc-stats-ali[5.5.929~1-9bca2]:main():gmm-acc-stats-ali.cc:79) No alignment for utterance VIVOSSPK41_105
WARNING (gmm-acc-stats-ali[5.5.929~1-9bca2]:main():gmm-acc-stats-ali.cc:79) No alignment for utterance VIVOSSPK41_107
WARNING (gmm-acc-stats-ali[5.5.929~1-9bca2]:main():gmm-acc-stats-ali.cc:79) No alignment for utterance VIVOSSPK41_108
WARNING (gmm-acc-stats-ali[5.5.929~1-9bca2]:main():gmm-acc-stats-ali.cc:79) No alignment for utterance VIVOSSPK41_112
WARNING (gmm-acc-stats-ali[5.5.929~1-9bca2]:main():gmm-acc-stats-ali.cc:79) No alignment for utterance VIVOSSPK41_119
WARNING (gmm-acc-stats-ali[5.5.929~1-9bca2]:main():gmm-acc-stats-ali.cc:79) No alignment for utterance VIVOSSPK41_120
WARNING (gmm-acc-stats-ali[5.5.929~1-9bca2]:main():gmm-acc-stats-ali.cc:79) No alignment for utterance VIVOSSPK41_121
WARNING (gmm-acc-stats-ali[5.5.929~1-9bca2]:main():gmm-acc-stats-ali.cc:79) No alignment for utterance VIVOSSPK41_128
WARNING (gmm-acc-stats-ali[5.5.929~1-9bca2]:main():gmm-acc-stats-ali.cc:79) No alignment for utterance VIVOSSPK41_129
WARNING (gmm-acc-stats-ali[5.5.929~1-9bca2]:main():gmm-acc-stats-ali.cc:79) No alignment for utterance VIVOSSPK41_137
WARNING (gmm-acc-stats-ali[5.5.929~1-9bca2]:main():gmm-acc-stats-ali.cc:79) No alignment for utterance VIVOSSPK41_146
WARNING (gmm-acc-stats-ali[5.5.929~1-9bca2]:main():gmm-acc-stats-ali.cc:79) No alignment for utterance VIVOSSPK41_148
WARNING (gmm-acc-stats-ali[5.5.929~1-9bca2]:main():gmm-acc-stats-ali.cc:79) No alignment for utterance VIVOSSPK41_154
LOG (gmm-acc-stats-ali[5.5.929~1-9bca2]:main():gmm-acc-stats-ali.cc:105) Processed 3950 utterances; for utterance VIVOSSPK41_167 avg. like is -49.2521 over 317 frames.
WARNING (gmm-acc-stats-ali[5.5.929~1-9bca2]:main():gmm-acc-stats-ali.cc:79) No alignment for utterance VIVOSSPK41_181
WARNING (gmm-acc-stats-ali[5.5.929~1-9bca2]:main():gmm-acc-stats-ali.cc:79) No alignment for utterance VIVOSSPK41_186
WARNING (gmm-acc-stats-ali[5.5.929~1-9bca2]:main():gmm-acc-stats-ali.cc:79) No alignment for utterance VIVOSSPK41_196
WARNING (gmm-acc-stats-ali[5.5.929~1-9bca2]:main():gmm-acc-stats-ali.cc:79) No alignment for utterance VIVOSSPK41_200
LOG (gmm-acc-stats-ali[5.5.929~1-9bca2]:main():gmm-acc-stats-ali.cc:105) Processed 4000 utterances; for utterance VIVOSSPK41_221 avg. like is -46.7391 over 329 frames.
WARNING (gmm-acc-stats-ali[5.5.929~1-9bca2]:main():gmm-acc-stats-ali.cc:79) No alignment for utterance VIVOSSPK41_238
WARNING (gmm-acc-stats-ali[5.5.929~1-9bca2]:main():gmm-acc-stats-ali.cc:79) No alignment for utterance VIVOSSPK41_242
LOG (gmm-acc-stats-ali[5.5.929~1-9bca2]:main():gmm-acc-stats-ali.cc:105) Processed 4050 utterances; for utterance VIVOSSPK41_273 avg. like is -49.523 over 323 frames.
WARNING (gmm-acc-stats-ali[5.5.929~1-9bca2]:main():gmm-acc-stats-ali.cc:79) No alignment for utterance VIVOSSPK41_292
LOG (gmm-acc-stats-ali[5.5.929~1-9bca2]:main():gmm-acc-stats-ali.cc:105) Processed 4100 utterances; for utterance VIVOSSPK42_024 avg. like is -43.3116 over 576 frames.
WARNING (gmm-acc-stats-ali[5.5.929~1-9bca2]:main():gmm-acc-stats-ali.cc:79) No alignment for utterance VIVOSSPK42_052
WARNING (gmm-acc-stats-ali[5.5.929~1-9bca2]:main():gmm-acc-stats-ali.cc:79) No alignment for utterance VIVOSSPK42_065
WARNING (gmm-acc-stats-ali[5.5.929~1-9bca2]:main():gmm-acc-stats-ali.cc:79) No alignment for utterance VIVOSSPK42_066
WARNING (gmm-acc-stats-ali[5.5.929~1-9bca2]:main():gmm-acc-stats-ali.cc:79) No alignment for utterance VIVOSSPK42_067
WARNING (gmm-acc-stats-ali[5.5.929~1-9bca2]:main():gmm-acc-stats-ali.cc:79) No alignment for utterance VIVOSSPK42_068
WARNING (gmm-acc-stats-ali[5.5.929~1-9bca2]:main():gmm-acc-stats-ali.cc:79) No alignment for utterance VIVOSSPK42_069
LOG (gmm-acc-stats-ali[5.5.929~1-9bca2]:main():gmm-acc-stats-ali.cc:105) Processed 4150 utterances; for utterance VIVOSSPK42_080 avg. like is -49.7396 over 973 frames.
WARNING (gmm-acc-stats-ali[5.5.929~1-9bca2]:main():gmm-acc-stats-ali.cc:79) No alignment for utterance VIVOSSPK42_114
WARNING (gmm-acc-stats-ali[5.5.929~1-9bca2]:main():gmm-acc-stats-ali.cc:79) No alignment for utterance VIVOSSPK42_121
WARNING (gmm-acc-stats-ali[5.5.929~1-9bca2]:main():gmm-acc-stats-ali.cc:79) No alignment for utterance VIVOSSPK42_127
LOG (gmm-acc-stats-ali[5.5.929~1-9bca2]:main():gmm-acc-stats-ali.cc:105) Processed 4200 utterances; for utterance VIVOSSPK42_133 avg. like is -47.8616 over 392 frames.
WARNING (gmm-acc-stats-ali[5.5.929~1-9bca2]:main():gmm-acc-stats-ali.cc:79) No alignment for utterance VIVOSSPK42_162
WARNING (gmm-acc-stats-ali[5.5.929~1-9bca2]:main():gmm-acc-stats-ali.cc:79) No alignment for utterance VIVOSSPK42_165
WARNING (gmm-acc-stats-ali[5.5.929~1-9bca2]:main():gmm-acc-stats-ali.cc:79) No alignment for utterance VIVOSSPK42_174
LOG (gmm-acc-stats-ali[5.5.929~1-9bca2]:main():gmm-acc-stats-ali.cc:105) Processed 4250 utterances; for utterance VIVOSSPK42_186 avg. like is -47.7033 over 301 frames.
LOG (gmm-acc-stats-ali[5.5.929~1-9bca2]:main():gmm-acc-stats-ali.cc:105) Processed 4300 utterances; for utterance VIVOSSPK42_236 avg. like is -43.9294 over 348 frames.
WARNING (gmm-acc-stats-ali[5.5.929~1-9bca2]:main():gmm-acc-stats-ali.cc:79) No alignment for utterance VIVOSSPK42_240
WARNING (gmm-acc-stats-ali[5.5.929~1-9bca2]:main():gmm-acc-stats-ali.cc:79) No alignment for utterance VIVOSSPK42_241
WARNING (gmm-acc-stats-ali[5.5.929~1-9bca2]:main():gmm-acc-stats-ali.cc:79) No alignment for utterance VIVOSSPK42_243
WARNING (gmm-acc-stats-ali[5.5.929~1-9bca2]:main():gmm-acc-stats-ali.cc:79) No alignment for utterance VIVOSSPK42_245
WARNING (gmm-acc-stats-ali[5.5.929~1-9bca2]:main():gmm-acc-stats-ali.cc:79) No alignment for utterance VIVOSSPK42_246
WARNING (gmm-acc-stats-ali[5.5.929~1-9bca2]:main():gmm-acc-stats-ali.cc:79) No alignment for utterance VIVOSSPK42_247
WARNING (gmm-acc-stats-ali[5.5.929~1-9bca2]:main():gmm-acc-stats-ali.cc:79) No alignment for utterance VIVOSSPK42_258
LOG (gmm-acc-stats-ali[5.5.929~1-9bca2]:main():gmm-acc-stats-ali.cc:105) Processed 4350 utterances; for utterance VIVOSSPK42_293 avg. like is -43.5768 over 314 frames.
WARNING (gmm-acc-stats-ali[5.5.929~1-9bca2]:main():gmm-acc-stats-ali.cc:79) No alignment for utterance VIVOSSPK42_300
LOG (gmm-acc-stats-ali[5.5.929~1-9bca2]:main():gmm-acc-stats-ali.cc:105) Processed 4400 utterances; for utterance VIVOSSPK43_044 avg. like is -50.3135 over 292 frames.
WARNING (gmm-acc-stats-ali[5.5.929~1-9bca2]:main():gmm-acc-stats-ali.cc:79) No alignment for utterance VIVOSSPK43_066
LOG (gmm-acc-stats-ali[5.5.929~1-9bca2]:main():gmm-acc-stats-ali.cc:105) Processed 4450 utterances; for utterance VIVOSSPK43_095 avg. like is -51.1055 over 242 frames.
WARNING (gmm-acc-stats-ali[5.5.929~1-9bca2]:main():gmm-acc-stats-ali.cc:79) No alignment for utterance VIVOSSPK43_106
WARNING (gmm-acc-stats-ali[5.5.929~1-9bca2]:main():gmm-acc-stats-ali.cc:79) No alignment for utterance VIVOSSPK43_109
LOG (gmm-acc-stats-ali[5.5.929~1-9bca2]:main():gmm-acc-stats-ali.cc:105) Processed 4500 utterances; for utterance VIVOSSPK43_147 avg. like is -51.5474 over 310 frames.
LOG (gmm-acc-stats-ali[5.5.929~1-9bca2]:main():gmm-acc-stats-ali.cc:105) Processed 4550 utterances; for utterance VIVOSSPK43_197 avg. like is -47.5082 over 273 frames.
LOG (gmm-acc-stats-ali[5.5.929~1-9bca2]:main():gmm-acc-stats-ali.cc:105) Processed 4600 utterances; for utterance VIVOSSPK43_247 avg. like is -47.9277 over 332 frames.
LOG (gmm-acc-stats-ali[5.5.929~1-9bca2]:main():gmm-acc-stats-ali.cc:105) Processed 4650 utterances; for utterance VIVOSSPK43_297 avg. like is -52.6654 over 264 frames.
LOG (gmm-acc-stats-ali[5.5.929~1-9bca2]:main():gmm-acc-stats-ali.cc:105) Processed 4700 utterances; for utterance VIVOSSPK44_047 avg. like is -49.5622 over 429 frames.
WARNING (gmm-acc-stats-ali[5.5.929~1-9bca2]:main():gmm-acc-stats-ali.cc:79) No alignment for utterance VIVOSSPK44_063
LOG (gmm-acc-stats-ali[5.5.929~1-9bca2]:main():gmm-acc-stats-ali.cc:105) Processed 4750 utterances; for utterance VIVOSSPK44_098 avg. like is -49.8574 over 279 frames.
WARNING (gmm-acc-stats-ali[5.5.929~1-9bca2]:main():gmm-acc-stats-ali.cc:79) No alignment for utterance VIVOSSPK44_134
WARNING (gmm-acc-stats-ali[5.5.929~1-9bca2]:main():gmm-acc-stats-ali.cc:79) No alignment for utterance VIVOSSPK44_144
LOG (gmm-acc-stats-ali[5.5.929~1-9bca2]:main():gmm-acc-stats-ali.cc:105) Processed 4800 utterances; for utterance VIVOSSPK44_150 avg. like is -50.0114 over 264 frames.
WARNING (gmm-acc-stats-ali[5.5.929~1-9bca2]:main():gmm-acc-stats-ali.cc:79) No alignment for utterance VIVOSSPK44_183
LOG (gmm-acc-stats-ali[5.5.929~1-9bca2]:main():gmm-acc-stats-ali.cc:105) Processed 4850 utterances; for utterance VIVOSSPK44_201 avg. like is -51.801 over 304 frames.
WARNING (gmm-acc-stats-ali[5.5.929~1-9bca2]:main():gmm-acc-stats-ali.cc:79) No alignment for utterance VIVOSSPK44_213
WARNING (gmm-acc-stats-ali[5.5.929~1-9bca2]:main():gmm-acc-stats-ali.cc:79) No alignment for utterance VIVOSSPK44_221
LOG (gmm-acc-stats-ali[5.5.929~1-9bca2]:main():gmm-acc-stats-ali.cc:105) Processed 4900 utterances; for utterance VIVOSSPK44_253 avg. like is -48.6004 over 354 frames.
LOG (gmm-acc-stats-ali[5.5.929~1-9bca2]:main():gmm-acc-stats-ali.cc:105) Processed 4950 utterances; for utterance VIVOSSPK45_003 avg. like is -47.543 over 504 frames.
LOG (gmm-acc-stats-ali[5.5.929~1-9bca2]:main():gmm-acc-stats-ali.cc:105) Processed 5000 utterances; for utterance VIVOSSPK45_053 avg. like is -48.0447 over 404 frames.
LOG (gmm-acc-stats-ali[5.5.929~1-9bca2]:main():gmm-acc-stats-ali.cc:105) Processed 5050 utterances; for utterance VIVOSSPK45_103 avg. like is -50.5822 over 423 frames.
LOG (gmm-acc-stats-ali[5.5.929~1-9bca2]:main():gmm-acc-stats-ali.cc:105) Processed 5100 utterances; for utterance VIVOSSPK45_153 avg. like is -47.6844 over 342 frames.
LOG (gmm-acc-stats-ali[5.5.929~1-9bca2]:main():gmm-acc-stats-ali.cc:105) Processed 5150 utterances; for utterance VIVOSSPK45_203 avg. like is -48.1955 over 417 frames.
LOG (gmm-acc-stats-ali[5.5.929~1-9bca2]:main():gmm-acc-stats-ali.cc:105) Processed 5200 utterances; for utterance VIVOSSPK45_253 avg. like is -47.4271 over 385 frames.
LOG (gmm-acc-stats-ali[5.5.929~1-9bca2]:main():gmm-acc-stats-ali.cc:105) Processed 5250 utterances; for utterance VIVOSSPK46_003 avg. like is -46.2147 over 564 frames.
LOG (gmm-acc-stats-ali[5.5.929~1-9bca2]:main():gmm-acc-stats-ali.cc:105) Processed 5300 utterances; for utterance VIVOSSPK46_053 avg. like is -44.7981 over 564 frames.
LOG (gmm-acc-stats-ali[5.5.929~1-9bca2]:main():gmm-acc-stats-ali.cc:105) Processed 5350 utterances; for utterance VIVOSSPK46_103 avg. like is -47.1555 over 367 frames.
LOG (gmm-acc-stats-ali[5.5.929~1-9bca2]:main():gmm-acc-stats-ali.cc:105) Processed 5400 utterances; for utterance VIVOSSPK46_153 avg. like is -49.3834 over 420 frames.
LOG (gmm-acc-stats-ali[5.5.929~1-9bca2]:main():gmm-acc-stats-ali.cc:105) Processed 5450 utterances; for utterance VIVOSSPK46_203 avg. like is -47.4401 over 395 frames.
LOG (gmm-acc-stats-ali[5.5.929~1-9bca2]:main():gmm-acc-stats-ali.cc:105) Processed 5500 utterances; for utterance VIVOSSPK46_253 avg. like is -48.1685 over 417 frames.
WARNING (gmm-acc-stats-ali[5.5.929~1-9bca2]:main():gmm-acc-stats-ali.cc:79) No alignment for utterance VIVOSSPK46_288
LOG (gmm-acc-stats-ali[5.5.929~1-9bca2]:main():gmm-acc-stats-ali.cc:105) Processed 5550 utterances; for utterance XHUSTSPK01_R004 avg. like is -45.7016 over 301 frames.
LOG (gmm-acc-stats-ali[5.5.929~1-9bca2]:main():gmm-acc-stats-ali.cc:105) Processed 5600 utterances; for utterance XHUSTSPK01_R054 avg. like is -46.6293 over 268 frames.
LOG (gmm-acc-stats-ali[5.5.929~1-9bca2]:main():gmm-acc-stats-ali.cc:105) Processed 5650 utterances; for utterance XHUSTSPK01_R104 avg. like is -46.2679 over 379 frames.
LOG (gmm-acc-stats-ali[5.5.929~1-9bca2]:main():gmm-acc-stats-ali.cc:105) Processed 5700 utterances; for utterance XHUSTSPK01_R154 avg. like is -43.2384 over 435 frames.
LOG (gmm-acc-stats-ali[5.5.929~1-9bca2]:main():gmm-acc-stats-ali.cc:105) Processed 5750 utterances; for utterance XHUSTSPK01_R204 avg. like is -43.6723 over 341 frames.
LOG (gmm-acc-stats-ali[5.5.929~1-9bca2]:main():gmm-acc-stats-ali.cc:105) Processed 5800 utterances; for utterance XHUSTSPK02_R254 avg. like is -46.776 over 237 frames.
LOG (gmm-acc-stats-ali[5.5.929~1-9bca2]:main():gmm-acc-stats-ali.cc:105) Processed 5850 utterances; for utterance XHUSTSPK02_R304 avg. like is -42.9746 over 520 frames.
LOG (gmm-acc-stats-ali[5.5.929~1-9bca2]:main():gmm-acc-stats-ali.cc:105) Processed 5900 utterances; for utterance XHUSTSPK02_R354 avg. like is -43.9909 over 385 frames.
LOG (gmm-acc-stats-ali[5.5.929~1-9bca2]:main():gmm-acc-stats-ali.cc:105) Processed 5950 utterances; for utterance XHUSTSPK02_R404 avg. like is -42.7381 over 143 frames.
LOG (gmm-acc-stats-ali[5.5.929~1-9bca2]:main():gmm-acc-stats-ali.cc:105) Processed 6000 utterances; for utterance XHUSTSPK02_R454 avg. like is -48.0297 over 186 frames.
LOG (gmm-acc-stats-ali[5.5.929~1-9bca2]:main():gmm-acc-stats-ali.cc:105) Processed 6050 utterances; for utterance XHUSTSPK03_R504 avg. like is -44.8598 over 173 frames.
LOG (gmm-acc-stats-ali[5.5.929~1-9bca2]:main():gmm-acc-stats-ali.cc:105) Processed 6100 utterances; for utterance XHUSTSPK03_R554 avg. like is -40.7899 over 201 frames.
LOG (gmm-acc-stats-ali[5.5.929~1-9bca2]:main():gmm-acc-stats-ali.cc:105) Processed 6150 utterances; for utterance XHUSTSPK03_R604 avg. like is -47.4929 over 477 frames.
LOG (gmm-acc-stats-ali[5.5.929~1-9bca2]:main():gmm-acc-stats-ali.cc:105) Processed 6200 utterances; for utterance XHUSTSPK03_R654 avg. like is -46.1842 over 232 frames.
LOG (gmm-acc-stats-ali[5.5.929~1-9bca2]:main():gmm-acc-stats-ali.cc:105) Processed 6250 utterances; for utterance XHUSTSPK03_R704 avg. like is -44.9832 over 460 frames.
LOG (gmm-acc-stats-ali[5.5.929~1-9bca2]:main():gmm-acc-stats-ali.cc:105) Processed 6300 utterances; for utterance XHUSTSPK04_R754 avg. like is -47.5603 over 620 frames.
LOG (gmm-acc-stats-ali[5.5.929~1-9bca2]:main():gmm-acc-stats-ali.cc:105) Processed 6350 utterances; for utterance XHUSTSPK04_R804 avg. like is -47.9741 over 352 frames.
LOG (gmm-acc-stats-ali[5.5.929~1-9bca2]:main():gmm-acc-stats-ali.cc:105) Processed 6400 utterances; for utterance XHUSTSPK04_R854 avg. like is -42.0147 over 435 frames.
LOG (gmm-acc-stats-ali[5.5.929~1-9bca2]:main():gmm-acc-stats-ali.cc:105) Processed 6450 utterances; for utterance XHUSTSPK04_R904 avg. like is -46.6816 over 269 frames.
LOG (gmm-acc-stats-ali[5.5.929~1-9bca2]:main():gmm-acc-stats-ali.cc:105) Processed 6500 utterances; for utterance XHUSTSPK04_R954 avg. like is -45.4283 over 396 frames.
LOG (apply-cmvn[5.5.929~1-9bca2]:main():apply-cmvn.cc:162) Applied cepstral mean normalization to 6660 utterances, errors on 0
LOG (transform-feats[5.5.929~1-9bca2]:main():transform-feats.cc:158) Overall average [pseudo-]logdet is -94.5228 over 3.70676e+06 frames.
LOG (transform-feats[5.5.929~1-9bca2]:main():transform-feats.cc:161) Applied transform to 6660 utterances; 0 had errors.
LOG (transform-feats[5.5.929~1-9bca2]:main():transform-feats.cc:158) Overall average logdet is 5.35069 over 3.70676e+06 frames.
LOG (transform-feats[5.5.929~1-9bca2]:main():transform-feats.cc:161) Applied transform to 6660 utterances; 0 had errors.
LOG (gmm-acc-stats-ali[5.5.929~1-9bca2]:main():gmm-acc-stats-ali.cc:112) Done 6546 files, 114 with errors.
LOG (gmm-acc-stats-ali[5.5.929~1-9bca2]:main():gmm-acc-stats-ali.cc:115) Overall avg like per frame (Gaussian only) = -45.8306 over 3661991 frames.
LOG (gmm-acc-stats-ali[5.5.929~1-9bca2]:main():gmm-acc-stats-ali.cc:123) Written accs.
# Accounting: time=22 threads=1
# Ended (code 0) at Fri Aug 13 03:45:01 +07 2021, elapsed time 22 seconds
