# gmm-acc-stats-ali exp/tri3/28.mdl "ark,s,cs:apply-cmvn  --utt2spk=ark:./data/train/split4/3/utt2spk scp:./data/train/split4/3/cmvn.scp scp:./data/train/split4/3/feats.scp ark:- | splice-feats --left-context=3 --right-context=3 ark:- ark:- | transform-feats ./exp/tri2b_ali/final.mat ark:- ark:- | transform-feats --utt2spk=ark:./data/train/split4/3/utt2spk ark:exp/tri3/trans.3 ark:- ark:- |" "ark,s,cs:gunzip -c exp/tri3/ali.3.gz|" exp/tri3/28.3.acc 
# Started at Fri Aug 13 03:41:26 +07 2021
#
gmm-acc-stats-ali exp/tri3/28.mdl 'ark,s,cs:apply-cmvn  --utt2spk=ark:./data/train/split4/3/utt2spk scp:./data/train/split4/3/cmvn.scp scp:./data/train/split4/3/feats.scp ark:- | splice-feats --left-context=3 --right-context=3 ark:- ark:- | transform-feats ./exp/tri2b_ali/final.mat ark:- ark:- | transform-feats --utt2spk=ark:./data/train/split4/3/utt2spk ark:exp/tri3/trans.3 ark:- ark:- |' 'ark,s,cs:gunzip -c exp/tri3/ali.3.gz|' exp/tri3/28.3.acc 
transform-feats ./exp/tri2b_ali/final.mat ark:- ark:- 
apply-cmvn --utt2spk=ark:./data/train/split4/3/utt2spk scp:./data/train/split4/3/cmvn.scp scp:./data/train/split4/3/feats.scp ark:- 
transform-feats --utt2spk=ark:./data/train/split4/3/utt2spk ark:exp/tri3/trans.3 ark:- ark:- 
splice-feats --left-context=3 --right-context=3 ark:- ark:- 
WARNING (gmm-acc-stats-ali[5.5.929~1-9bca2]:main():gmm-acc-stats-ali.cc:79) No alignment for utterance 1/4/14021
LOG (gmm-acc-stats-ali[5.5.929~1-9bca2]:main():gmm-acc-stats-ali.cc:105) Processed 50 utterances; for utterance 1/4/14050 avg. like is -43.6168 over 537 frames.
LOG (gmm-acc-stats-ali[5.5.929~1-9bca2]:main():gmm-acc-stats-ali.cc:105) Processed 100 utterances; for utterance 1/4/14100 avg. like is -43.8681 over 964 frames.
LOG (gmm-acc-stats-ali[5.5.929~1-9bca2]:main():gmm-acc-stats-ali.cc:105) Processed 150 utterances; for utterance 1/4/14150 avg. like is -43.4162 over 639 frames.
LOG (gmm-acc-stats-ali[5.5.929~1-9bca2]:main():gmm-acc-stats-ali.cc:105) Processed 200 utterances; for utterance 1/4/14200 avg. like is -43.9329 over 899 frames.
LOG (gmm-acc-stats-ali[5.5.929~1-9bca2]:main():gmm-acc-stats-ali.cc:105) Processed 250 utterances; for utterance 1/4/14250 avg. like is -43.7684 over 750 frames.
LOG (gmm-acc-stats-ali[5.5.929~1-9bca2]:main():gmm-acc-stats-ali.cc:105) Processed 300 utterances; for utterance 1/4/14300 avg. like is -45.5684 over 964 frames.
LOG (gmm-acc-stats-ali[5.5.929~1-9bca2]:main():gmm-acc-stats-ali.cc:105) Processed 350 utterances; for utterance 1/4/14350 avg. like is -46.1947 over 518 frames.
LOG (gmm-acc-stats-ali[5.5.929~1-9bca2]:main():gmm-acc-stats-ali.cc:105) Processed 400 utterances; for utterance 1/4/14400 avg. like is -45.8544 over 630 frames.
LOG (gmm-acc-stats-ali[5.5.929~1-9bca2]:main():gmm-acc-stats-ali.cc:105) Processed 450 utterances; for utterance 1/4/14450 avg. like is -46.8935 over 509 frames.
LOG (gmm-acc-stats-ali[5.5.929~1-9bca2]:main():gmm-acc-stats-ali.cc:105) Processed 500 utterances; for utterance 1/4/14500 avg. like is -46.5996 over 676 frames.
LOG (gmm-acc-stats-ali[5.5.929~1-9bca2]:main():gmm-acc-stats-ali.cc:105) Processed 550 utterances; for utterance 1/4/14550 avg. like is -44.4001 over 416 frames.
LOG (gmm-acc-stats-ali[5.5.929~1-9bca2]:main():gmm-acc-stats-ali.cc:105) Processed 600 utterances; for utterance 1/4/14600 avg. like is -45.6646 over 843 frames.
LOG (gmm-acc-stats-ali[5.5.929~1-9bca2]:main():gmm-acc-stats-ali.cc:105) Processed 650 utterances; for utterance 1/4/14650 avg. like is -40.7439 over 360 frames.
LOG (gmm-acc-stats-ali[5.5.929~1-9bca2]:main():gmm-acc-stats-ali.cc:105) Processed 700 utterances; for utterance 1/4/14700 avg. like is -50.8904 over 565 frames.
LOG (gmm-acc-stats-ali[5.5.929~1-9bca2]:main():gmm-acc-stats-ali.cc:105) Processed 750 utterances; for utterance 1/4/14750 avg. like is -44.7584 over 435 frames.
LOG (gmm-acc-stats-ali[5.5.929~1-9bca2]:main():gmm-acc-stats-ali.cc:105) Processed 800 utterances; for utterance 1/4/14800 avg. like is -48.8261 over 370 frames.
LOG (gmm-acc-stats-ali[5.5.929~1-9bca2]:main():gmm-acc-stats-ali.cc:105) Processed 850 utterances; for utterance 1/4/14850 avg. like is -45.4972 over 657 frames.
LOG (gmm-acc-stats-ali[5.5.929~1-9bca2]:main():gmm-acc-stats-ali.cc:105) Processed 900 utterances; for utterance 1/4/14900 avg. like is -42.8176 over 592 frames.
LOG (gmm-acc-stats-ali[5.5.929~1-9bca2]:main():gmm-acc-stats-ali.cc:105) Processed 950 utterances; for utterance VIVOSSPK01_R016 avg. like is -42.1363 over 386 frames.
LOG (gmm-acc-stats-ali[5.5.929~1-9bca2]:main():gmm-acc-stats-ali.cc:105) Processed 1000 utterances; for utterance VIVOSSPK01_R066 avg. like is -45.1186 over 467 frames.
LOG (gmm-acc-stats-ali[5.5.929~1-9bca2]:main():gmm-acc-stats-ali.cc:105) Processed 1050 utterances; for utterance VIVOSSPK01_R116 avg. like is -41.5332 over 270 frames.
LOG (gmm-acc-stats-ali[5.5.929~1-9bca2]:main():gmm-acc-stats-ali.cc:105) Processed 1100 utterances; for utterance VIVOSSPK01_R166 avg. like is -46.9139 over 489 frames.
LOG (gmm-acc-stats-ali[5.5.929~1-9bca2]:main():gmm-acc-stats-ali.cc:105) Processed 1150 utterances; for utterance VIVOSSPK01_T016 avg. like is -42.5354 over 329 frames.
LOG (gmm-acc-stats-ali[5.5.929~1-9bca2]:main():gmm-acc-stats-ali.cc:105) Processed 1200 utterances; for utterance VIVOSSPK02_R016 avg. like is -46.8563 over 517 frames.
LOG (gmm-acc-stats-ali[5.5.929~1-9bca2]:main():gmm-acc-stats-ali.cc:105) Processed 1250 utterances; for utterance VIVOSSPK02_R066 avg. like is -43.8824 over 404 frames.
LOG (gmm-acc-stats-ali[5.5.929~1-9bca2]:main():gmm-acc-stats-ali.cc:105) Processed 1300 utterances; for utterance VIVOSSPK02_R116 avg. like is -45.2614 over 336 frames.
LOG (gmm-acc-stats-ali[5.5.929~1-9bca2]:main():gmm-acc-stats-ali.cc:105) Processed 1350 utterances; for utterance VIVOSSPK02_R166 avg. like is -41.5765 over 292 frames.
LOG (gmm-acc-stats-ali[5.5.929~1-9bca2]:main():gmm-acc-stats-ali.cc:105) Processed 1400 utterances; for utterance VIVOSSPK02_T016 avg. like is -41.7705 over 236 frames.
LOG (gmm-acc-stats-ali[5.5.929~1-9bca2]:main():gmm-acc-stats-ali.cc:105) Processed 1450 utterances; for utterance VIVOSSPK03_R016 avg. like is -44.3764 over 479 frames.
LOG (gmm-acc-stats-ali[5.5.929~1-9bca2]:main():gmm-acc-stats-ali.cc:105) Processed 1500 utterances; for utterance VIVOSSPK03_R066 avg. like is -42.9339 over 304 frames.
LOG (gmm-acc-stats-ali[5.5.929~1-9bca2]:main():gmm-acc-stats-ali.cc:105) Processed 1550 utterances; for utterance VIVOSSPK03_R116 avg. like is -42.7289 over 336 frames.
LOG (gmm-acc-stats-ali[5.5.929~1-9bca2]:main():gmm-acc-stats-ali.cc:105) Processed 1600 utterances; for utterance VIVOSSPK03_R166 avg. like is -43.6632 over 229 frames.
LOG (gmm-acc-stats-ali[5.5.929~1-9bca2]:main():gmm-acc-stats-ali.cc:105) Processed 1650 utterances; for utterance VIVOSSPK03_T016 avg. like is -44.4255 over 317 frames.
LOG (gmm-acc-stats-ali[5.5.929~1-9bca2]:main():gmm-acc-stats-ali.cc:105) Processed 1700 utterances; for utterance VIVOSSPK04_R016 avg. like is -46.966 over 423 frames.
LOG (gmm-acc-stats-ali[5.5.929~1-9bca2]:main():gmm-acc-stats-ali.cc:105) Processed 1750 utterances; for utterance VIVOSSPK04_R066 avg. like is -44.9367 over 223 frames.
LOG (gmm-acc-stats-ali[5.5.929~1-9bca2]:main():gmm-acc-stats-ali.cc:105) Processed 1800 utterances; for utterance VIVOSSPK04_R116 avg. like is -47.5545 over 342 frames.
LOG (gmm-acc-stats-ali[5.5.929~1-9bca2]:main():gmm-acc-stats-ali.cc:105) Processed 1850 utterances; for utterance VIVOSSPK04_R166 avg. like is -50.8361 over 236 frames.
LOG (gmm-acc-stats-ali[5.5.929~1-9bca2]:main():gmm-acc-stats-ali.cc:105) Processed 1900 utterances; for utterance VIVOSSPK04_T016 avg. like is -43.4705 over 267 frames.
LOG (gmm-acc-stats-ali[5.5.929~1-9bca2]:main():gmm-acc-stats-ali.cc:105) Processed 1950 utterances; for utterance VIVOSSPK05_R016 avg. like is -46.2495 over 379 frames.
LOG (gmm-acc-stats-ali[5.5.929~1-9bca2]:main():gmm-acc-stats-ali.cc:105) Processed 2000 utterances; for utterance VIVOSSPK05_R066 avg. like is -41.9116 over 236 frames.
LOG (gmm-acc-stats-ali[5.5.929~1-9bca2]:main():gmm-acc-stats-ali.cc:105) Processed 2050 utterances; for utterance VIVOSSPK05_R116 avg. like is -46.8639 over 298 frames.
LOG (gmm-acc-stats-ali[5.5.929~1-9bca2]:main():gmm-acc-stats-ali.cc:105) Processed 2100 utterances; for utterance VIVOSSPK05_R166 avg. like is -43.9705 over 454 frames.
LOG (gmm-acc-stats-ali[5.5.929~1-9bca2]:main():gmm-acc-stats-ali.cc:105) Processed 2150 utterances; for utterance VIVOSSPK05_T016 avg. like is -37.9834 over 276 frames.
LOG (gmm-acc-stats-ali[5.5.929~1-9bca2]:main():gmm-acc-stats-ali.cc:105) Processed 2200 utterances; for utterance VIVOSSPK06_R016 avg. like is -41.9118 over 386 frames.
LOG (gmm-acc-stats-ali[5.5.929~1-9bca2]:main():gmm-acc-stats-ali.cc:105) Processed 2250 utterances; for utterance VIVOSSPK06_R066 avg. like is -40.935 over 304 frames.
LOG (gmm-acc-stats-ali[5.5.929~1-9bca2]:main():gmm-acc-stats-ali.cc:105) Processed 2300 utterances; for utterance VIVOSSPK06_R116 avg. like is -41.9954 over 336 frames.
LOG (gmm-acc-stats-ali[5.5.929~1-9bca2]:main():gmm-acc-stats-ali.cc:105) Processed 2350 utterances; for utterance VIVOSSPK06_R166 avg. like is -43.4506 over 223 frames.
LOG (gmm-acc-stats-ali[5.5.929~1-9bca2]:main():gmm-acc-stats-ali.cc:105) Processed 2400 utterances; for utterance VIVOSSPK06_T016 avg. like is -39.8085 over 270 frames.
LOG (gmm-acc-stats-ali[5.5.929~1-9bca2]:main():gmm-acc-stats-ali.cc:105) Processed 2450 utterances; for utterance VIVOSSPK07_R016 avg. like is -41.2293 over 254 frames.
LOG (gmm-acc-stats-ali[5.5.929~1-9bca2]:main():gmm-acc-stats-ali.cc:105) Processed 2500 utterances; for utterance VIVOSSPK07_R066 avg. like is -41.654 over 586 frames.
LOG (gmm-acc-stats-ali[5.5.929~1-9bca2]:main():gmm-acc-stats-ali.cc:105) Processed 2550 utterances; for utterance VIVOSSPK07_R116 avg. like is -35.8204 over 354 frames.
LOG (gmm-acc-stats-ali[5.5.929~1-9bca2]:main():gmm-acc-stats-ali.cc:105) Processed 2600 utterances; for utterance VIVOSSPK07_R166 avg. like is -37.3982 over 204 frames.
LOG (gmm-acc-stats-ali[5.5.929~1-9bca2]:main():gmm-acc-stats-ali.cc:105) Processed 2650 utterances; for utterance VIVOSSPK07_T016 avg. like is -37.1102 over 429 frames.
LOG (gmm-acc-stats-ali[5.5.929~1-9bca2]:main():gmm-acc-stats-ali.cc:105) Processed 2700 utterances; for utterance VIVOSSPK08_R016 avg. like is -45.7634 over 357 frames.
LOG (gmm-acc-stats-ali[5.5.929~1-9bca2]:main():gmm-acc-stats-ali.cc:105) Processed 2750 utterances; for utterance VIVOSSPK08_R066 avg. like is -48.934 over 282 frames.
LOG (gmm-acc-stats-ali[5.5.929~1-9bca2]:main():gmm-acc-stats-ali.cc:105) Processed 2800 utterances; for utterance VIVOSSPK08_R116 avg. like is -44.9551 over 348 frames.
LOG (gmm-acc-stats-ali[5.5.929~1-9bca2]:main():gmm-acc-stats-ali.cc:105) Processed 2850 utterances; for utterance VIVOSSPK08_R166 avg. like is -44.9921 over 323 frames.
LOG (gmm-acc-stats-ali[5.5.929~1-9bca2]:main():gmm-acc-stats-ali.cc:105) Processed 2900 utterances; for utterance VIVOSSPK08_T016 avg. like is -45.0526 over 439 frames.
LOG (gmm-acc-stats-ali[5.5.929~1-9bca2]:main():gmm-acc-stats-ali.cc:105) Processed 2950 utterances; for utterance VIVOSSPK09_R016 avg. like is -42.8759 over 354 frames.
LOG (gmm-acc-stats-ali[5.5.929~1-9bca2]:main():gmm-acc-stats-ali.cc:105) Processed 3000 utterances; for utterance VIVOSSPK09_R066 avg. like is -44.1731 over 392 frames.
LOG (gmm-acc-stats-ali[5.5.929~1-9bca2]:main():gmm-acc-stats-ali.cc:105) Processed 3050 utterances; for utterance VIVOSSPK09_R116 avg. like is -49.1973 over 648 frames.
LOG (gmm-acc-stats-ali[5.5.929~1-9bca2]:main():gmm-acc-stats-ali.cc:105) Processed 3100 utterances; for utterance VIVOSSPK09_R166 avg. like is -46.0605 over 357 frames.
LOG (gmm-acc-stats-ali[5.5.929~1-9bca2]:main():gmm-acc-stats-ali.cc:105) Processed 3150 utterances; for utterance VIVOSSPK09_T016 avg. like is -44.5032 over 320 frames.
LOG (gmm-acc-stats-ali[5.5.929~1-9bca2]:main():gmm-acc-stats-ali.cc:105) Processed 3200 utterances; for utterance VIVOSSPK10_R016 avg. like is -38.7923 over 242 frames.
LOG (gmm-acc-stats-ali[5.5.929~1-9bca2]:main():gmm-acc-stats-ali.cc:105) Processed 3250 utterances; for utterance VIVOSSPK10_R066 avg. like is -42.2627 over 223 frames.
LOG (gmm-acc-stats-ali[5.5.929~1-9bca2]:main():gmm-acc-stats-ali.cc:105) Processed 3300 utterances; for utterance VIVOSSPK10_R116 avg. like is -49.9976 over 282 frames.
LOG (gmm-acc-stats-ali[5.5.929~1-9bca2]:main():gmm-acc-stats-ali.cc:105) Processed 3350 utterances; for utterance VIVOSSPK10_R166 avg. like is -43.9338 over 429 frames.
LOG (gmm-acc-stats-ali[5.5.929~1-9bca2]:main():gmm-acc-stats-ali.cc:105) Processed 3400 utterances; for utterance VIVOSSPK10_T016 avg. like is -39.8172 over 454 frames.
LOG (gmm-acc-stats-ali[5.5.929~1-9bca2]:main():gmm-acc-stats-ali.cc:105) Processed 3450 utterances; for utterance VIVOSSPK11_R016 avg. like is -40.7244 over 523 frames.
LOG (gmm-acc-stats-ali[5.5.929~1-9bca2]:main():gmm-acc-stats-ali.cc:105) Processed 3500 utterances; for utterance VIVOSSPK11_R066 avg. like is -42.9963 over 454 frames.
LOG (gmm-acc-stats-ali[5.5.929~1-9bca2]:main():gmm-acc-stats-ali.cc:105) Processed 3550 utterances; for utterance VIVOSSPK11_R116 avg. like is -45.0426 over 311 frames.
LOG (gmm-acc-stats-ali[5.5.929~1-9bca2]:main():gmm-acc-stats-ali.cc:105) Processed 3600 utterances; for utterance VIVOSSPK11_R166 avg. like is -43.1666 over 317 frames.
LOG (gmm-acc-stats-ali[5.5.929~1-9bca2]:main():gmm-acc-stats-ali.cc:105) Processed 3650 utterances; for utterance VIVOSSPK11_T016 avg. like is -44.8078 over 489 frames.
LOG (gmm-acc-stats-ali[5.5.929~1-9bca2]:main():gmm-acc-stats-ali.cc:105) Processed 3700 utterances; for utterance VIVOSSPK12_R016 avg. like is -45.2264 over 411 frames.
LOG (gmm-acc-stats-ali[5.5.929~1-9bca2]:main():gmm-acc-stats-ali.cc:105) Processed 3750 utterances; for utterance VIVOSSPK12_R066 avg. like is -46.2299 over 379 frames.
LOG (gmm-acc-stats-ali[5.5.929~1-9bca2]:main():gmm-acc-stats-ali.cc:105) Processed 3800 utterances; for utterance VIVOSSPK12_R116 avg. like is -47.3073 over 204 frames.
LOG (gmm-acc-stats-ali[5.5.929~1-9bca2]:main():gmm-acc-stats-ali.cc:105) Processed 3850 utterances; for utterance VIVOSSPK12_R166 avg. like is -45.0222 over 311 frames.
LOG (gmm-acc-stats-ali[5.5.929~1-9bca2]:main():gmm-acc-stats-ali.cc:105) Processed 3900 utterances; for utterance VIVOSSPK12_T016 avg. like is -45.216 over 295 frames.
LOG (gmm-acc-stats-ali[5.5.929~1-9bca2]:main():gmm-acc-stats-ali.cc:105) Processed 3950 utterances; for utterance VIVOSSPK13_016 avg. like is -44.4106 over 473 frames.
LOG (gmm-acc-stats-ali[5.5.929~1-9bca2]:main():gmm-acc-stats-ali.cc:105) Processed 4000 utterances; for utterance VIVOSSPK13_066 avg. like is -41.1387 over 311 frames.
LOG (gmm-acc-stats-ali[5.5.929~1-9bca2]:main():gmm-acc-stats-ali.cc:105) Processed 4050 utterances; for utterance VIVOSSPK13_116 avg. like is -40.461 over 417 frames.
LOG (gmm-acc-stats-ali[5.5.929~1-9bca2]:main():gmm-acc-stats-ali.cc:105) Processed 4100 utterances; for utterance VIVOSSPK13_166 avg. like is -43.2207 over 201 frames.
LOG (gmm-acc-stats-ali[5.5.929~1-9bca2]:main():gmm-acc-stats-ali.cc:105) Processed 4150 utterances; for utterance VIVOSSPK13_216 avg. like is -39.0224 over 267 frames.
LOG (gmm-acc-stats-ali[5.5.929~1-9bca2]:main():gmm-acc-stats-ali.cc:105) Processed 4200 utterances; for utterance VIVOSSPK13_266 avg. like is -44.072 over 295 frames.
LOG (gmm-acc-stats-ali[5.5.929~1-9bca2]:main():gmm-acc-stats-ali.cc:105) Processed 4250 utterances; for utterance VIVOSSPK14_016 avg. like is -34.8292 over 236 frames.
LOG (gmm-acc-stats-ali[5.5.929~1-9bca2]:main():gmm-acc-stats-ali.cc:105) Processed 4300 utterances; for utterance VIVOSSPK14_066 avg. like is -43.7715 over 551 frames.
LOG (gmm-acc-stats-ali[5.5.929~1-9bca2]:main():gmm-acc-stats-ali.cc:105) Processed 4350 utterances; for utterance VIVOSSPK14_116 avg. like is -44.0427 over 311 frames.
LOG (gmm-acc-stats-ali[5.5.929~1-9bca2]:main():gmm-acc-stats-ali.cc:105) Processed 4400 utterances; for utterance VIVOSSPK14_166 avg. like is -37.7822 over 186 frames.
LOG (gmm-acc-stats-ali[5.5.929~1-9bca2]:main():gmm-acc-stats-ali.cc:105) Processed 4450 utterances; for utterance VIVOSSPK14_216 avg. like is -40.3254 over 236 frames.
LOG (gmm-acc-stats-ali[5.5.929~1-9bca2]:main():gmm-acc-stats-ali.cc:105) Processed 4500 utterances; for utterance VIVOSSPK14_266 avg. like is -39.5199 over 332 frames.
LOG (gmm-acc-stats-ali[5.5.929~1-9bca2]:main():gmm-acc-stats-ali.cc:105) Processed 4550 utterances; for utterance VIVOSSPK15_016 avg. like is -42.0898 over 236 frames.
LOG (gmm-acc-stats-ali[5.5.929~1-9bca2]:main():gmm-acc-stats-ali.cc:105) Processed 4600 utterances; for utterance VIVOSSPK15_066 avg. like is -46.1832 over 295 frames.
LOG (gmm-acc-stats-ali[5.5.929~1-9bca2]:main():gmm-acc-stats-ali.cc:105) Processed 4650 utterances; for utterance VIVOSSPK15_116 avg. like is -48.9964 over 279 frames.
LOG (gmm-acc-stats-ali[5.5.929~1-9bca2]:main():gmm-acc-stats-ali.cc:105) Processed 4700 utterances; for utterance VIVOSSPK15_166 avg. like is -48.0477 over 320 frames.
LOG (gmm-acc-stats-ali[5.5.929~1-9bca2]:main():gmm-acc-stats-ali.cc:105) Processed 4750 utterances; for utterance VIVOSSPK15_216 avg. like is -35.6902 over 323 frames.
LOG (gmm-acc-stats-ali[5.5.929~1-9bca2]:main():gmm-acc-stats-ali.cc:105) Processed 4800 utterances; for utterance VIVOSSPK15_266 avg. like is -45.349 over 311 frames.
LOG (gmm-acc-stats-ali[5.5.929~1-9bca2]:main():gmm-acc-stats-ali.cc:105) Processed 4850 utterances; for utterance VIVOSSPK16_016 avg. like is -47.63 over 279 frames.
LOG (gmm-acc-stats-ali[5.5.929~1-9bca2]:main():gmm-acc-stats-ali.cc:105) Processed 4900 utterances; for utterance VIVOSSPK16_066 avg. like is -50.5003 over 248 frames.
LOG (gmm-acc-stats-ali[5.5.929~1-9bca2]:main():gmm-acc-stats-ali.cc:105) Processed 4950 utterances; for utterance VIVOSSPK16_116 avg. like is -46.3569 over 211 frames.
WARNING (gmm-acc-stats-ali[5.5.929~1-9bca2]:main():gmm-acc-stats-ali.cc:79) No alignment for utterance VIVOSSPK16_139
LOG (gmm-acc-stats-ali[5.5.929~1-9bca2]:main():gmm-acc-stats-ali.cc:105) Processed 5000 utterances; for utterance VIVOSSPK16_167 avg. like is -51.4362 over 282 frames.
LOG (gmm-acc-stats-ali[5.5.929~1-9bca2]:main():gmm-acc-stats-ali.cc:105) Processed 5050 utterances; for utterance VIVOSSPK16_217 avg. like is -41.1743 over 173 frames.
WARNING (gmm-acc-stats-ali[5.5.929~1-9bca2]:main():gmm-acc-stats-ali.cc:79) No alignment for utterance VIVOSSPK16_265
LOG (gmm-acc-stats-ali[5.5.929~1-9bca2]:main():gmm-acc-stats-ali.cc:105) Processed 5100 utterances; for utterance VIVOSSPK16_268 avg. like is -45.2004 over 295 frames.
LOG (gmm-acc-stats-ali[5.5.929~1-9bca2]:main():gmm-acc-stats-ali.cc:105) Processed 5150 utterances; for utterance VIVOSSPK17_018 avg. like is -45.5693 over 373 frames.
LOG (gmm-acc-stats-ali[5.5.929~1-9bca2]:main():gmm-acc-stats-ali.cc:105) Processed 5200 utterances; for utterance VIVOSSPK17_068 avg. like is -47.9732 over 204 frames.
LOG (gmm-acc-stats-ali[5.5.929~1-9bca2]:main():gmm-acc-stats-ali.cc:105) Processed 5250 utterances; for utterance VIVOSSPK17_118 avg. like is -48.9237 over 273 frames.
LOG (gmm-acc-stats-ali[5.5.929~1-9bca2]:main():gmm-acc-stats-ali.cc:105) Processed 5300 utterances; for utterance VIVOSSPK17_168 avg. like is -50.3996 over 136 frames.
WARNING (gmm-acc-stats-ali[5.5.929~1-9bca2]:main():gmm-acc-stats-ali.cc:79) No alignment for utterance VIVOSSPK17_210
LOG (gmm-acc-stats-ali[5.5.929~1-9bca2]:main():gmm-acc-stats-ali.cc:105) Processed 5350 utterances; for utterance VIVOSSPK17_219 avg. like is -44.0704 over 167 frames.
LOG (gmm-acc-stats-ali[5.5.929~1-9bca2]:main():gmm-acc-stats-ali.cc:105) Processed 5400 utterances; for utterance VIVOSSPK17_269 avg. like is -46.8287 over 195 frames.
LOG (gmm-acc-stats-ali[5.5.929~1-9bca2]:main():gmm-acc-stats-ali.cc:105) Processed 5450 utterances; for utterance VIVOSSPK18_019 avg. like is -40.5126 over 329 frames.
LOG (gmm-acc-stats-ali[5.5.929~1-9bca2]:main():gmm-acc-stats-ali.cc:105) Processed 5500 utterances; for utterance VIVOSSPK18_069 avg. like is -47.3431 over 345 frames.
LOG (gmm-acc-stats-ali[5.5.929~1-9bca2]:main():gmm-acc-stats-ali.cc:105) Processed 5550 utterances; for utterance VIVOSSPK18_119 avg. like is -43.4529 over 273 frames.
LOG (gmm-acc-stats-ali[5.5.929~1-9bca2]:main():gmm-acc-stats-ali.cc:105) Processed 5600 utterances; for utterance VIVOSSPK18_169 avg. like is -42.8983 over 264 frames.
LOG (gmm-acc-stats-ali[5.5.929~1-9bca2]:main():gmm-acc-stats-ali.cc:105) Processed 5650 utterances; for utterance VIVOSSPK18_219 avg. like is -42.7709 over 198 frames.
LOG (gmm-acc-stats-ali[5.5.929~1-9bca2]:main():gmm-acc-stats-ali.cc:105) Processed 5700 utterances; for utterance VIVOSSPK18_269 avg. like is -44.0411 over 229 frames.
LOG (gmm-acc-stats-ali[5.5.929~1-9bca2]:main():gmm-acc-stats-ali.cc:105) Processed 5750 utterances; for utterance VIVOSSPK19_019 avg. like is -45.0035 over 461 frames.
LOG (gmm-acc-stats-ali[5.5.929~1-9bca2]:main():gmm-acc-stats-ali.cc:105) Processed 5800 utterances; for utterance VIVOSSPK19_069 avg. like is -43.0096 over 195 frames.
LOG (gmm-acc-stats-ali[5.5.929~1-9bca2]:main():gmm-acc-stats-ali.cc:105) Processed 5850 utterances; for utterance VIVOSSPK19_119 avg. like is -34.4481 over 207 frames.
LOG (gmm-acc-stats-ali[5.5.929~1-9bca2]:main():gmm-acc-stats-ali.cc:105) Processed 5900 utterances; for utterance VIVOSSPK19_169 avg. like is -43.9409 over 379 frames.
LOG (gmm-acc-stats-ali[5.5.929~1-9bca2]:main():gmm-acc-stats-ali.cc:105) Processed 5950 utterances; for utterance VIVOSSPK19_219 avg. like is -45.0161 over 289 frames.
LOG (gmm-acc-stats-ali[5.5.929~1-9bca2]:main():gmm-acc-stats-ali.cc:105) Processed 6000 utterances; for utterance VIVOSSPK19_269 avg. like is -43.0584 over 379 frames.
LOG (gmm-acc-stats-ali[5.5.929~1-9bca2]:main():gmm-acc-stats-ali.cc:105) Processed 6050 utterances; for utterance VIVOSSPK20_019 avg. like is -53.3179 over 186 frames.
LOG (gmm-acc-stats-ali[5.5.929~1-9bca2]:main():gmm-acc-stats-ali.cc:105) Processed 6100 utterances; for utterance VIVOSSPK20_069 avg. like is -49.6159 over 273 frames.
LOG (gmm-acc-stats-ali[5.5.929~1-9bca2]:main():gmm-acc-stats-ali.cc:105) Processed 6150 utterances; for utterance VIVOSSPK20_119 avg. like is -50.2475 over 301 frames.
LOG (gmm-acc-stats-ali[5.5.929~1-9bca2]:main():gmm-acc-stats-ali.cc:105) Processed 6200 utterances; for utterance VIVOSSPK20_169 avg. like is -45.651 over 329 frames.
LOG (gmm-acc-stats-ali[5.5.929~1-9bca2]:main():gmm-acc-stats-ali.cc:105) Processed 6250 utterances; for utterance VIVOSSPK20_219 avg. like is -45.4138 over 186 frames.
LOG (gmm-acc-stats-ali[5.5.929~1-9bca2]:main():gmm-acc-stats-ali.cc:105) Processed 6300 utterances; for utterance VIVOSSPK20_269 avg. like is -43.8739 over 267 frames.
LOG (gmm-acc-stats-ali[5.5.929~1-9bca2]:main():gmm-acc-stats-ali.cc:105) Processed 6350 utterances; for utterance VIVOSSPK21_019 avg. like is -45.7265 over 436 frames.
LOG (gmm-acc-stats-ali[5.5.929~1-9bca2]:main():gmm-acc-stats-ali.cc:105) Processed 6400 utterances; for utterance VIVOSSPK21_069 avg. like is -51.3286 over 329 frames.
LOG (gmm-acc-stats-ali[5.5.929~1-9bca2]:main():gmm-acc-stats-ali.cc:105) Processed 6450 utterances; for utterance VIVOSSPK21_119 avg. like is -43.004 over 311 frames.
WARNING (gmm-acc-stats-ali[5.5.929~1-9bca2]:main():gmm-acc-stats-ali.cc:79) No alignment for utterance VIVOSSPK21_132
LOG (gmm-acc-stats-ali[5.5.929~1-9bca2]:main():gmm-acc-stats-ali.cc:105) Processed 6500 utterances; for utterance VIVOSSPK21_170 avg. like is -42.2293 over 501 frames.
LOG (gmm-acc-stats-ali[5.5.929~1-9bca2]:main():gmm-acc-stats-ali.cc:105) Processed 6550 utterances; for utterance VIVOSSPK21_220 avg. like is -42.9858 over 279 frames.
LOG (gmm-acc-stats-ali[5.5.929~1-9bca2]:main():gmm-acc-stats-ali.cc:105) Processed 6600 utterances; for utterance VIVOSSPK21_270 avg. like is -43.3275 over 382 frames.
LOG (gmm-acc-stats-ali[5.5.929~1-9bca2]:main():gmm-acc-stats-ali.cc:105) Processed 6650 utterances; for utterance VIVOSSPK22_020 avg. like is -46.526 over 395 frames.
WARNING (gmm-acc-stats-ali[5.5.929~1-9bca2]:main():gmm-acc-stats-ali.cc:79) No alignment for utterance VIVOSSPK22_047
LOG (gmm-acc-stats-ali[5.5.929~1-9bca2]:main():gmm-acc-stats-ali.cc:105) Processed 6700 utterances; for utterance VIVOSSPK22_071 avg. like is -46.9497 over 354 frames.
LOG (gmm-acc-stats-ali[5.5.929~1-9bca2]:main():gmm-acc-stats-ali.cc:105) Processed 6750 utterances; for utterance VIVOSSPK22_121 avg. like is -42.9704 over 292 frames.
WARNING (gmm-acc-stats-ali[5.5.929~1-9bca2]:main():gmm-acc-stats-ali.cc:79) No alignment for utterance VIVOSSPK22_161
LOG (gmm-acc-stats-ali[5.5.929~1-9bca2]:main():gmm-acc-stats-ali.cc:105) Processed 6800 utterances; for utterance VIVOSSPK22_172 avg. like is -44.4706 over 282 frames.
LOG (gmm-acc-stats-ali[5.5.929~1-9bca2]:main():gmm-acc-stats-ali.cc:105) Processed 6850 utterances; for utterance VIVOSSPK22_222 avg. like is -36.5886 over 261 frames.
LOG (gmm-acc-stats-ali[5.5.929~1-9bca2]:main():gmm-acc-stats-ali.cc:105) Processed 6900 utterances; for utterance VIVOSSPK22_272 avg. like is -38.5677 over 326 frames.
LOG (apply-cmvn[5.5.929~1-9bca2]:main():apply-cmvn.cc:162) Applied cepstral mean normalization to 6935 utterances, errors on 0
LOG (transform-feats[5.5.929~1-9bca2]:main():transform-feats.cc:158) Overall average [pseudo-]logdet is -94.5228 over 2.57081e+06 frames.
LOG (transform-feats[5.5.929~1-9bca2]:main():transform-feats.cc:161) Applied transform to 6935 utterances; 0 had errors.
LOG (transform-feats[5.5.929~1-9bca2]:main():transform-feats.cc:158) Overall average logdet is 5.47808 over 2.57081e+06 frames.
LOG (transform-feats[5.5.929~1-9bca2]:main():transform-feats.cc:161) Applied transform to 6935 utterances; 0 had errors.
LOG (gmm-acc-stats-ali[5.5.929~1-9bca2]:main():gmm-acc-stats-ali.cc:112) Done 6928 files, 7 with errors.
LOG (gmm-acc-stats-ali[5.5.929~1-9bca2]:main():gmm-acc-stats-ali.cc:115) Overall avg like per frame (Gaussian only) = -44.2488 over 2568577 frames.
LOG (gmm-acc-stats-ali[5.5.929~1-9bca2]:main():gmm-acc-stats-ali.cc:123) Written accs.
# Accounting: time=19 threads=1
# Ended (code 0) at Fri Aug 13 03:41:45 +07 2021, elapsed time 19 seconds
