# acc-tree-stats --ci-phones=1 ./exp/tri2b_ali/final.mdl "ark,s,cs:apply-cmvn  --utt2spk=ark:./data/train/split4/3/utt2spk scp:./data/train/split4/3/cmvn.scp scp:./data/train/split4/3/feats.scp ark:- | splice-feats --left-context=3 --right-context=3 ark:- ark:- | transform-feats ./exp/tri2b_ali/final.mat ark:- ark:- | transform-feats --utt2spk=ark:./data/train/split4/3/utt2spk ark,s,cs:./exp/tri2b_ali/trans.3 ark:- ark:- |" "ark:gunzip -c ./exp/tri2b_ali/ali.3.gz|" exp/tri3/3.treeacc 
# Started at Fri Aug 13 03:20:37 +07 2021
#
acc-tree-stats --ci-phones=1 ./exp/tri2b_ali/final.mdl 'ark,s,cs:apply-cmvn  --utt2spk=ark:./data/train/split4/3/utt2spk scp:./data/train/split4/3/cmvn.scp scp:./data/train/split4/3/feats.scp ark:- | splice-feats --left-context=3 --right-context=3 ark:- ark:- | transform-feats ./exp/tri2b_ali/final.mat ark:- ark:- | transform-feats --utt2spk=ark:./data/train/split4/3/utt2spk ark,s,cs:./exp/tri2b_ali/trans.3 ark:- ark:- |' 'ark:gunzip -c ./exp/tri2b_ali/ali.3.gz|' exp/tri3/3.treeacc 
transform-feats --utt2spk=ark:./data/train/split4/3/utt2spk ark,s,cs:./exp/tri2b_ali/trans.3 ark:- ark:- 
apply-cmvn --utt2spk=ark:./data/train/split4/3/utt2spk scp:./data/train/split4/3/cmvn.scp scp:./data/train/split4/3/feats.scp ark:- 
transform-feats ./exp/tri2b_ali/final.mat ark:- ark:- 
splice-feats --left-context=3 --right-context=3 ark:- ark:- 
LOG (acc-tree-stats[5.5.929~1-9bca2]:main():acc-tree-stats.cc:101) Processed 1000 utterances.
LOG (acc-tree-stats[5.5.929~1-9bca2]:main():acc-tree-stats.cc:101) Processed 2000 utterances.
LOG (acc-tree-stats[5.5.929~1-9bca2]:main():acc-tree-stats.cc:101) Processed 3000 utterances.
LOG (acc-tree-stats[5.5.929~1-9bca2]:main():acc-tree-stats.cc:101) Processed 4000 utterances.
LOG (acc-tree-stats[5.5.929~1-9bca2]:main():acc-tree-stats.cc:101) Processed 5000 utterances.
LOG (acc-tree-stats[5.5.929~1-9bca2]:main():acc-tree-stats.cc:101) Processed 6000 utterances.
LOG (apply-cmvn[5.5.929~1-9bca2]:main():apply-cmvn.cc:162) Applied cepstral mean normalization to 6935 utterances, errors on 0
LOG (transform-feats[5.5.929~1-9bca2]:main():transform-feats.cc:158) Overall average [pseudo-]logdet is -94.5228 over 2.57081e+06 frames.
LOG (transform-feats[5.5.929~1-9bca2]:main():transform-feats.cc:161) Applied transform to 6935 utterances; 0 had errors.
LOG (transform-feats[5.5.929~1-9bca2]:main():transform-feats.cc:158) Overall average logdet is 2.87214 over 2.57081e+06 frames.
LOG (transform-feats[5.5.929~1-9bca2]:main():transform-feats.cc:161) Applied transform to 6935 utterances; 0 had errors.
LOG (acc-tree-stats[5.5.929~1-9bca2]:main():acc-tree-stats.cc:118) Accumulated stats for 6930 files, 5 failed due to no alignment, 0 failed for other reasons.
LOG (acc-tree-stats[5.5.929~1-9bca2]:main():acc-tree-stats.cc:121) Number of separate stats (context-dependent states) is 94175
# Accounting: time=10 threads=1
# Ended (code 0) at Fri Aug 13 03:20:47 +07 2021, elapsed time 10 seconds
