# build-tree --verbose=1 --max-leaves=3500 --cluster-thresh=-1 exp/tri3/treeacc ./data/lang/phones/roots.int exp/tri3/questions.qst ./data/lang/topo exp/tri3/tree 
# Started at Fri Aug 13 03:20:59 +07 2021
#
build-tree --verbose=1 --max-leaves=3500 --cluster-thresh=-1 exp/tri3/treeacc ./data/lang/phones/roots.int exp/tri3/questions.qst ./data/lang/topo exp/tri3/tree 
LOG (build-tree[5.5.929~1-9bca2]:main():build-tree.cc:104) Number of separate statistics is 197036
LOG (build-tree[5.5.929~1-9bca2]:BuildTree():build-tree.cc:161) BuildTree: before building trees, map has 265 leaves.
LOG (build-tree[5.5.929~1-9bca2]:SplitDecisionTree():build-tree-utils.cc:577) DoDecisionTreeSplit: split 3235 times, #leaves now 3500
LOG (build-tree[5.5.929~1-9bca2]:BuildTree():build-tree.cc:187) Setting clustering threshold to smallest split 2588.09
VLOG[1] (build-tree[5.5.929~1-9bca2]:BuildTree():build-tree.cc:196) After decision tree split, num-leaves = 3500, like-impr = 6.08677 per frame over 1.46327e+07 frames.
VLOG[1] (build-tree[5.5.929~1-9bca2]:BuildTree():build-tree.cc:200) Including just phones that were split, improvement is 7.72711 per frame over 1.15264e+07 frames.
LOG (build-tree[5.5.929~1-9bca2]:BuildTree():build-tree.cc:215) BuildTree: removed 516 leaves.
VLOG[1] (build-tree[5.5.929~1-9bca2]:ClusterEventMapToNClustersRestrictedByMap():build-tree-utils.cc:914) Number of non-empty clusters in map = 252
VLOG[1] (build-tree[5.5.929~1-9bca2]:ClusterEventMapToNClustersRestrictedByMap():build-tree-utils.cc:915) Number of non-empty clusters = 2971
VLOG[1] (build-tree[5.5.929~1-9bca2]:BuildTree():build-tree.cc:256) Objf change due to clustering -0.0488374 per frame.
VLOG[1] (build-tree[5.5.929~1-9bca2]:BuildTree():build-tree.cc:259) Normalizing over only split phones, this is: -0.0619987 per frame.
VLOG[1] (build-tree[5.5.929~1-9bca2]:BuildTree():build-tree.cc:262) Num-leaves is now 2984
VLOG[1] (build-tree[5.5.929~1-9bca2]:main():build-tree.cc:143) For pdf-id 7, low count 27
VLOG[1] (build-tree[5.5.929~1-9bca2]:main():build-tree.cc:143) For pdf-id 34, low count 31
VLOG[1] (build-tree[5.5.929~1-9bca2]:main():build-tree.cc:143) For pdf-id 56, low count 10
VLOG[1] (build-tree[5.5.929~1-9bca2]:main():build-tree.cc:143) For pdf-id 61, low count 3
VLOG[1] (build-tree[5.5.929~1-9bca2]:main():build-tree.cc:143) For pdf-id 90, low count 0
VLOG[1] (build-tree[5.5.929~1-9bca2]:main():build-tree.cc:143) For pdf-id 97, low count 56
VLOG[1] (build-tree[5.5.929~1-9bca2]:main():build-tree.cc:143) For pdf-id 110, low count 56
VLOG[1] (build-tree[5.5.929~1-9bca2]:main():build-tree.cc:143) For pdf-id 112, low count 0
VLOG[1] (build-tree[5.5.929~1-9bca2]:main():build-tree.cc:143) For pdf-id 116, low count 18
VLOG[1] (build-tree[5.5.929~1-9bca2]:main():build-tree.cc:143) For pdf-id 118, low count 0
VLOG[1] (build-tree[5.5.929~1-9bca2]:main():build-tree.cc:143) For pdf-id 119, low count 88
VLOG[1] (build-tree[5.5.929~1-9bca2]:main():build-tree.cc:143) For pdf-id 122, low count 9
VLOG[1] (build-tree[5.5.929~1-9bca2]:main():build-tree.cc:143) For pdf-id 123, low count 8
VLOG[1] (build-tree[5.5.929~1-9bca2]:main():build-tree.cc:143) For pdf-id 125, low count 0
VLOG[1] (build-tree[5.5.929~1-9bca2]:main():build-tree.cc:143) For pdf-id 127, low count 14
VLOG[1] (build-tree[5.5.929~1-9bca2]:main():build-tree.cc:143) For pdf-id 129, low count 6
VLOG[1] (build-tree[5.5.929~1-9bca2]:main():build-tree.cc:143) For pdf-id 130, low count 26
VLOG[1] (build-tree[5.5.929~1-9bca2]:main():build-tree.cc:143) For pdf-id 133, low count 0
VLOG[1] (build-tree[5.5.929~1-9bca2]:main():build-tree.cc:143) For pdf-id 135, low count 3
VLOG[1] (build-tree[5.5.929~1-9bca2]:main():build-tree.cc:143) For pdf-id 137, low count 51
VLOG[1] (build-tree[5.5.929~1-9bca2]:main():build-tree.cc:143) For pdf-id 138, low count 6
VLOG[1] (build-tree[5.5.929~1-9bca2]:main():build-tree.cc:143) For pdf-id 143, low count 0
VLOG[1] (build-tree[5.5.929~1-9bca2]:main():build-tree.cc:143) For pdf-id 149, low count 35
VLOG[1] (build-tree[5.5.929~1-9bca2]:main():build-tree.cc:143) For pdf-id 151, low count 6
VLOG[1] (build-tree[5.5.929~1-9bca2]:main():build-tree.cc:143) For pdf-id 155, low count 43
VLOG[1] (build-tree[5.5.929~1-9bca2]:main():build-tree.cc:143) For pdf-id 158, low count 9
VLOG[1] (build-tree[5.5.929~1-9bca2]:main():build-tree.cc:143) For pdf-id 161, low count 5
VLOG[1] (build-tree[5.5.929~1-9bca2]:main():build-tree.cc:143) For pdf-id 162, low count 0
VLOG[1] (build-tree[5.5.929~1-9bca2]:main():build-tree.cc:143) For pdf-id 171, low count 0
VLOG[1] (build-tree[5.5.929~1-9bca2]:main():build-tree.cc:143) For pdf-id 177, low count 59
VLOG[1] (build-tree[5.5.929~1-9bca2]:main():build-tree.cc:143) For pdf-id 179, low count 30
VLOG[1] (build-tree[5.5.929~1-9bca2]:main():build-tree.cc:143) For pdf-id 189, low count 0
VLOG[1] (build-tree[5.5.929~1-9bca2]:main():build-tree.cc:143) For pdf-id 190, low count 0
VLOG[1] (build-tree[5.5.929~1-9bca2]:main():build-tree.cc:143) For pdf-id 192, low count 70
VLOG[1] (build-tree[5.5.929~1-9bca2]:main():build-tree.cc:143) For pdf-id 193, low count 0
VLOG[1] (build-tree[5.5.929~1-9bca2]:main():build-tree.cc:143) For pdf-id 194, low count 6
VLOG[1] (build-tree[5.5.929~1-9bca2]:main():build-tree.cc:143) For pdf-id 196, low count 12
VLOG[1] (build-tree[5.5.929~1-9bca2]:main():build-tree.cc:143) For pdf-id 197, low count 0
VLOG[1] (build-tree[5.5.929~1-9bca2]:main():build-tree.cc:143) For pdf-id 198, low count 9
VLOG[1] (build-tree[5.5.929~1-9bca2]:main():build-tree.cc:143) For pdf-id 208, low count 92
VLOG[1] (build-tree[5.5.929~1-9bca2]:main():build-tree.cc:143) For pdf-id 220, low count 3
VLOG[1] (build-tree[5.5.929~1-9bca2]:main():build-tree.cc:143) For pdf-id 224, low count 0
WARNING (build-tree[5.5.929~1-9bca2]:main():build-tree.cc:185) Saw no stats for following phones: 87 109 115 122 130 140 159 168 186 187 190 194 221 
LOG (build-tree[5.5.929~1-9bca2]:main():build-tree.cc:189) Wrote tree
# Accounting: time=21 threads=1
# Ended (code 0) at Fri Aug 13 03:21:20 +07 2021, elapsed time 21 seconds
