# ali-to-post "ark:gunzip -c exp/tri3/ali.1.gz|" ark:- | weight-silence-post 0.0 1 exp/tri3/6.mdl ark:- ark:- | gmm-est-fmllr --fmllr-update-type=full --spk2utt=ark:./data/train/split4/1/spk2utt exp/tri3/6.mdl "ark,s,cs:apply-cmvn  --utt2spk=ark:./data/train/split4/1/utt2spk scp:./data/train/split4/1/cmvn.scp scp:./data/train/split4/1/feats.scp ark:- | splice-feats --left-context=3 --right-context=3 ark:- ark:- | transform-feats ./exp/tri2b_ali/final.mat ark:- ark:- | transform-feats --utt2spk=ark:./data/train/split4/1/utt2spk ark:exp/tri3/trans.1 ark:- ark:- |" ark:- ark:exp/tri3/tmp_trans.1 
# Started at Fri Aug 13 03:26:27 +07 2021
#
weight-silence-post 0.0 1 exp/tri3/6.mdl ark:- ark:- 
gmm-est-fmllr --fmllr-update-type=full --spk2utt=ark:./data/train/split4/1/spk2utt exp/tri3/6.mdl 'ark,s,cs:apply-cmvn  --utt2spk=ark:./data/train/split4/1/utt2spk scp:./data/train/split4/1/cmvn.scp scp:./data/train/split4/1/feats.scp ark:- | splice-feats --left-context=3 --right-context=3 ark:- ark:- | transform-feats ./exp/tri2b_ali/final.mat ark:- ark:- | transform-feats --utt2spk=ark:./data/train/split4/1/utt2spk ark:exp/tri3/trans.1 ark:- ark:- |' ark:- ark:exp/tri3/tmp_trans.1 
ali-to-post 'ark:gunzip -c exp/tri3/ali.1.gz|' ark:- 
apply-cmvn --utt2spk=ark:./data/train/split4/1/utt2spk scp:./data/train/split4/1/cmvn.scp scp:./data/train/split4/1/feats.scp ark:- 
splice-feats --left-context=3 --right-context=3 ark:- ark:- 
transform-feats ./exp/tri2b_ali/final.mat ark:- ark:- 
transform-feats --utt2spk=ark:./data/train/split4/1/utt2spk ark:exp/tri3/trans.1 ark:- ark:- 
LOG (ali-to-post[5.5.929~1-9bca2]:main():ali-to-post.cc:73) Converted 6998 alignments.
LOG (weight-silence-post[5.5.929~1-9bca2]:main():weight-silence-post.cc:95) Done 6998 posteriors.
WARNING (gmm-est-fmllr[5.5.929~1-9bca2]:main():gmm-est-fmllr.cc:118) Did not find posteriors for utterance 0/0/00990
WARNING (gmm-est-fmllr[5.5.929~1-9bca2]:main():gmm-est-fmllr.cc:118) Did not find posteriors for utterance 0/0/00991
LOG (gmm-est-fmllr[5.5.929~1-9bca2]:ComputeFmllrMatrixDiagGmmFull():fmllr-diag-gmm.cc:262) fMLLR objf improvement is 0.0184451 per frame over 468687 frames.
LOG (gmm-est-fmllr[5.5.929~1-9bca2]:main():gmm-est-fmllr.cc:143) For speaker 0/0, auxf-impr from fMLLR is 0.0184451, over 468687 frames.
LOG (gmm-est-fmllr[5.5.929~1-9bca2]:ComputeFmllrMatrixDiagGmmFull():fmllr-diag-gmm.cc:262) fMLLR objf improvement is 0.0203749 per frame over 473584 frames.
LOG (gmm-est-fmllr[5.5.929~1-9bca2]:main():gmm-est-fmllr.cc:143) For speaker 0/1, auxf-impr from fMLLR is 0.020375, over 473584 frames.
LOG (gmm-est-fmllr[5.5.929~1-9bca2]:ComputeFmllrMatrixDiagGmmFull():fmllr-diag-gmm.cc:262) fMLLR objf improvement is 0.0165415 per frame over 502949 frames.
LOG (gmm-est-fmllr[5.5.929~1-9bca2]:main():gmm-est-fmllr.cc:143) For speaker 0/2, auxf-impr from fMLLR is 0.0165415, over 502949 frames.
LOG (gmm-est-fmllr[5.5.929~1-9bca2]:ComputeFmllrMatrixDiagGmmFull():fmllr-diag-gmm.cc:262) fMLLR objf improvement is 0.0187944 per frame over 478353 frames.
LOG (gmm-est-fmllr[5.5.929~1-9bca2]:main():gmm-est-fmllr.cc:143) For speaker 0/3, auxf-impr from fMLLR is 0.0187944, over 478353 frames.
LOG (gmm-est-fmllr[5.5.929~1-9bca2]:ComputeFmllrMatrixDiagGmmFull():fmllr-diag-gmm.cc:262) fMLLR objf improvement is 0.0249 per frame over 490696 frames.
LOG (gmm-est-fmllr[5.5.929~1-9bca2]:main():gmm-est-fmllr.cc:143) For speaker 0/4, auxf-impr from fMLLR is 0.0249, over 490696 frames.
LOG (gmm-est-fmllr[5.5.929~1-9bca2]:ComputeFmllrMatrixDiagGmmFull():fmllr-diag-gmm.cc:262) fMLLR objf improvement is 0.0221065 per frame over 521456 frames.
LOG (gmm-est-fmllr[5.5.929~1-9bca2]:main():gmm-est-fmllr.cc:143) For speaker 0/5, auxf-impr from fMLLR is 0.0221065, over 521456 frames.
LOG (apply-cmvn[5.5.929~1-9bca2]:main():apply-cmvn.cc:162) Applied cepstral mean normalization to 7000 utterances, errors on 0
LOG (transform-feats[5.5.929~1-9bca2]:main():transform-feats.cc:158) Overall average [pseudo-]logdet is -94.5228 over 4.11936e+06 frames.
LOG (transform-feats[5.5.929~1-9bca2]:main():transform-feats.cc:161) Applied transform to 7000 utterances; 0 had errors.
LOG (transform-feats[5.5.929~1-9bca2]:main():transform-feats.cc:158) Overall average logdet is -1.79275 over 4.11936e+06 frames.
LOG (transform-feats[5.5.929~1-9bca2]:main():transform-feats.cc:161) Applied transform to 7000 utterances; 0 had errors.
LOG (gmm-est-fmllr[5.5.929~1-9bca2]:ComputeFmllrMatrixDiagGmmFull():fmllr-diag-gmm.cc:262) fMLLR objf improvement is 0.0174807 per frame over 495948 frames.
LOG (gmm-est-fmllr[5.5.929~1-9bca2]:main():gmm-est-fmllr.cc:143) For speaker 0/6, auxf-impr from fMLLR is 0.0174807, over 495948 frames.
LOG (gmm-est-fmllr[5.5.929~1-9bca2]:main():gmm-est-fmllr.cc:188) Done 6998 files, 2 with no posts, 0 with other errors.
LOG (gmm-est-fmllr[5.5.929~1-9bca2]:main():gmm-est-fmllr.cc:190) Overall fMLLR auxf impr per frame is 0.0198211 over 3.43167e+06 frames.
# Accounting: time=87 threads=1
# Ended (code 0) at Fri Aug 13 03:27:54 +07 2021, elapsed time 87 seconds
