gmm-init-model --write-occs=exp/tri3/1.occs exp/tri3/tree exp/tri3/treeacc ./data/lang/topo exp/tri3/1.mdl 
LOG (gmm-init-model[5.5.929~1-9bca2]:main():gmm-init-model.cc:271) Number of separate statistics is 197036
WARNING (gmm-init-model[5.5.929~1-9bca2]:InitAmGmm():gmm-init-model.cc:55) Tree has pdf-id 90 with no stats; corresponding phone list: 87 
WARNING (gmm-init-model[5.5.929~1-9bca2]:InitAmGmm():gmm-init-model.cc:55) Tree has pdf-id 112 with no stats; corresponding phone list: 109 
WARNING (gmm-init-model[5.5.929~1-9bca2]:InitAmGmm():gmm-init-model.cc:55) Tree has pdf-id 118 with no stats; corresponding phone list: 115 
WARNING (gmm-init-model[5.5.929~1-9bca2]:InitAmGmm():gmm-init-model.cc:55) Tree has pdf-id 125 with no stats; corresponding phone list: 122 
WARNING (gmm-init-model[5.5.929~1-9bca2]:InitAmGmm():gmm-init-model.cc:55) Tree has pdf-id 133 with no stats; corresponding phone list: 130 
WARNING (gmm-init-model[5.5.929~1-9bca2]:InitAmGmm():gmm-init-model.cc:55) Tree has pdf-id 143 with no stats; corresponding phone list: 140 
WARNING (gmm-init-model[5.5.929~1-9bca2]:InitAmGmm():gmm-init-model.cc:55) Tree has pdf-id 162 with no stats; corresponding phone list: 159 
WARNING (gmm-init-model[5.5.929~1-9bca2]:InitAmGmm():gmm-init-model.cc:55) Tree has pdf-id 171 with no stats; corresponding phone list: 168 
WARNING (gmm-init-model[5.5.929~1-9bca2]:InitAmGmm():gmm-init-model.cc:55) Tree has pdf-id 189 with no stats; corresponding phone list: 186 
WARNING (gmm-init-model[5.5.929~1-9bca2]:InitAmGmm():gmm-init-model.cc:55) Tree has pdf-id 190 with no stats; corresponding phone list: 187 
WARNING (gmm-init-model[5.5.929~1-9bca2]:InitAmGmm():gmm-init-model.cc:55) Tree has pdf-id 193 with no stats; corresponding phone list: 190 
WARNING (gmm-init-model[5.5.929~1-9bca2]:InitAmGmm():gmm-init-model.cc:55) Tree has pdf-id 197 with no stats; corresponding phone list: 194 
WARNING (gmm-init-model[5.5.929~1-9bca2]:InitAmGmm():gmm-init-model.cc:55) Tree has pdf-id 224 with no stats; corresponding phone list: 221 
WARNING (gmm-init-model[5.5.929~1-9bca2]:InitAmGmm():gmm-init-model.cc:83) Very small count for state 7: 27; corresponding phone list: 4 
WARNING (gmm-init-model[5.5.929~1-9bca2]:InitAmGmm():gmm-init-model.cc:83) Very small count for state 34: 31; corresponding phone list: 31 
WARNING (gmm-init-model[5.5.929~1-9bca2]:InitAmGmm():gmm-init-model.cc:83) Very small count for state 56: 10; corresponding phone list: 53 
WARNING (gmm-init-model[5.5.929~1-9bca2]:InitAmGmm():gmm-init-model.cc:83) Very small count for state 61: 3; corresponding phone list: 58 
WARNING (gmm-init-model[5.5.929~1-9bca2]:InitAmGmm():gmm-init-model.cc:83) Very small count for state 97: 56; corresponding phone list: 94 
WARNING (gmm-init-model[5.5.929~1-9bca2]:InitAmGmm():gmm-init-model.cc:83) Very small count for state 110: 56; corresponding phone list: 107 
WARNING (gmm-init-model[5.5.929~1-9bca2]:InitAmGmm():gmm-init-model.cc:83) Very small count for state 116: 18; corresponding phone list: 113 
WARNING (gmm-init-model[5.5.929~1-9bca2]:InitAmGmm():gmm-init-model.cc:83) Very small count for state 119: 88; corresponding phone list: 116 
WARNING (gmm-init-model[5.5.929~1-9bca2]:InitAmGmm():gmm-init-model.cc:83) Very small count for state 122: 9; corresponding phone list: 119 
WARNING (gmm-init-model[5.5.929~1-9bca2]:InitAmGmm():gmm-init-model.cc:83) Very small count for state 123: 8; corresponding phone list: 120 
WARNING (gmm-init-model[5.5.929~1-9bca2]:InitAmGmm():gmm-init-model.cc:83) Very small count for state 127: 14; corresponding phone list: 124 
WARNING (gmm-init-model[5.5.929~1-9bca2]:InitAmGmm():gmm-init-model.cc:83) Very small count for state 129: 6; corresponding phone list: 126 
WARNING (gmm-init-model[5.5.929~1-9bca2]:InitAmGmm():gmm-init-model.cc:83) Very small count for state 130: 26; corresponding phone list: 127 
WARNING (gmm-init-model[5.5.929~1-9bca2]:InitAmGmm():gmm-init-model.cc:83) Very small count for state 135: 3; corresponding phone list: 132 
WARNING (gmm-init-model[5.5.929~1-9bca2]:InitAmGmm():gmm-init-model.cc:83) Very small count for state 137: 51; corresponding phone list: 134 
WARNING (gmm-init-model[5.5.929~1-9bca2]:InitAmGmm():gmm-init-model.cc:83) Very small count for state 138: 6; corresponding phone list: 135 
WARNING (gmm-init-model[5.5.929~1-9bca2]:InitAmGmm():gmm-init-model.cc:83) Very small count for state 149: 35; corresponding phone list: 146 
WARNING (gmm-init-model[5.5.929~1-9bca2]:InitAmGmm():gmm-init-model.cc:83) Very small count for state 151: 6; corresponding phone list: 148 
WARNING (gmm-init-model[5.5.929~1-9bca2]:InitAmGmm():gmm-init-model.cc:83) Very small count for state 155: 43; corresponding phone list: 152 
WARNING (gmm-init-model[5.5.929~1-9bca2]:InitAmGmm():gmm-init-model.cc:83) Very small count for state 158: 9; corresponding phone list: 155 
WARNING (gmm-init-model[5.5.929~1-9bca2]:InitAmGmm():gmm-init-model.cc:83) Very small count for state 161: 5; corresponding phone list: 158 
WARNING (gmm-init-model[5.5.929~1-9bca2]:InitAmGmm():gmm-init-model.cc:83) Very small count for state 177: 59; corresponding phone list: 174 
WARNING (gmm-init-model[5.5.929~1-9bca2]:InitAmGmm():gmm-init-model.cc:83) Very small count for state 179: 30; corresponding phone list: 176 
WARNING (gmm-init-model[5.5.929~1-9bca2]:InitAmGmm():gmm-init-model.cc:83) Very small count for state 192: 70; corresponding phone list: 189 
WARNING (gmm-init-model[5.5.929~1-9bca2]:InitAmGmm():gmm-init-model.cc:83) Very small count for state 194: 6; corresponding phone list: 191 
WARNING (gmm-init-model[5.5.929~1-9bca2]:InitAmGmm():gmm-init-model.cc:83) Very small count for state 196: 12; corresponding phone list: 193 
WARNING (gmm-init-model[5.5.929~1-9bca2]:InitAmGmm():gmm-init-model.cc:83) Very small count for state 198: 9; corresponding phone list: 195 
WARNING (gmm-init-model[5.5.929~1-9bca2]:InitAmGmm():gmm-init-model.cc:83) Very small count for state 208: 92; corresponding phone list: 205 
WARNING (gmm-init-model[5.5.929~1-9bca2]:InitAmGmm():gmm-init-model.cc:83) Very small count for state 220: 3; corresponding phone list: 217 
LOG (gmm-init-model[5.5.929~1-9bca2]:main():gmm-init-model.cc:306) Wrote model.
