# gmm-est --power=0.2 --write-occs=exp/tri3/35.occs --mix-up=40000 exp/tri3/34.mdl "gmm-sum-accs - exp/tri3/34.*.acc |" exp/tri3/35.mdl 
# Started at Fri Aug 13 03:46:48 +07 2021
#
gmm-est --power=0.2 --write-occs=exp/tri3/35.occs --mix-up=40000 exp/tri3/34.mdl 'gmm-sum-accs - exp/tri3/34.*.acc |' exp/tri3/35.mdl 
gmm-sum-accs - exp/tri3/34.1.acc exp/tri3/34.2.acc exp/tri3/34.3.acc exp/tri3/34.4.acc 
LOG (gmm-sum-accs[5.5.929~1-9bca2]:main():gmm-sum-accs.cc:63) Summed 4 stats, total count 1.46245e+07, avg like/frame -45.4452
LOG (gmm-sum-accs[5.5.929~1-9bca2]:main():gmm-sum-accs.cc:66) Total count of stats is 1.46245e+07
LOG (gmm-sum-accs[5.5.929~1-9bca2]:main():gmm-sum-accs.cc:67) Written stats to -
LOG (gmm-est[5.5.929~1-9bca2]:MleUpdate():transition-model.cc:528) TransitionModel::Update, objf change is 0 per frame over 1.46245e+07 frames. 
LOG (gmm-est[5.5.929~1-9bca2]:MleUpdate():transition-model.cc:531) 170 probabilities floored, 99 out of 3250 transition-states skipped due to insuffient data (it is normal to have some skipped.)
LOG (gmm-est[5.5.929~1-9bca2]:main():gmm-est.cc:102) Transition model update: Overall 0 log-like improvement per frame over 1.46245e+07 frames.
WARNING (gmm-est[5.5.929~1-9bca2]:MleDiagGmmUpdate():mle-diag-gmm.cc:365) Gaussian has too little data but not removing it because it is the last Gaussian: i = 0, occ = 8, weight = 1
WARNING (gmm-est[5.5.929~1-9bca2]:MleDiagGmmUpdate():mle-diag-gmm.cc:365) Gaussian has too little data but not removing it because it is the last Gaussian: i = 0, occ = 3, weight = 1
WARNING (gmm-est[5.5.929~1-9bca2]:MleDiagGmmUpdate():mle-diag-gmm.cc:365) Gaussian has too little data but not removing it because it is the last Gaussian: i = 0, occ = 0, weight = 1
WARNING (gmm-est[5.5.929~1-9bca2]:MleDiagGmmUpdate():mle-diag-gmm.cc:365) Gaussian has too little data but not removing it because it is the last Gaussian: i = 0, occ = 0, weight = 1
WARNING (gmm-est[5.5.929~1-9bca2]:MleDiagGmmUpdate():mle-diag-gmm.cc:365) Gaussian has too little data but not removing it because it is the last Gaussian: i = 0, occ = 0, weight = 1
WARNING (gmm-est[5.5.929~1-9bca2]:MleDiagGmmUpdate():mle-diag-gmm.cc:365) Gaussian has too little data but not removing it because it is the last Gaussian: i = 0, occ = 6, weight = 1
WARNING (gmm-est[5.5.929~1-9bca2]:MleDiagGmmUpdate():mle-diag-gmm.cc:365) Gaussian has too little data but not removing it because it is the last Gaussian: i = 0, occ = 0, weight = 1
WARNING (gmm-est[5.5.929~1-9bca2]:MleDiagGmmUpdate():mle-diag-gmm.cc:365) Gaussian has too little data but not removing it because it is the last Gaussian: i = 0, occ = 8, weight = 1
WARNING (gmm-est[5.5.929~1-9bca2]:MleDiagGmmUpdate():mle-diag-gmm.cc:365) Gaussian has too little data but not removing it because it is the last Gaussian: i = 0, occ = 0, weight = 1
WARNING (gmm-est[5.5.929~1-9bca2]:MleDiagGmmUpdate():mle-diag-gmm.cc:365) Gaussian has too little data but not removing it because it is the last Gaussian: i = 0, occ = 3, weight = 1
WARNING (gmm-est[5.5.929~1-9bca2]:MleDiagGmmUpdate():mle-diag-gmm.cc:365) Gaussian has too little data but not removing it because it is the last Gaussian: i = 0, occ = 6, weight = 1
WARNING (gmm-est[5.5.929~1-9bca2]:MleDiagGmmUpdate():mle-diag-gmm.cc:365) Gaussian has too little data but not removing it because it is the last Gaussian: i = 0, occ = 0, weight = 1
WARNING (gmm-est[5.5.929~1-9bca2]:MleDiagGmmUpdate():mle-diag-gmm.cc:365) Gaussian has too little data but not removing it because it is the last Gaussian: i = 0, occ = 6, weight = 1
WARNING (gmm-est[5.5.929~1-9bca2]:MleDiagGmmUpdate():mle-diag-gmm.cc:365) Gaussian has too little data but not removing it because it is the last Gaussian: i = 0, occ = 10, weight = 1
WARNING (gmm-est[5.5.929~1-9bca2]:MleDiagGmmUpdate():mle-diag-gmm.cc:365) Gaussian has too little data but not removing it because it is the last Gaussian: i = 0, occ = 3, weight = 1
WARNING (gmm-est[5.5.929~1-9bca2]:MleDiagGmmUpdate():mle-diag-gmm.cc:365) Gaussian has too little data but not removing it because it is the last Gaussian: i = 0, occ = 0, weight = 1
WARNING (gmm-est[5.5.929~1-9bca2]:MleDiagGmmUpdate():mle-diag-gmm.cc:365) Gaussian has too little data but not removing it because it is the last Gaussian: i = 0, occ = 0, weight = 1
WARNING (gmm-est[5.5.929~1-9bca2]:MleDiagGmmUpdate():mle-diag-gmm.cc:365) Gaussian has too little data but not removing it because it is the last Gaussian: i = 0, occ = 0, weight = 1
WARNING (gmm-est[5.5.929~1-9bca2]:MleDiagGmmUpdate():mle-diag-gmm.cc:365) Gaussian has too little data but not removing it because it is the last Gaussian: i = 0, occ = 0, weight = 1
WARNING (gmm-est[5.5.929~1-9bca2]:MleDiagGmmUpdate():mle-diag-gmm.cc:365) Gaussian has too little data but not removing it because it is the last Gaussian: i = 0, occ = 0, weight = 1
WARNING (gmm-est[5.5.929~1-9bca2]:MleDiagGmmUpdate():mle-diag-gmm.cc:365) Gaussian has too little data but not removing it because it is the last Gaussian: i = 0, occ = 6, weight = 1
WARNING (gmm-est[5.5.929~1-9bca2]:MleDiagGmmUpdate():mle-diag-gmm.cc:365) Gaussian has too little data but not removing it because it is the last Gaussian: i = 0, occ = 0, weight = 1
WARNING (gmm-est[5.5.929~1-9bca2]:MleDiagGmmUpdate():mle-diag-gmm.cc:365) Gaussian has too little data but not removing it because it is the last Gaussian: i = 0, occ = 0, weight = 1
WARNING (gmm-est[5.5.929~1-9bca2]:MleDiagGmmUpdate():mle-diag-gmm.cc:365) Gaussian has too little data but not removing it because it is the last Gaussian: i = 0, occ = 0, weight = 1
LOG (gmm-est[5.5.929~1-9bca2]:MleAmDiagGmmUpdate():mle-am-diag-gmm.cc:225) 0 variance elements floored in 0 Gaussians, out of 40067
LOG (gmm-est[5.5.929~1-9bca2]:MleAmDiagGmmUpdate():mle-am-diag-gmm.cc:229) Removed 0 Gaussians due to counts < --min-gaussian-occupancy=10 and --remove-low-count-gaussians=true
LOG (gmm-est[5.5.929~1-9bca2]:main():gmm-est.cc:113) GMM update: Overall 0.00468275 objective function improvement per frame over 1.46245e+07 frames
LOG (gmm-est[5.5.929~1-9bca2]:main():gmm-est.cc:116) GMM update: Overall avg like per frame = -45.4452 over 1.46245e+07 frames.
LOG (gmm-est[5.5.929~1-9bca2]:SplitByCount():am-diag-gmm.cc:116) Split 2984 states with target = 40000, power = 0.2, perturb_factor = 0.01 and min_count = 20, split #Gauss from 40067 to 40067
LOG (gmm-est[5.5.929~1-9bca2]:main():gmm-est.cc:146) Written model to exp/tri3/35.mdl
# Accounting: time=1 threads=1
# Ended (code 0) at Fri Aug 13 03:46:49 +07 2021, elapsed time 1 seconds
