# compile-train-graphs --read-disambig-syms=./data/lang/phones/disambig.int ./exp/tri1/tree ./exp/tri1/1.mdl ./data/lang/L.fst "ark:utils/sym2int.pl --map-oov 2 -f 2- ./data/lang/words.txt < ./data/train/split4/2/text |" "ark:|gzip -c >./exp/tri1/fsts.2.gz" 
# Started at Fri Aug 13 02:34:46 +07 2021
#
compile-train-graphs --read-disambig-syms=./data/lang/phones/disambig.int ./exp/tri1/tree ./exp/tri1/1.mdl ./data/lang/L.fst 'ark:utils/sym2int.pl --map-oov 2 -f 2- ./data/lang/words.txt < ./data/train/split4/2/text |' 'ark:|gzip -c >./exp/tri1/fsts.2.gz' 
sym2int.pl: replacing HÒA with 2
sym2int.pl: replacing HÓA with 2
sym2int.pl: replacing XÓA with 2
sym2int.pl: replacing TÙY with 2
sym2int.pl: replacing THỎA with 2
sym2int.pl: replacing KHỎE with 2
sym2int.pl: replacing THỦY with 2
sym2int.pl: replacing HỌA with 2
sym2int.pl: replacing TÙY with 2
sym2int.pl: replacing HÒA with 2
sym2int.pl: replacing YOGA with 2
sym2int.pl: replacing KHỎE with 2
sym2int.pl: replacing TÙY with 2
sym2int.pl: replacing B with 2
sym2int.pl: replacing THỤY with 2
sym2int.pl: replacing HÒA with 2
sym2int.pl: replacing SẠC with 2
sym2int.pl: replacing SẠC with 2
sym2int.pl: replacing TAXI with 2
sym2int.pl: replacing OXY with 2
sym2int.pl: not warning for OOVs any more times
** Replaced 987 instances of OOVs with 2
LOG (compile-train-graphs[5.5.929~1-9bca2]:main():compile-train-graphs.cc:147) compile-train-graphs: succeeded for 7000 graphs, failed for 0
# Accounting: time=45 threads=1
# Ended (code 0) at Fri Aug 13 02:35:31 +07 2021, elapsed time 45 seconds
