# gmm-est --mix-up=8080 --power=0.25 --write-occs=./exp/tri1/21.occs ./exp/tri1/20.mdl "gmm-sum-accs - ./exp/tri1/20.*.acc |" ./exp/tri1/21.mdl 
# Started at Fri Aug 13 02:43:59 +07 2021
#
gmm-est --mix-up=8080 --power=0.25 --write-occs=./exp/tri1/21.occs ./exp/tri1/20.mdl 'gmm-sum-accs - ./exp/tri1/20.*.acc |' ./exp/tri1/21.mdl 
gmm-sum-accs - ./exp/tri1/20.1.acc ./exp/tri1/20.2.acc ./exp/tri1/20.3.acc ./exp/tri1/20.4.acc 
LOG (gmm-sum-accs[5.5.929~1-9bca2]:main():gmm-sum-accs.cc:63) Summed 4 stats, total count 1.46467e+07, avg like/frame -98.4048
LOG (gmm-sum-accs[5.5.929~1-9bca2]:main():gmm-sum-accs.cc:66) Total count of stats is 1.46467e+07
LOG (gmm-sum-accs[5.5.929~1-9bca2]:main():gmm-sum-accs.cc:67) Written stats to -
LOG (gmm-est[5.5.929~1-9bca2]:MleUpdate():transition-model.cc:528) TransitionModel::Update, objf change is 0.000882343 per frame over 1.46467e+07 frames. 
LOG (gmm-est[5.5.929~1-9bca2]:MleUpdate():transition-model.cc:531) 153 probabilities floored, 96 out of 1960 transition-states skipped due to insuffient data (it is normal to have some skipped.)
LOG (gmm-est[5.5.929~1-9bca2]:main():gmm-est.cc:102) Transition model update: Overall 0.000882343 log-like improvement per frame over 1.46467e+07 frames.
WARNING (gmm-est[5.5.929~1-9bca2]:MleDiagGmmUpdate():mle-diag-gmm.cc:365) Gaussian has too little data but not removing it because it is the last Gaussian: i = 0, occ = 7, weight = 1
WARNING (gmm-est[5.5.929~1-9bca2]:MleDiagGmmUpdate():mle-diag-gmm.cc:365) Gaussian has too little data but not removing it because it is the last Gaussian: i = 0, occ = 0, weight = 1
WARNING (gmm-est[5.5.929~1-9bca2]:MleDiagGmmUpdate():mle-diag-gmm.cc:365) Gaussian has too little data but not removing it because it is the last Gaussian: i = 0, occ = 0, weight = 1
WARNING (gmm-est[5.5.929~1-9bca2]:MleDiagGmmUpdate():mle-diag-gmm.cc:365) Gaussian has too little data but not removing it because it is the last Gaussian: i = 0, occ = 0, weight = 1
WARNING (gmm-est[5.5.929~1-9bca2]:MleDiagGmmUpdate():mle-diag-gmm.cc:365) Gaussian has too little data but not removing it because it is the last Gaussian: i = 0, occ = 7, weight = 1
WARNING (gmm-est[5.5.929~1-9bca2]:MleDiagGmmUpdate():mle-diag-gmm.cc:365) Gaussian has too little data but not removing it because it is the last Gaussian: i = 0, occ = 0, weight = 1
WARNING (gmm-est[5.5.929~1-9bca2]:MleDiagGmmUpdate():mle-diag-gmm.cc:365) Gaussian has too little data but not removing it because it is the last Gaussian: i = 0, occ = 6, weight = 1
WARNING (gmm-est[5.5.929~1-9bca2]:MleDiagGmmUpdate():mle-diag-gmm.cc:365) Gaussian has too little data but not removing it because it is the last Gaussian: i = 0, occ = 0, weight = 1
WARNING (gmm-est[5.5.929~1-9bca2]:MleDiagGmmUpdate():mle-diag-gmm.cc:365) Gaussian has too little data but not removing it because it is the last Gaussian: i = 0, occ = 7, weight = 1
WARNING (gmm-est[5.5.929~1-9bca2]:MleDiagGmmUpdate():mle-diag-gmm.cc:365) Gaussian has too little data but not removing it because it is the last Gaussian: i = 0, occ = 6, weight = 1
WARNING (gmm-est[5.5.929~1-9bca2]:MleDiagGmmUpdate():mle-diag-gmm.cc:365) Gaussian has too little data but not removing it because it is the last Gaussian: i = 0, occ = 0, weight = 1
WARNING (gmm-est[5.5.929~1-9bca2]:MleDiagGmmUpdate():mle-diag-gmm.cc:365) Gaussian has too little data but not removing it because it is the last Gaussian: i = 0, occ = 8, weight = 1
WARNING (gmm-est[5.5.929~1-9bca2]:MleDiagGmmUpdate():mle-diag-gmm.cc:365) Gaussian has too little data but not removing it because it is the last Gaussian: i = 0, occ = 7, weight = 1
WARNING (gmm-est[5.5.929~1-9bca2]:MleDiagGmmUpdate():mle-diag-gmm.cc:365) Gaussian has too little data but not removing it because it is the last Gaussian: i = 0, occ = 0, weight = 1
WARNING (gmm-est[5.5.929~1-9bca2]:MleDiagGmmUpdate():mle-diag-gmm.cc:365) Gaussian has too little data but not removing it because it is the last Gaussian: i = 0, occ = 0, weight = 1
WARNING (gmm-est[5.5.929~1-9bca2]:MleDiagGmmUpdate():mle-diag-gmm.cc:365) Gaussian has too little data but not removing it because it is the last Gaussian: i = 0, occ = 0, weight = 1
WARNING (gmm-est[5.5.929~1-9bca2]:MleDiagGmmUpdate():mle-diag-gmm.cc:365) Gaussian has too little data but not removing it because it is the last Gaussian: i = 0, occ = 0, weight = 1
WARNING (gmm-est[5.5.929~1-9bca2]:MleDiagGmmUpdate():mle-diag-gmm.cc:365) Gaussian has too little data but not removing it because it is the last Gaussian: i = 0, occ = 0, weight = 1
WARNING (gmm-est[5.5.929~1-9bca2]:MleDiagGmmUpdate():mle-diag-gmm.cc:365) Gaussian has too little data but not removing it because it is the last Gaussian: i = 0, occ = 6, weight = 1
WARNING (gmm-est[5.5.929~1-9bca2]:MleDiagGmmUpdate():mle-diag-gmm.cc:365) Gaussian has too little data but not removing it because it is the last Gaussian: i = 0, occ = 0, weight = 1
WARNING (gmm-est[5.5.929~1-9bca2]:MleDiagGmmUpdate():mle-diag-gmm.cc:365) Gaussian has too little data but not removing it because it is the last Gaussian: i = 0, occ = 9, weight = 1
WARNING (gmm-est[5.5.929~1-9bca2]:MleDiagGmmUpdate():mle-diag-gmm.cc:365) Gaussian has too little data but not removing it because it is the last Gaussian: i = 0, occ = 5, weight = 1
WARNING (gmm-est[5.5.929~1-9bca2]:MleDiagGmmUpdate():mle-diag-gmm.cc:365) Gaussian has too little data but not removing it because it is the last Gaussian: i = 0, occ = 0, weight = 1
LOG (gmm-est[5.5.929~1-9bca2]:MleAmDiagGmmUpdate():mle-am-diag-gmm.cc:225) 0 variance elements floored in 0 Gaussians, out of 7760
LOG (gmm-est[5.5.929~1-9bca2]:MleAmDiagGmmUpdate():mle-am-diag-gmm.cc:229) Removed 0 Gaussians due to counts < --min-gaussian-occupancy=10 and --remove-low-count-gaussians=true
LOG (gmm-est[5.5.929~1-9bca2]:main():gmm-est.cc:113) GMM update: Overall 0.0878417 objective function improvement per frame over 1.46467e+07 frames
LOG (gmm-est[5.5.929~1-9bca2]:main():gmm-est.cc:116) GMM update: Overall avg like per frame = -98.4048 over 1.46467e+07 frames.
LOG (gmm-est[5.5.929~1-9bca2]:SplitByCount():am-diag-gmm.cc:116) Split 1728 states with target = 8080, power = 0.25, perturb_factor = 0.01 and min_count = 20, split #Gauss from 7760 to 8081
LOG (gmm-est[5.5.929~1-9bca2]:main():gmm-est.cc:146) Written model to ./exp/tri1/21.mdl
# Accounting: time=0 threads=1
# Ended (code 0) at Fri Aug 13 02:43:59 +07 2021, elapsed time 0 seconds
