# gmm-acc-stats-ali ./exp/mono0a/34.mdl "ark,s,cs:apply-cmvn  --utt2spk=ark:./data/train/split4/4/utt2spk scp:./data/train/split4/4/cmvn.scp scp:./data/train/split4/4/feats.scp ark:- | add-deltas  ark:- ark:- |" "ark:gunzip -c ./exp/mono0a/ali.4.gz|" ./exp/mono0a/34.4.acc 
# Started at Fri Aug 13 02:27:29 +07 2021
#
gmm-acc-stats-ali ./exp/mono0a/34.mdl 'ark,s,cs:apply-cmvn  --utt2spk=ark:./data/train/split4/4/utt2spk scp:./data/train/split4/4/cmvn.scp scp:./data/train/split4/4/feats.scp ark:- | add-deltas  ark:- ark:- |' 'ark:gunzip -c ./exp/mono0a/ali.4.gz|' ./exp/mono0a/34.4.acc 
add-deltas ark:- ark:- 
apply-cmvn --utt2spk=ark:./data/train/split4/4/utt2spk scp:./data/train/split4/4/cmvn.scp scp:./data/train/split4/4/feats.scp ark:- 
WARNING (gmm-acc-stats-ali[5.5.929~1-9bca2]:main():gmm-acc-stats-ali.cc:79) No alignment for utterance VIVOSSPK23_001
WARNING (gmm-acc-stats-ali[5.5.929~1-9bca2]:main():gmm-acc-stats-ali.cc:79) No alignment for utterance VIVOSSPK23_024
WARNING (gmm-acc-stats-ali[5.5.929~1-9bca2]:main():gmm-acc-stats-ali.cc:79) No alignment for utterance VIVOSSPK23_040
LOG (gmm-acc-stats-ali[5.5.929~1-9bca2]:main():gmm-acc-stats-ali.cc:105) Processed 50 utterances; for utterance VIVOSSPK23_053 avg. like is -107.674 over 436 frames.
LOG (gmm-acc-stats-ali[5.5.929~1-9bca2]:main():gmm-acc-stats-ali.cc:105) Processed 100 utterances; for utterance VIVOSSPK23_103 avg. like is -101.038 over 842 frames.
LOG (gmm-acc-stats-ali[5.5.929~1-9bca2]:main():gmm-acc-stats-ali.cc:105) Processed 150 utterances; for utterance VIVOSSPK24_043 avg. like is -103.199 over 732 frames.
LOG (gmm-acc-stats-ali[5.5.929~1-9bca2]:main():gmm-acc-stats-ali.cc:105) Processed 200 utterances; for utterance VIVOSSPK24_093 avg. like is -100.067 over 704 frames.
LOG (gmm-acc-stats-ali[5.5.929~1-9bca2]:main():gmm-acc-stats-ali.cc:105) Processed 250 utterances; for utterance VIVOSSPK25_043 avg. like is -101.778 over 889 frames.
LOG (gmm-acc-stats-ali[5.5.929~1-9bca2]:main():gmm-acc-stats-ali.cc:105) Processed 300 utterances; for utterance VIVOSSPK25_093 avg. like is -99.4833 over 751 frames.
LOG (gmm-acc-stats-ali[5.5.929~1-9bca2]:main():gmm-acc-stats-ali.cc:105) Processed 350 utterances; for utterance VIVOSSPK25_143 avg. like is -100.011 over 711 frames.
LOG (gmm-acc-stats-ali[5.5.929~1-9bca2]:main():gmm-acc-stats-ali.cc:105) Processed 400 utterances; for utterance VIVOSSPK26_013 avg. like is -98.8087 over 1048 frames.
LOG (gmm-acc-stats-ali[5.5.929~1-9bca2]:main():gmm-acc-stats-ali.cc:105) Processed 450 utterances; for utterance VIVOSSPK26_063 avg. like is -101.707 over 714 frames.
LOG (gmm-acc-stats-ali[5.5.929~1-9bca2]:main():gmm-acc-stats-ali.cc:105) Processed 500 utterances; for utterance VIVOSSPK26_113 avg. like is -100.379 over 661 frames.
LOG (gmm-acc-stats-ali[5.5.929~1-9bca2]:main():gmm-acc-stats-ali.cc:105) Processed 550 utterances; for utterance VIVOSSPK26_163 avg. like is -98.9016 over 667 frames.
LOG (gmm-acc-stats-ali[5.5.929~1-9bca2]:main():gmm-acc-stats-ali.cc:105) Processed 600 utterances; for utterance VIVOSSPK26_213 avg. like is -101.915 over 1029 frames.
LOG (gmm-acc-stats-ali[5.5.929~1-9bca2]:main():gmm-acc-stats-ali.cc:105) Processed 650 utterances; for utterance VIVOSSPK26_263 avg. like is -100.85 over 979 frames.
WARNING (gmm-acc-stats-ali[5.5.929~1-9bca2]:main():gmm-acc-stats-ali.cc:79) No alignment for utterance VIVOSSPK26_300
LOG (gmm-acc-stats-ali[5.5.929~1-9bca2]:main():gmm-acc-stats-ali.cc:105) Processed 700 utterances; for utterance VIVOSSPK27_014 avg. like is -95.3688 over 1036 frames.
LOG (gmm-acc-stats-ali[5.5.929~1-9bca2]:main():gmm-acc-stats-ali.cc:105) Processed 750 utterances; for utterance VIVOSSPK27_064 avg. like is -99.2091 over 1061 frames.
WARNING (gmm-acc-stats-ali[5.5.929~1-9bca2]:main():gmm-acc-stats-ali.cc:79) No alignment for utterance VIVOSSPK27_094
WARNING (gmm-acc-stats-ali[5.5.929~1-9bca2]:main():gmm-acc-stats-ali.cc:79) No alignment for utterance VIVOSSPK27_095
WARNING (gmm-acc-stats-ali[5.5.929~1-9bca2]:main():gmm-acc-stats-ali.cc:79) No alignment for utterance VIVOSSPK27_099
LOG (gmm-acc-stats-ali[5.5.929~1-9bca2]:main():gmm-acc-stats-ali.cc:105) Processed 800 utterances; for utterance VIVOSSPK27_117 avg. like is -98.9677 over 723 frames.
LOG (gmm-acc-stats-ali[5.5.929~1-9bca2]:main():gmm-acc-stats-ali.cc:105) Processed 850 utterances; for utterance VIVOSSPK27_167 avg. like is -98.7052 over 542 frames.
LOG (gmm-acc-stats-ali[5.5.929~1-9bca2]:main():gmm-acc-stats-ali.cc:105) Processed 900 utterances; for utterance VIVOSSPK27_217 avg. like is -99.2151 over 1020 frames.
LOG (gmm-acc-stats-ali[5.5.929~1-9bca2]:main():gmm-acc-stats-ali.cc:105) Processed 950 utterances; for utterance VIVOSSPK28_023 avg. like is -103.143 over 589 frames.
LOG (gmm-acc-stats-ali[5.5.929~1-9bca2]:main():gmm-acc-stats-ali.cc:105) Processed 1000 utterances; for utterance VIVOSSPK28_073 avg. like is -99.7468 over 592 frames.
LOG (gmm-acc-stats-ali[5.5.929~1-9bca2]:main():gmm-acc-stats-ali.cc:105) Processed 1050 utterances; for utterance VIVOSSPK28_123 avg. like is -102.2 over 429 frames.
LOG (gmm-acc-stats-ali[5.5.929~1-9bca2]:main():gmm-acc-stats-ali.cc:105) Processed 1100 utterances; for utterance VIVOSSPK29_003 avg. like is -101.758 over 676 frames.
LOG (gmm-acc-stats-ali[5.5.929~1-9bca2]:main():gmm-acc-stats-ali.cc:105) Processed 1150 utterances; for utterance VIVOSSPK29_053 avg. like is -99.293 over 892 frames.
LOG (gmm-acc-stats-ali[5.5.929~1-9bca2]:main():gmm-acc-stats-ali.cc:105) Processed 1200 utterances; for utterance VIVOSSPK29_103 avg. like is -100.239 over 807 frames.
LOG (gmm-acc-stats-ali[5.5.929~1-9bca2]:main():gmm-acc-stats-ali.cc:105) Processed 1250 utterances; for utterance VIVOSSPK29_153 avg. like is -98.711 over 711 frames.
LOG (gmm-acc-stats-ali[5.5.929~1-9bca2]:main():gmm-acc-stats-ali.cc:105) Processed 1300 utterances; for utterance VIVOSSPK30_003 avg. like is -100.08 over 673 frames.
LOG (gmm-acc-stats-ali[5.5.929~1-9bca2]:main():gmm-acc-stats-ali.cc:105) Processed 1350 utterances; for utterance VIVOSSPK30_053 avg. like is -98.767 over 611 frames.
LOG (gmm-acc-stats-ali[5.5.929~1-9bca2]:main():gmm-acc-stats-ali.cc:105) Processed 1400 utterances; for utterance VIVOSSPK30_103 avg. like is -99.123 over 823 frames.
WARNING (gmm-acc-stats-ali[5.5.929~1-9bca2]:main():gmm-acc-stats-ali.cc:79) No alignment for utterance VIVOSSPK30_153
LOG (gmm-acc-stats-ali[5.5.929~1-9bca2]:main():gmm-acc-stats-ali.cc:105) Processed 1450 utterances; for utterance VIVOSSPK31_001 avg. like is -97.672 over 786 frames.
LOG (gmm-acc-stats-ali[5.5.929~1-9bca2]:main():gmm-acc-stats-ali.cc:105) Processed 1500 utterances; for utterance VIVOSSPK31_051 avg. like is -102.613 over 404 frames.
LOG (gmm-acc-stats-ali[5.5.929~1-9bca2]:main():gmm-acc-stats-ali.cc:105) Processed 1550 utterances; for utterance VIVOSSPK31_101 avg. like is -99.5111 over 654 frames.
LOG (gmm-acc-stats-ali[5.5.929~1-9bca2]:main():gmm-acc-stats-ali.cc:105) Processed 1600 utterances; for utterance VIVOSSPK31_151 avg. like is -99.4989 over 492 frames.
WARNING (gmm-acc-stats-ali[5.5.929~1-9bca2]:main():gmm-acc-stats-ali.cc:79) No alignment for utterance VIVOSSPK31_194
WARNING (gmm-acc-stats-ali[5.5.929~1-9bca2]:main():gmm-acc-stats-ali.cc:79) No alignment for utterance VIVOSSPK31_197
LOG (gmm-acc-stats-ali[5.5.929~1-9bca2]:main():gmm-acc-stats-ali.cc:105) Processed 1650 utterances; for utterance VIVOSSPK31_203 avg. like is -101.438 over 504 frames.
WARNING (gmm-acc-stats-ali[5.5.929~1-9bca2]:main():gmm-acc-stats-ali.cc:79) No alignment for utterance VIVOSSPK31_209
LOG (gmm-acc-stats-ali[5.5.929~1-9bca2]:main():gmm-acc-stats-ali.cc:105) Processed 1700 utterances; for utterance VIVOSSPK31_254 avg. like is -100.618 over 811 frames.
LOG (gmm-acc-stats-ali[5.5.929~1-9bca2]:main():gmm-acc-stats-ali.cc:105) Processed 1750 utterances; for utterance VIVOSSPK32_029 avg. like is -100.264 over 986 frames.
LOG (gmm-acc-stats-ali[5.5.929~1-9bca2]:main():gmm-acc-stats-ali.cc:105) Processed 1800 utterances; for utterance VIVOSSPK32_079 avg. like is -103.103 over 548 frames.
LOG (gmm-acc-stats-ali[5.5.929~1-9bca2]:main():gmm-acc-stats-ali.cc:105) Processed 1850 utterances; for utterance VIVOSSPK32_129 avg. like is -93.8008 over 1542 frames.
LOG (gmm-acc-stats-ali[5.5.929~1-9bca2]:main():gmm-acc-stats-ali.cc:105) Processed 1900 utterances; for utterance VIVOSSPK32_179 avg. like is -99.0771 over 967 frames.
LOG (gmm-acc-stats-ali[5.5.929~1-9bca2]:main():gmm-acc-stats-ali.cc:105) Processed 1950 utterances; for utterance VIVOSSPK33_015 avg. like is -100.053 over 632 frames.
LOG (gmm-acc-stats-ali[5.5.929~1-9bca2]:main():gmm-acc-stats-ali.cc:105) Processed 2000 utterances; for utterance VIVOSSPK33_065 avg. like is -98.8828 over 779 frames.
LOG (gmm-acc-stats-ali[5.5.929~1-9bca2]:main():gmm-acc-stats-ali.cc:105) Processed 2050 utterances; for utterance VIVOSSPK33_115 avg. like is -102.718 over 757 frames.
LOG (gmm-acc-stats-ali[5.5.929~1-9bca2]:main():gmm-acc-stats-ali.cc:105) Processed 2100 utterances; for utterance VIVOSSPK33_165 avg. like is -101.67 over 776 frames.
LOG (gmm-acc-stats-ali[5.5.929~1-9bca2]:main():gmm-acc-stats-ali.cc:105) Processed 2150 utterances; for utterance VIVOSSPK33_215 avg. like is -104.458 over 748 frames.
WARNING (gmm-acc-stats-ali[5.5.929~1-9bca2]:main():gmm-acc-stats-ali.cc:79) No alignment for utterance VIVOSSPK34_006
WARNING (gmm-acc-stats-ali[5.5.929~1-9bca2]:main():gmm-acc-stats-ali.cc:79) No alignment for utterance VIVOSSPK34_017
LOG (gmm-acc-stats-ali[5.5.929~1-9bca2]:main():gmm-acc-stats-ali.cc:105) Processed 2200 utterances; for utterance VIVOSSPK34_047 avg. like is -104.132 over 429 frames.
WARNING (gmm-acc-stats-ali[5.5.929~1-9bca2]:main():gmm-acc-stats-ali.cc:79) No alignment for utterance VIVOSSPK34_076
LOG (gmm-acc-stats-ali[5.5.929~1-9bca2]:main():gmm-acc-stats-ali.cc:105) Processed 2250 utterances; for utterance VIVOSSPK34_098 avg. like is -103.717 over 704 frames.
LOG (gmm-acc-stats-ali[5.5.929~1-9bca2]:main():gmm-acc-stats-ali.cc:105) Processed 2300 utterances; for utterance VIVOSSPK34_148 avg. like is -103.64 over 695 frames.
LOG (gmm-acc-stats-ali[5.5.929~1-9bca2]:main():gmm-acc-stats-ali.cc:105) Processed 2350 utterances; for utterance VIVOSSPK34_198 avg. like is -103.925 over 354 frames.
LOG (gmm-acc-stats-ali[5.5.929~1-9bca2]:main():gmm-acc-stats-ali.cc:105) Processed 2400 utterances; for utterance VIVOSSPK34_248 avg. like is -103.057 over 482 frames.
LOG (gmm-acc-stats-ali[5.5.929~1-9bca2]:main():gmm-acc-stats-ali.cc:105) Processed 2450 utterances; for utterance VIVOSSPK34_298 avg. like is -106.202 over 576 frames.
LOG (gmm-acc-stats-ali[5.5.929~1-9bca2]:main():gmm-acc-stats-ali.cc:105) Processed 2500 utterances; for utterance VIVOSSPK35_048 avg. like is -92.2675 over 1511 frames.
LOG (gmm-acc-stats-ali[5.5.929~1-9bca2]:main():gmm-acc-stats-ali.cc:105) Processed 2550 utterances; for utterance VIVOSSPK35_098 avg. like is -89.6753 over 1348 frames.
LOG (gmm-acc-stats-ali[5.5.929~1-9bca2]:main():gmm-acc-stats-ali.cc:105) Processed 2600 utterances; for utterance VIVOSSPK35_148 avg. like is -92.8434 over 948 frames.
LOG (gmm-acc-stats-ali[5.5.929~1-9bca2]:main():gmm-acc-stats-ali.cc:105) Processed 2650 utterances; for utterance VIVOSSPK35_198 avg. like is -90.7314 over 1282 frames.
LOG (gmm-acc-stats-ali[5.5.929~1-9bca2]:main():gmm-acc-stats-ali.cc:105) Processed 2700 utterances; for utterance VIVOSSPK35_248 avg. like is -91.6905 over 1023 frames.
WARNING (gmm-acc-stats-ali[5.5.929~1-9bca2]:main():gmm-acc-stats-ali.cc:79) No alignment for utterance VIVOSSPK35_262
LOG (gmm-acc-stats-ali[5.5.929~1-9bca2]:main():gmm-acc-stats-ali.cc:105) Processed 2750 utterances; for utterance VIVOSSPK36_037 avg. like is -103.158 over 661 frames.
LOG (gmm-acc-stats-ali[5.5.929~1-9bca2]:main():gmm-acc-stats-ali.cc:105) Processed 2800 utterances; for utterance VIVOSSPK36_087 avg. like is -102.508 over 645 frames.
LOG (gmm-acc-stats-ali[5.5.929~1-9bca2]:main():gmm-acc-stats-ali.cc:105) Processed 2850 utterances; for utterance VIVOSSPK36_137 avg. like is -102.238 over 367 frames.
LOG (gmm-acc-stats-ali[5.5.929~1-9bca2]:main():gmm-acc-stats-ali.cc:105) Processed 2900 utterances; for utterance VIVOSSPK36_187 avg. like is -101.662 over 486 frames.
LOG (gmm-acc-stats-ali[5.5.929~1-9bca2]:main():gmm-acc-stats-ali.cc:105) Processed 2950 utterances; for utterance VIVOSSPK37_012 avg. like is -99.6904 over 570 frames.
LOG (gmm-acc-stats-ali[5.5.929~1-9bca2]:main():gmm-acc-stats-ali.cc:105) Processed 3000 utterances; for utterance VIVOSSPK37_062 avg. like is -101.291 over 467 frames.
LOG (gmm-acc-stats-ali[5.5.929~1-9bca2]:main():gmm-acc-stats-ali.cc:105) Processed 3050 utterances; for utterance VIVOSSPK37_112 avg. like is -101.603 over 761 frames.
LOG (gmm-acc-stats-ali[5.5.929~1-9bca2]:main():gmm-acc-stats-ali.cc:105) Processed 3100 utterances; for utterance VIVOSSPK38_031 avg. like is -99.4291 over 601 frames.
LOG (gmm-acc-stats-ali[5.5.929~1-9bca2]:main():gmm-acc-stats-ali.cc:105) Processed 3150 utterances; for utterance VIVOSSPK38_081 avg. like is -101.112 over 507 frames.
LOG (gmm-acc-stats-ali[5.5.929~1-9bca2]:main():gmm-acc-stats-ali.cc:105) Processed 3200 utterances; for utterance VIVOSSPK38_131 avg. like is -99.2279 over 798 frames.
LOG (gmm-acc-stats-ali[5.5.929~1-9bca2]:main():gmm-acc-stats-ali.cc:105) Processed 3250 utterances; for utterance VIVOSSPK38_181 avg. like is -102.468 over 661 frames.
LOG (gmm-acc-stats-ali[5.5.929~1-9bca2]:main():gmm-acc-stats-ali.cc:105) Processed 3300 utterances; for utterance VIVOSSPK38_231 avg. like is -99.6026 over 839 frames.
LOG (gmm-acc-stats-ali[5.5.929~1-9bca2]:main():gmm-acc-stats-ali.cc:105) Processed 3350 utterances; for utterance VIVOSSPK38_281 avg. like is -101.103 over 511 frames.
LOG (gmm-acc-stats-ali[5.5.929~1-9bca2]:main():gmm-acc-stats-ali.cc:105) Processed 3400 utterances; for utterance VIVOSSPK39_039 avg. like is -99.9771 over 532 frames.
LOG (gmm-acc-stats-ali[5.5.929~1-9bca2]:main():gmm-acc-stats-ali.cc:105) Processed 3450 utterances; for utterance VIVOSSPK39_089 avg. like is -101.041 over 948 frames.
LOG (gmm-acc-stats-ali[5.5.929~1-9bca2]:main():gmm-acc-stats-ali.cc:105) Processed 3500 utterances; for utterance VIVOSSPK39_139 avg. like is -99.3934 over 464 frames.
LOG (gmm-acc-stats-ali[5.5.929~1-9bca2]:main():gmm-acc-stats-ali.cc:105) Processed 3550 utterances; for utterance VIVOSSPK40_005 avg. like is -101.918 over 429 frames.
LOG (gmm-acc-stats-ali[5.5.929~1-9bca2]:main():gmm-acc-stats-ali.cc:105) Processed 3600 utterances; for utterance VIVOSSPK40_055 avg. like is -100.265 over 342 frames.
LOG (gmm-acc-stats-ali[5.5.929~1-9bca2]:main():gmm-acc-stats-ali.cc:105) Processed 3650 utterances; for utterance VIVOSSPK40_105 avg. like is -101.335 over 304 frames.
LOG (gmm-acc-stats-ali[5.5.929~1-9bca2]:main():gmm-acc-stats-ali.cc:105) Processed 3700 utterances; for utterance VIVOSSPK40_155 avg. like is -100.33 over 379 frames.
WARNING (gmm-acc-stats-ali[5.5.929~1-9bca2]:main():gmm-acc-stats-ali.cc:79) No alignment for utterance VIVOSSPK40_185
LOG (gmm-acc-stats-ali[5.5.929~1-9bca2]:main():gmm-acc-stats-ali.cc:105) Processed 3750 utterances; for utterance VIVOSSPK40_206 avg. like is -100.948 over 310 frames.
WARNING (gmm-acc-stats-ali[5.5.929~1-9bca2]:main():gmm-acc-stats-ali.cc:79) No alignment for utterance VIVOSSPK40_241
LOG (gmm-acc-stats-ali[5.5.929~1-9bca2]:main():gmm-acc-stats-ali.cc:105) Processed 3800 utterances; for utterance VIVOSSPK40_257 avg. like is -101.956 over 260 frames.
WARNING (gmm-acc-stats-ali[5.5.929~1-9bca2]:main():gmm-acc-stats-ali.cc:79) No alignment for utterance VIVOSSPK40_258
WARNING (gmm-acc-stats-ali[5.5.929~1-9bca2]:main():gmm-acc-stats-ali.cc:79) No alignment for utterance VIVOSSPK40_282
LOG (gmm-acc-stats-ali[5.5.929~1-9bca2]:main():gmm-acc-stats-ali.cc:105) Processed 3850 utterances; for utterance VIVOSSPK41_009 avg. like is -102.602 over 373 frames.
LOG (gmm-acc-stats-ali[5.5.929~1-9bca2]:main():gmm-acc-stats-ali.cc:105) Processed 3900 utterances; for utterance VIVOSSPK41_059 avg. like is -99.2549 over 373 frames.
WARNING (gmm-acc-stats-ali[5.5.929~1-9bca2]:main():gmm-acc-stats-ali.cc:79) No alignment for utterance VIVOSSPK41_077
WARNING (gmm-acc-stats-ali[5.5.929~1-9bca2]:main():gmm-acc-stats-ali.cc:79) No alignment for utterance VIVOSSPK41_108
LOG (gmm-acc-stats-ali[5.5.929~1-9bca2]:main():gmm-acc-stats-ali.cc:105) Processed 3950 utterances; for utterance VIVOSSPK41_111 avg. like is -102.361 over 257 frames.
WARNING (gmm-acc-stats-ali[5.5.929~1-9bca2]:main():gmm-acc-stats-ali.cc:79) No alignment for utterance VIVOSSPK41_120
WARNING (gmm-acc-stats-ali[5.5.929~1-9bca2]:main():gmm-acc-stats-ali.cc:79) No alignment for utterance VIVOSSPK41_121
WARNING (gmm-acc-stats-ali[5.5.929~1-9bca2]:main():gmm-acc-stats-ali.cc:79) No alignment for utterance VIVOSSPK41_148
WARNING (gmm-acc-stats-ali[5.5.929~1-9bca2]:main():gmm-acc-stats-ali.cc:79) No alignment for utterance VIVOSSPK41_154
LOG (gmm-acc-stats-ali[5.5.929~1-9bca2]:main():gmm-acc-stats-ali.cc:105) Processed 4000 utterances; for utterance VIVOSSPK41_165 avg. like is -102.619 over 342 frames.
LOG (gmm-acc-stats-ali[5.5.929~1-9bca2]:main():gmm-acc-stats-ali.cc:105) Processed 4050 utterances; for utterance VIVOSSPK41_215 avg. like is -103.752 over 298 frames.
LOG (gmm-acc-stats-ali[5.5.929~1-9bca2]:main():gmm-acc-stats-ali.cc:105) Processed 4100 utterances; for utterance VIVOSSPK41_265 avg. like is -102.058 over 398 frames.
LOG (gmm-acc-stats-ali[5.5.929~1-9bca2]:main():gmm-acc-stats-ali.cc:105) Processed 4150 utterances; for utterance VIVOSSPK42_015 avg. like is -94.8536 over 435 frames.
LOG (gmm-acc-stats-ali[5.5.929~1-9bca2]:main():gmm-acc-stats-ali.cc:105) Processed 4200 utterances; for utterance VIVOSSPK42_065 avg. like is -102.075 over 367 frames.
WARNING (gmm-acc-stats-ali[5.5.929~1-9bca2]:main():gmm-acc-stats-ali.cc:79) No alignment for utterance VIVOSSPK42_066
WARNING (gmm-acc-stats-ali[5.5.929~1-9bca2]:main():gmm-acc-stats-ali.cc:79) No alignment for utterance VIVOSSPK42_067
LOG (gmm-acc-stats-ali[5.5.929~1-9bca2]:main():gmm-acc-stats-ali.cc:105) Processed 4250 utterances; for utterance VIVOSSPK42_117 avg. like is -98.072 over 454 frames.
WARNING (gmm-acc-stats-ali[5.5.929~1-9bca2]:main():gmm-acc-stats-ali.cc:79) No alignment for utterance VIVOSSPK42_127
WARNING (gmm-acc-stats-ali[5.5.929~1-9bca2]:main():gmm-acc-stats-ali.cc:79) No alignment for utterance VIVOSSPK42_162
LOG (gmm-acc-stats-ali[5.5.929~1-9bca2]:main():gmm-acc-stats-ali.cc:105) Processed 4300 utterances; for utterance VIVOSSPK42_169 avg. like is -102.283 over 323 frames.
LOG (gmm-acc-stats-ali[5.5.929~1-9bca2]:main():gmm-acc-stats-ali.cc:105) Processed 4350 utterances; for utterance VIVOSSPK42_219 avg. like is -101.169 over 323 frames.
WARNING (gmm-acc-stats-ali[5.5.929~1-9bca2]:main():gmm-acc-stats-ali.cc:79) No alignment for utterance VIVOSSPK42_246
WARNING (gmm-acc-stats-ali[5.5.929~1-9bca2]:main():gmm-acc-stats-ali.cc:79) No alignment for utterance VIVOSSPK42_247
WARNING (gmm-acc-stats-ali[5.5.929~1-9bca2]:main():gmm-acc-stats-ali.cc:79) No alignment for utterance VIVOSSPK42_258
LOG (gmm-acc-stats-ali[5.5.929~1-9bca2]:main():gmm-acc-stats-ali.cc:105) Processed 4400 utterances; for utterance VIVOSSPK42_272 avg. like is -94.373 over 329 frames.
WARNING (gmm-acc-stats-ali[5.5.929~1-9bca2]:main():gmm-acc-stats-ali.cc:79) No alignment for utterance VIVOSSPK42_300
LOG (gmm-acc-stats-ali[5.5.929~1-9bca2]:main():gmm-acc-stats-ali.cc:105) Processed 4450 utterances; for utterance VIVOSSPK43_023 avg. like is -100.089 over 404 frames.
LOG (gmm-acc-stats-ali[5.5.929~1-9bca2]:main():gmm-acc-stats-ali.cc:105) Processed 4500 utterances; for utterance VIVOSSPK43_073 avg. like is -104.957 over 242 frames.
WARNING (gmm-acc-stats-ali[5.5.929~1-9bca2]:main():gmm-acc-stats-ali.cc:79) No alignment for utterance VIVOSSPK43_109
LOG (gmm-acc-stats-ali[5.5.929~1-9bca2]:main():gmm-acc-stats-ali.cc:105) Processed 4550 utterances; for utterance VIVOSSPK43_124 avg. like is -101.353 over 292 frames.
LOG (gmm-acc-stats-ali[5.5.929~1-9bca2]:main():gmm-acc-stats-ali.cc:105) Processed 4600 utterances; for utterance VIVOSSPK43_174 avg. like is -104.346 over 267 frames.
LOG (gmm-acc-stats-ali[5.5.929~1-9bca2]:main():gmm-acc-stats-ali.cc:105) Processed 4650 utterances; for utterance VIVOSSPK43_224 avg. like is -106.823 over 276 frames.
LOG (gmm-acc-stats-ali[5.5.929~1-9bca2]:main():gmm-acc-stats-ali.cc:105) Processed 4700 utterances; for utterance VIVOSSPK43_274 avg. like is -103.004 over 345 frames.
LOG (gmm-acc-stats-ali[5.5.929~1-9bca2]:main():gmm-acc-stats-ali.cc:105) Processed 4750 utterances; for utterance VIVOSSPK44_024 avg. like is -107.489 over 373 frames.
LOG (gmm-acc-stats-ali[5.5.929~1-9bca2]:main():gmm-acc-stats-ali.cc:105) Processed 4800 utterances; for utterance VIVOSSPK44_074 avg. like is -102.137 over 367 frames.
LOG (gmm-acc-stats-ali[5.5.929~1-9bca2]:main():gmm-acc-stats-ali.cc:105) Processed 4850 utterances; for utterance VIVOSSPK44_124 avg. like is -103.045 over 267 frames.
WARNING (gmm-acc-stats-ali[5.5.929~1-9bca2]:main():gmm-acc-stats-ali.cc:79) No alignment for utterance VIVOSSPK44_144
LOG (gmm-acc-stats-ali[5.5.929~1-9bca2]:main():gmm-acc-stats-ali.cc:105) Processed 4900 utterances; for utterance VIVOSSPK44_175 avg. like is -101.833 over 298 frames.
LOG (gmm-acc-stats-ali[5.5.929~1-9bca2]:main():gmm-acc-stats-ali.cc:105) Processed 4950 utterances; for utterance VIVOSSPK44_225 avg. like is -101.308 over 364 frames.
LOG (gmm-acc-stats-ali[5.5.929~1-9bca2]:main():gmm-acc-stats-ali.cc:105) Processed 5000 utterances; for utterance VIVOSSPK44_275 avg. like is -103.98 over 360 frames.
LOG (gmm-acc-stats-ali[5.5.929~1-9bca2]:main():gmm-acc-stats-ali.cc:105) Processed 5050 utterances; for utterance VIVOSSPK45_025 avg. like is -99.2449 over 385 frames.
LOG (gmm-acc-stats-ali[5.5.929~1-9bca2]:main():gmm-acc-stats-ali.cc:105) Processed 5100 utterances; for utterance VIVOSSPK45_075 avg. like is -103.165 over 354 frames.
LOG (gmm-acc-stats-ali[5.5.929~1-9bca2]:main():gmm-acc-stats-ali.cc:105) Processed 5150 utterances; for utterance VIVOSSPK45_125 avg. like is -100.556 over 404 frames.
LOG (gmm-acc-stats-ali[5.5.929~1-9bca2]:main():gmm-acc-stats-ali.cc:105) Processed 5200 utterances; for utterance VIVOSSPK45_175 avg. like is -99.7542 over 407 frames.
LOG (gmm-acc-stats-ali[5.5.929~1-9bca2]:main():gmm-acc-stats-ali.cc:105) Processed 5250 utterances; for utterance VIVOSSPK45_225 avg. like is -98.9191 over 410 frames.
LOG (gmm-acc-stats-ali[5.5.929~1-9bca2]:main():gmm-acc-stats-ali.cc:105) Processed 5300 utterances; for utterance VIVOSSPK45_275 avg. like is -100.167 over 460 frames.
LOG (gmm-acc-stats-ali[5.5.929~1-9bca2]:main():gmm-acc-stats-ali.cc:105) Processed 5350 utterances; for utterance VIVOSSPK46_025 avg. like is -96.5896 over 573 frames.
LOG (gmm-acc-stats-ali[5.5.929~1-9bca2]:main():gmm-acc-stats-ali.cc:105) Processed 5400 utterances; for utterance VIVOSSPK46_075 avg. like is -97.4816 over 457 frames.
LOG (gmm-acc-stats-ali[5.5.929~1-9bca2]:main():gmm-acc-stats-ali.cc:105) Processed 5450 utterances; for utterance VIVOSSPK46_125 avg. like is -95.6892 over 485 frames.
LOG (gmm-acc-stats-ali[5.5.929~1-9bca2]:main():gmm-acc-stats-ali.cc:105) Processed 5500 utterances; for utterance VIVOSSPK46_175 avg. like is -97.7785 over 370 frames.
LOG (gmm-acc-stats-ali[5.5.929~1-9bca2]:main():gmm-acc-stats-ali.cc:105) Processed 5550 utterances; for utterance VIVOSSPK46_225 avg. like is -95.5396 over 467 frames.
LOG (gmm-acc-stats-ali[5.5.929~1-9bca2]:main():gmm-acc-stats-ali.cc:105) Processed 5600 utterances; for utterance VIVOSSPK46_275 avg. like is -98.238 over 473 frames.
WARNING (gmm-acc-stats-ali[5.5.929~1-9bca2]:main():gmm-acc-stats-ali.cc:79) No alignment for utterance VIVOSSPK46_288
LOG (gmm-acc-stats-ali[5.5.929~1-9bca2]:main():gmm-acc-stats-ali.cc:105) Processed 5650 utterances; for utterance XHUSTSPK01_R026 avg. like is -103.35 over 505 frames.
LOG (gmm-acc-stats-ali[5.5.929~1-9bca2]:main():gmm-acc-stats-ali.cc:105) Processed 5700 utterances; for utterance XHUSTSPK01_R076 avg. like is -104.465 over 258 frames.
LOG (gmm-acc-stats-ali[5.5.929~1-9bca2]:main():gmm-acc-stats-ali.cc:105) Processed 5750 utterances; for utterance XHUSTSPK01_R126 avg. like is -102.784 over 357 frames.
LOG (gmm-acc-stats-ali[5.5.929~1-9bca2]:main():gmm-acc-stats-ali.cc:105) Processed 5800 utterances; for utterance XHUSTSPK01_R176 avg. like is -104.223 over 350 frames.
LOG (gmm-acc-stats-ali[5.5.929~1-9bca2]:main():gmm-acc-stats-ali.cc:105) Processed 5850 utterances; for utterance XHUSTSPK01_R226 avg. like is -103.436 over 253 frames.
LOG (gmm-acc-stats-ali[5.5.929~1-9bca2]:main():gmm-acc-stats-ali.cc:105) Processed 5900 utterances; for utterance XHUSTSPK02_R276 avg. like is -105.669 over 165 frames.
LOG (gmm-acc-stats-ali[5.5.929~1-9bca2]:main():gmm-acc-stats-ali.cc:105) Processed 5950 utterances; for utterance XHUSTSPK02_R326 avg. like is -107.94 over 239 frames.
LOG (gmm-acc-stats-ali[5.5.929~1-9bca2]:main():gmm-acc-stats-ali.cc:105) Processed 6000 utterances; for utterance XHUSTSPK02_R376 avg. like is -109.881 over 477 frames.
LOG (gmm-acc-stats-ali[5.5.929~1-9bca2]:main():gmm-acc-stats-ali.cc:105) Processed 6050 utterances; for utterance XHUSTSPK02_R426 avg. like is -104.92 over 179 frames.
LOG (gmm-acc-stats-ali[5.5.929~1-9bca2]:main():gmm-acc-stats-ali.cc:105) Processed 6100 utterances; for utterance XHUSTSPK02_R476 avg. like is -104.271 over 383 frames.
LOG (gmm-acc-stats-ali[5.5.929~1-9bca2]:main():gmm-acc-stats-ali.cc:105) Processed 6150 utterances; for utterance XHUSTSPK03_R526 avg. like is -107.8 over 464 frames.
LOG (gmm-acc-stats-ali[5.5.929~1-9bca2]:main():gmm-acc-stats-ali.cc:105) Processed 6200 utterances; for utterance XHUSTSPK03_R576 avg. like is -105.096 over 415 frames.
LOG (gmm-acc-stats-ali[5.5.929~1-9bca2]:main():gmm-acc-stats-ali.cc:105) Processed 6250 utterances; for utterance XHUSTSPK03_R626 avg. like is -104.845 over 549 frames.
LOG (gmm-acc-stats-ali[5.5.929~1-9bca2]:main():gmm-acc-stats-ali.cc:105) Processed 6300 utterances; for utterance XHUSTSPK03_R676 avg. like is -105.544 over 604 frames.
LOG (gmm-acc-stats-ali[5.5.929~1-9bca2]:main():gmm-acc-stats-ali.cc:105) Processed 6350 utterances; for utterance XHUSTSPK03_R726 avg. like is -104.184 over 552 frames.
LOG (gmm-acc-stats-ali[5.5.929~1-9bca2]:main():gmm-acc-stats-ali.cc:105) Processed 6400 utterances; for utterance XHUSTSPK04_R776 avg. like is -106.573 over 477 frames.
LOG (gmm-acc-stats-ali[5.5.929~1-9bca2]:main():gmm-acc-stats-ali.cc:105) Processed 6450 utterances; for utterance XHUSTSPK04_R826 avg. like is -103.146 over 175 frames.
LOG (gmm-acc-stats-ali[5.5.929~1-9bca2]:main():gmm-acc-stats-ali.cc:105) Processed 6500 utterances; for utterance XHUSTSPK04_R876 avg. like is -106.357 over 579 frames.
LOG (gmm-acc-stats-ali[5.5.929~1-9bca2]:main():gmm-acc-stats-ali.cc:105) Processed 6550 utterances; for utterance XHUSTSPK04_R926 avg. like is -103.106 over 220 frames.
LOG (gmm-acc-stats-ali[5.5.929~1-9bca2]:main():gmm-acc-stats-ali.cc:105) Processed 6600 utterances; for utterance XHUSTSPK04_R976 avg. like is -107.247 over 150 frames.
LOG (apply-cmvn[5.5.929~1-9bca2]:main():apply-cmvn.cc:162) Applied cepstral mean normalization to 6660 utterances, errors on 0
LOG (gmm-acc-stats-ali[5.5.929~1-9bca2]:main():gmm-acc-stats-ali.cc:112) Done 6624 files, 36 with errors.
LOG (gmm-acc-stats-ali[5.5.929~1-9bca2]:main():gmm-acc-stats-ali.cc:115) Overall avg like per frame (Gaussian only) = -100.493 over 3692391 frames.
LOG (gmm-acc-stats-ali[5.5.929~1-9bca2]:main():gmm-acc-stats-ali.cc:123) Written accs.
# Accounting: time=15 threads=1
# Ended (code 0) at Fri Aug 13 02:27:44 +07 2021, elapsed time 15 seconds
