# ali-to-post "ark:gunzip -c ./exp/tri3_ali/pre_ali.2.gz|" ark:- | weight-silence-post 0.0 1 ./exp/tri3/final.alimdl ark:- ark:- | gmm-post-to-gpost ./exp/tri3/final.alimdl "ark,s,cs:apply-cmvn  --utt2spk=ark:./data/train/split4/2/utt2spk scp:./data/train/split4/2/cmvn.scp scp:./data/train/split4/2/feats.scp ark:- | splice-feats --left-context=3 --right-context=3 ark:- ark:- | transform-feats ./exp/tri3/final.mat ark:- ark:- |" ark:- ark:- | gmm-est-fmllr-gpost --fmllr-update-type=full --spk2utt=ark:./data/train/split4/2/spk2utt ./exp/tri3/final.mdl "ark,s,cs:apply-cmvn  --utt2spk=ark:./data/train/split4/2/utt2spk scp:./data/train/split4/2/cmvn.scp scp:./data/train/split4/2/feats.scp ark:- | splice-feats --left-context=3 --right-context=3 ark:- ark:- | transform-feats ./exp/tri3/final.mat ark:- ark:- |" ark,s,cs:- ark:./exp/tri3_ali/trans.2 
# Started at Fri Aug 13 03:50:23 +07 2021
#
ali-to-post 'ark:gunzip -c ./exp/tri3_ali/pre_ali.2.gz|' ark:- 
gmm-post-to-gpost ./exp/tri3/final.alimdl 'ark,s,cs:apply-cmvn  --utt2spk=ark:./data/train/split4/2/utt2spk scp:./data/train/split4/2/cmvn.scp scp:./data/train/split4/2/feats.scp ark:- | splice-feats --left-context=3 --right-context=3 ark:- ark:- | transform-feats ./exp/tri3/final.mat ark:- ark:- |' ark:- ark:- 
gmm-est-fmllr-gpost --fmllr-update-type=full --spk2utt=ark:./data/train/split4/2/spk2utt ./exp/tri3/final.mdl 'ark,s,cs:apply-cmvn  --utt2spk=ark:./data/train/split4/2/utt2spk scp:./data/train/split4/2/cmvn.scp scp:./data/train/split4/2/feats.scp ark:- | splice-feats --left-context=3 --right-context=3 ark:- ark:- | transform-feats ./exp/tri3/final.mat ark:- ark:- |' ark,s,cs:- ark:./exp/tri3_ali/trans.2 
weight-silence-post 0.0 1 ./exp/tri3/final.alimdl ark:- ark:- 
apply-cmvn --utt2spk=ark:./data/train/split4/2/utt2spk scp:./data/train/split4/2/cmvn.scp scp:./data/train/split4/2/feats.scp ark:- 
splice-feats --left-context=3 --right-context=3 ark:- ark:- 
transform-feats ./exp/tri3/final.mat ark:- ark:- 
apply-cmvn --utt2spk=ark:./data/train/split4/2/utt2spk scp:./data/train/split4/2/cmvn.scp scp:./data/train/split4/2/feats.scp ark:- 
transform-feats ./exp/tri3/final.mat ark:- ark:- 
splice-feats --left-context=3 --right-context=3 ark:- ark:- 
LOG (gmm-est-fmllr-gpost[5.5.929~1-9bca2]:ComputeFmllrMatrixDiagGmmFull():fmllr-diag-gmm.cc:262) fMLLR objf improvement is 1.59166 per frame over 483448 frames.
LOG (gmm-est-fmllr-gpost[5.5.929~1-9bca2]:main():gmm-est-fmllr-gpost.cc:141) For speaker 0/7, auxf-impr from fMLLR is 1.59166, over 483448 frames.

LOG (ali-to-post[5.5.929~1-9bca2]:main():ali-to-post.cc:73) Converted 6995 alignments.
LOG (weight-silence-post[5.5.929~1-9bca2]:main():weight-silence-post.cc:95) Done 6995 posteriors.
WARNING (gmm-est-fmllr-gpost[5.5.929~1-9bca2]:main():gmm-est-fmllr-gpost.cc:116) Did not find posteriors for utterance 0/8/08446
WARNING (gmm-est-fmllr-gpost[5.5.929~1-9bca2]:main():gmm-est-fmllr-gpost.cc:116) Did not find posteriors for utterance 0/8/08620
LOG (gmm-est-fmllr-gpost[5.5.929~1-9bca2]:ComputeFmllrMatrixDiagGmmFull():fmllr-diag-gmm.cc:262) fMLLR objf improvement is 2.13405 per frame over 469681 frames.
LOG (gmm-est-fmllr-gpost[5.5.929~1-9bca2]:main():gmm-est-fmllr-gpost.cc:141) For speaker 0/8, auxf-impr from fMLLR is 2.13405, over 469681 frames.

LOG (gmm-est-fmllr-gpost[5.5.929~1-9bca2]:ComputeFmllrMatrixDiagGmmFull():fmllr-diag-gmm.cc:262) fMLLR objf improvement is 2.19984 per frame over 491127 frames.
LOG (gmm-est-fmllr-gpost[5.5.929~1-9bca2]:main():gmm-est-fmllr-gpost.cc:141) For speaker 0/9, auxf-impr from fMLLR is 2.19984, over 491127 frames.

WARNING (gmm-est-fmllr-gpost[5.5.929~1-9bca2]:main():gmm-est-fmllr-gpost.cc:116) Did not find posteriors for utterance 1/0/10757
LOG (gmm-est-fmllr-gpost[5.5.929~1-9bca2]:ComputeFmllrMatrixDiagGmmFull():fmllr-diag-gmm.cc:262) fMLLR objf improvement is 2.44344 per frame over 486144 frames.
LOG (gmm-est-fmllr-gpost[5.5.929~1-9bca2]:main():gmm-est-fmllr-gpost.cc:141) For speaker 1/0, auxf-impr from fMLLR is 2.44344, over 486144 frames.

LOG (gmm-est-fmllr-gpost[5.5.929~1-9bca2]:ComputeFmllrMatrixDiagGmmFull():fmllr-diag-gmm.cc:262) fMLLR objf improvement is 2.15988 per frame over 493682 frames.
LOG (gmm-est-fmllr-gpost[5.5.929~1-9bca2]:main():gmm-est-fmllr-gpost.cc:141) For speaker 1/1, auxf-impr from fMLLR is 2.15988, over 493682 frames.

LOG (gmm-est-fmllr-gpost[5.5.929~1-9bca2]:ComputeFmllrMatrixDiagGmmFull():fmllr-diag-gmm.cc:262) fMLLR objf improvement is 1.58652 per frame over 511386 frames.
LOG (gmm-est-fmllr-gpost[5.5.929~1-9bca2]:main():gmm-est-fmllr-gpost.cc:141) For speaker 1/2, auxf-impr from fMLLR is 1.58652, over 511386 frames.

WARNING (gmm-est-fmllr-gpost[5.5.929~1-9bca2]:main():gmm-est-fmllr-gpost.cc:116) Did not find posteriors for utterance 1/3/13070
WARNING (gmm-est-fmllr-gpost[5.5.929~1-9bca2]:main():gmm-est-fmllr-gpost.cc:116) Did not find posteriors for utterance 1/3/13727
LOG (apply-cmvn[5.5.929~1-9bca2]:main():apply-cmvn.cc:162) Applied cepstral mean normalization to 7000 utterances, errors on 0
LOG (apply-cmvn[5.5.929~1-9bca2]:main():apply-cmvn.cc:162) Applied cepstral mean normalization to 7000 utterances, errors on 0
LOG (transform-feats[5.5.929~1-9bca2]:main():transform-feats.cc:158) Overall average [pseudo-]logdet is -94.5228 over 4.27792e+06 frames.
LOG (transform-feats[5.5.929~1-9bca2]:main():transform-feats.cc:161) Applied transform to 7000 utterances; 0 had errors.
LOG (gmm-post-to-gpost[5.5.929~1-9bca2]:main():gmm-post-to-gpost.cc:124) Done 6995 files, 5 with no posteriors, 0 with other errors.
LOG (gmm-post-to-gpost[5.5.929~1-9bca2]:main():gmm-post-to-gpost.cc:128) Overall avg like per frame (Gaussian only) = -46.1669 over 3.44352e+06 frames.
LOG (gmm-post-to-gpost[5.5.929~1-9bca2]:main():gmm-post-to-gpost.cc:131) Done converting post to gpost
LOG (transform-feats[5.5.929~1-9bca2]:main():transform-feats.cc:158) Overall average [pseudo-]logdet is -94.5228 over 4.27792e+06 frames.
LOG (transform-feats[5.5.929~1-9bca2]:main():transform-feats.cc:161) Applied transform to 7000 utterances; 0 had errors.
LOG (gmm-est-fmllr-gpost[5.5.929~1-9bca2]:ComputeFmllrMatrixDiagGmmFull():fmllr-diag-gmm.cc:262) fMLLR objf improvement is 2.04222 per frame over 508055 frames.
LOG (gmm-est-fmllr-gpost[5.5.929~1-9bca2]:main():gmm-est-fmllr-gpost.cc:141) For speaker 1/3, auxf-impr from fMLLR is 2.04222, over 508055 frames.

LOG (gmm-est-fmllr-gpost[5.5.929~1-9bca2]:main():gmm-est-fmllr-gpost.cc:186) Done 6995 files, 5 with no gposts, 0 with other errors.
LOG (gmm-est-fmllr-gpost[5.5.929~1-9bca2]:main():gmm-est-fmllr-gpost.cc:188) Overall fMLLR auxf impr per frame is 2.01981 over 3.44352e+06 frames.
# Accounting: time=103 threads=1
# Ended (code 0) at Fri Aug 13 03:52:06 +07 2021, elapsed time 103 seconds
