# ali-to-post "ark:gunzip -c ./exp/tri3_ali/pre_ali.3.gz|" ark:- | weight-silence-post 0.0 1 ./exp/tri3/final.alimdl ark:- ark:- | gmm-post-to-gpost ./exp/tri3/final.alimdl "ark,s,cs:apply-cmvn  --utt2spk=ark:./data/train/split4/3/utt2spk scp:./data/train/split4/3/cmvn.scp scp:./data/train/split4/3/feats.scp ark:- | splice-feats --left-context=3 --right-context=3 ark:- ark:- | transform-feats ./exp/tri3/final.mat ark:- ark:- |" ark:- ark:- | gmm-est-fmllr-gpost --fmllr-update-type=full --spk2utt=ark:./data/train/split4/3/spk2utt ./exp/tri3/final.mdl "ark,s,cs:apply-cmvn  --utt2spk=ark:./data/train/split4/3/utt2spk scp:./data/train/split4/3/cmvn.scp scp:./data/train/split4/3/feats.scp ark:- | splice-feats --left-context=3 --right-context=3 ark:- ark:- | transform-feats ./exp/tri3/final.mat ark:- ark:- |" ark,s,cs:- ark:./exp/tri3_ali/trans.3 
# Started at Fri Aug 13 03:50:23 +07 2021
#
ali-to-post 'ark:gunzip -c ./exp/tri3_ali/pre_ali.3.gz|' ark:- 
gmm-post-to-gpost ./exp/tri3/final.alimdl 'ark,s,cs:apply-cmvn  --utt2spk=ark:./data/train/split4/3/utt2spk scp:./data/train/split4/3/cmvn.scp scp:./data/train/split4/3/feats.scp ark:- | splice-feats --left-context=3 --right-context=3 ark:- ark:- | transform-feats ./exp/tri3/final.mat ark:- ark:- |' ark:- ark:- 
gmm-est-fmllr-gpost --fmllr-update-type=full --spk2utt=ark:./data/train/split4/3/spk2utt ./exp/tri3/final.mdl 'ark,s,cs:apply-cmvn  --utt2spk=ark:./data/train/split4/3/utt2spk scp:./data/train/split4/3/cmvn.scp scp:./data/train/split4/3/feats.scp ark:- | splice-feats --left-context=3 --right-context=3 ark:- ark:- | transform-feats ./exp/tri3/final.mat ark:- ark:- |' ark,s,cs:- ark:./exp/tri3_ali/trans.3 
weight-silence-post 0.0 1 ./exp/tri3/final.alimdl ark:- ark:- 
splice-feats --left-context=3 --right-context=3 ark:- ark:- 
transform-feats ./exp/tri3/final.mat ark:- ark:- 
apply-cmvn --utt2spk=ark:./data/train/split4/3/utt2spk scp:./data/train/split4/3/cmvn.scp scp:./data/train/split4/3/feats.scp ark:- 
apply-cmvn --utt2spk=ark:./data/train/split4/3/utt2spk scp:./data/train/split4/3/cmvn.scp scp:./data/train/split4/3/feats.scp ark:- 
splice-feats --left-context=3 --right-context=3 ark:- ark:- 
transform-feats ./exp/tri3/final.mat ark:- ark:- 
LOG (ali-to-post[5.5.929~1-9bca2]:main():ali-to-post.cc:73) Converted 6928 alignments.
LOG (weight-silence-post[5.5.929~1-9bca2]:main():weight-silence-post.cc:95) Done 6928 posteriors.
WARNING (gmm-est-fmllr-gpost[5.5.929~1-9bca2]:main():gmm-est-fmllr-gpost.cc:116) Did not find posteriors for utterance 1/4/14021
LOG (gmm-est-fmllr-gpost[5.5.929~1-9bca2]:ComputeFmllrMatrixDiagGmmFull():fmllr-diag-gmm.cc:262) fMLLR objf improvement is 2.5576 per frame over 449169 frames.
LOG (gmm-est-fmllr-gpost[5.5.929~1-9bca2]:main():gmm-est-fmllr-gpost.cc:141) For speaker 1/4, auxf-impr from fMLLR is 2.5576, over 449169 frames.

LOG (gmm-est-fmllr-gpost[5.5.929~1-9bca2]:ComputeFmllrMatrixDiagGmmFull():fmllr-diag-gmm.cc:262) fMLLR objf improvement is 6.98751 per frame over 56385 frames.
LOG (gmm-est-fmllr-gpost[5.5.929~1-9bca2]:main():gmm-est-fmllr-gpost.cc:141) For speaker VIVOSSPK01, auxf-impr from fMLLR is 6.98751, over 56385 frames.

LOG (gmm-est-fmllr-gpost[5.5.929~1-9bca2]:ComputeFmllrMatrixDiagGmmFull():fmllr-diag-gmm.cc:262) fMLLR objf improvement is 7.59403 per frame over 59597 frames.
LOG (gmm-est-fmllr-gpost[5.5.929~1-9bca2]:main():gmm-est-fmllr-gpost.cc:141) For speaker VIVOSSPK02, auxf-impr from fMLLR is 7.59403, over 59597 frames.

LOG (gmm-est-fmllr-gpost[5.5.929~1-9bca2]:ComputeFmllrMatrixDiagGmmFull():fmllr-diag-gmm.cc:262) fMLLR objf improvement is 6.97394 per frame over 53946 frames.
LOG (gmm-est-fmllr-gpost[5.5.929~1-9bca2]:main():gmm-est-fmllr-gpost.cc:141) For speaker VIVOSSPK03, auxf-impr from fMLLR is 6.97394, over 53946 frames.

LOG (gmm-est-fmllr-gpost[5.5.929~1-9bca2]:ComputeFmllrMatrixDiagGmmFull():fmllr-diag-gmm.cc:262) fMLLR objf improvement is 10.1846 per frame over 57771 frames.
LOG (gmm-est-fmllr-gpost[5.5.929~1-9bca2]:main():gmm-est-fmllr-gpost.cc:141) For speaker VIVOSSPK04, auxf-impr from fMLLR is 10.1846, over 57771 frames.

LOG (gmm-est-fmllr-gpost[5.5.929~1-9bca2]:ComputeFmllrMatrixDiagGmmFull():fmllr-diag-gmm.cc:262) fMLLR objf improvement is 8.89166 per frame over 59860 frames.
LOG (gmm-est-fmllr-gpost[5.5.929~1-9bca2]:main():gmm-est-fmllr-gpost.cc:141) For speaker VIVOSSPK05, auxf-impr from fMLLR is 8.89166, over 59860 frames.

LOG (gmm-est-fmllr-gpost[5.5.929~1-9bca2]:ComputeFmllrMatrixDiagGmmFull():fmllr-diag-gmm.cc:262) fMLLR objf improvement is 7.14407 per frame over 63033 frames.
LOG (gmm-est-fmllr-gpost[5.5.929~1-9bca2]:main():gmm-est-fmllr-gpost.cc:141) For speaker VIVOSSPK06, auxf-impr from fMLLR is 7.14407, over 63033 frames.

LOG (gmm-est-fmllr-gpost[5.5.929~1-9bca2]:ComputeFmllrMatrixDiagGmmFull():fmllr-diag-gmm.cc:262) fMLLR objf improvement is 9.29055 per frame over 59371 frames.
LOG (gmm-est-fmllr-gpost[5.5.929~1-9bca2]:main():gmm-est-fmllr-gpost.cc:141) For speaker VIVOSSPK07, auxf-impr from fMLLR is 9.29055, over 59371 frames.

LOG (gmm-est-fmllr-gpost[5.5.929~1-9bca2]:ComputeFmllrMatrixDiagGmmFull():fmllr-diag-gmm.cc:262) fMLLR objf improvement is 11.8637 per frame over 56221 frames.
LOG (gmm-est-fmllr-gpost[5.5.929~1-9bca2]:main():gmm-est-fmllr-gpost.cc:141) For speaker VIVOSSPK08, auxf-impr from fMLLR is 11.8637, over 56221 frames.

LOG (gmm-est-fmllr-gpost[5.5.929~1-9bca2]:ComputeFmllrMatrixDiagGmmFull():fmllr-diag-gmm.cc:262) fMLLR objf improvement is 11.4637 per frame over 52591 frames.
LOG (gmm-est-fmllr-gpost[5.5.929~1-9bca2]:main():gmm-est-fmllr-gpost.cc:141) For speaker VIVOSSPK09, auxf-impr from fMLLR is 11.4637, over 52591 frames.

LOG (gmm-est-fmllr-gpost[5.5.929~1-9bca2]:ComputeFmllrMatrixDiagGmmFull():fmllr-diag-gmm.cc:262) fMLLR objf improvement is 7.04437 per frame over 59945 frames.
LOG (gmm-est-fmllr-gpost[5.5.929~1-9bca2]:main():gmm-est-fmllr-gpost.cc:141) For speaker VIVOSSPK10, auxf-impr from fMLLR is 7.04437, over 59945 frames.

LOG (gmm-est-fmllr-gpost[5.5.929~1-9bca2]:ComputeFmllrMatrixDiagGmmFull():fmllr-diag-gmm.cc:262) fMLLR objf improvement is 10.4755 per frame over 60373 frames.
LOG (gmm-est-fmllr-gpost[5.5.929~1-9bca2]:main():gmm-est-fmllr-gpost.cc:141) For speaker VIVOSSPK11, auxf-impr from fMLLR is 10.4755, over 60373 frames.

LOG (gmm-est-fmllr-gpost[5.5.929~1-9bca2]:ComputeFmllrMatrixDiagGmmFull():fmllr-diag-gmm.cc:262) fMLLR objf improvement is 9.65038 per frame over 59222 frames.
LOG (gmm-est-fmllr-gpost[5.5.929~1-9bca2]:main():gmm-est-fmllr-gpost.cc:141) For speaker VIVOSSPK12, auxf-impr from fMLLR is 9.65038, over 59222 frames.

LOG (gmm-est-fmllr-gpost[5.5.929~1-9bca2]:ComputeFmllrMatrixDiagGmmFull():fmllr-diag-gmm.cc:262) fMLLR objf improvement is 7.83976 per frame over 82363 frames.
LOG (gmm-est-fmllr-gpost[5.5.929~1-9bca2]:main():gmm-est-fmllr-gpost.cc:141) For speaker VIVOSSPK13, auxf-impr from fMLLR is 7.83976, over 82363 frames.

LOG (gmm-est-fmllr-gpost[5.5.929~1-9bca2]:ComputeFmllrMatrixDiagGmmFull():fmllr-diag-gmm.cc:262) fMLLR objf improvement is 4.61303 per frame over 81061 frames.
LOG (gmm-est-fmllr-gpost[5.5.929~1-9bca2]:main():gmm-est-fmllr-gpost.cc:141) For speaker VIVOSSPK14, auxf-impr from fMLLR is 4.61303, over 81061 frames.

LOG (gmm-est-fmllr-gpost[5.5.929~1-9bca2]:ComputeFmllrMatrixDiagGmmFull():fmllr-diag-gmm.cc:262) fMLLR objf improvement is 7.97614 per frame over 76993 frames.
LOG (gmm-est-fmllr-gpost[5.5.929~1-9bca2]:main():gmm-est-fmllr-gpost.cc:141) For speaker VIVOSSPK15, auxf-impr from fMLLR is 7.97614, over 76993 frames.

WARNING (gmm-est-fmllr-gpost[5.5.929~1-9bca2]:main():gmm-est-fmllr-gpost.cc:116) Did not find posteriors for utterance VIVOSSPK16_139
WARNING (gmm-est-fmllr-gpost[5.5.929~1-9bca2]:main():gmm-est-fmllr-gpost.cc:116) Did not find posteriors for utterance VIVOSSPK16_265
LOG (gmm-est-fmllr-gpost[5.5.929~1-9bca2]:ComputeFmllrMatrixDiagGmmFull():fmllr-diag-gmm.cc:262) fMLLR objf improvement is 5.54893 per frame over 62961 frames.
LOG (gmm-est-fmllr-gpost[5.5.929~1-9bca2]:main():gmm-est-fmllr-gpost.cc:141) For speaker VIVOSSPK16, auxf-impr from fMLLR is 5.54893, over 62961 frames.

WARNING (gmm-est-fmllr-gpost[5.5.929~1-9bca2]:main():gmm-est-fmllr-gpost.cc:116) Did not find posteriors for utterance VIVOSSPK17_210
LOG (gmm-est-fmllr-gpost[5.5.929~1-9bca2]:ComputeFmllrMatrixDiagGmmFull():fmllr-diag-gmm.cc:262) fMLLR objf improvement is 8.72099 per frame over 64602 frames.
LOG (gmm-est-fmllr-gpost[5.5.929~1-9bca2]:main():gmm-est-fmllr-gpost.cc:141) For speaker VIVOSSPK17, auxf-impr from fMLLR is 8.72099, over 64602 frames.

LOG (gmm-est-fmllr-gpost[5.5.929~1-9bca2]:ComputeFmllrMatrixDiagGmmFull():fmllr-diag-gmm.cc:262) fMLLR objf improvement is 12.7335 per frame over 50034 frames.
LOG (gmm-est-fmllr-gpost[5.5.929~1-9bca2]:main():gmm-est-fmllr-gpost.cc:141) For speaker VIVOSSPK18, auxf-impr from fMLLR is 12.7335, over 50034 frames.

LOG (gmm-est-fmllr-gpost[5.5.929~1-9bca2]:ComputeFmllrMatrixDiagGmmFull():fmllr-diag-gmm.cc:262) fMLLR objf improvement is 9.41986 per frame over 72027 frames.
LOG (gmm-est-fmllr-gpost[5.5.929~1-9bca2]:main():gmm-est-fmllr-gpost.cc:141) For speaker VIVOSSPK19, auxf-impr from fMLLR is 9.41986, over 72027 frames.

LOG (gmm-est-fmllr-gpost[5.5.929~1-9bca2]:ComputeFmllrMatrixDiagGmmFull():fmllr-diag-gmm.cc:262) fMLLR objf improvement is 8.91993 per frame over 54076 frames.
LOG (gmm-est-fmllr-gpost[5.5.929~1-9bca2]:main():gmm-est-fmllr-gpost.cc:141) For speaker VIVOSSPK20, auxf-impr from fMLLR is 8.91993, over 54076 frames.

WARNING (gmm-est-fmllr-gpost[5.5.929~1-9bca2]:main():gmm-est-fmllr-gpost.cc:116) Did not find posteriors for utterance VIVOSSPK21_132
LOG (gmm-est-fmllr-gpost[5.5.929~1-9bca2]:ComputeFmllrMatrixDiagGmmFull():fmllr-diag-gmm.cc:262) fMLLR objf improvement is 11.9453 per frame over 94261 frames.
LOG (gmm-est-fmllr-gpost[5.5.929~1-9bca2]:main():gmm-est-fmllr-gpost.cc:141) For speaker VIVOSSPK21, auxf-impr from fMLLR is 11.9453, over 94261 frames.

WARNING (gmm-est-fmllr-gpost[5.5.929~1-9bca2]:main():gmm-est-fmllr-gpost.cc:116) Did not find posteriors for utterance VIVOSSPK22_047
WARNING (gmm-est-fmllr-gpost[5.5.929~1-9bca2]:main():gmm-est-fmllr-gpost.cc:116) Did not find posteriors for utterance VIVOSSPK22_161
LOG (apply-cmvn[5.5.929~1-9bca2]:main():apply-cmvn.cc:162) Applied cepstral mean normalization to 6935 utterances, errors on 0
LOG (transform-feats[5.5.929~1-9bca2]:main():transform-feats.cc:158) Overall average [pseudo-]logdet is -94.5228 over 2.57081e+06 frames.
LOG (transform-feats[5.5.929~1-9bca2]:main():transform-feats.cc:161) Applied transform to 6935 utterances; 0 had errors.
LOG (apply-cmvn[5.5.929~1-9bca2]:main():apply-cmvn.cc:162) Applied cepstral mean normalization to 6935 utterances, errors on 0
LOG (gmm-post-to-gpost[5.5.929~1-9bca2]:main():gmm-post-to-gpost.cc:124) Done 6928 files, 7 with no posteriors, 0 with other errors.
LOG (gmm-post-to-gpost[5.5.929~1-9bca2]:main():gmm-post-to-gpost.cc:128) Overall avg like per frame (Gaussian only) = -46.8009 over 1.85295e+06 frames.
LOG (gmm-post-to-gpost[5.5.929~1-9bca2]:main():gmm-post-to-gpost.cc:131) Done converting post to gpost
LOG (transform-feats[5.5.929~1-9bca2]:main():transform-feats.cc:158) Overall average [pseudo-]logdet is -94.5228 over 2.57081e+06 frames.
LOG (transform-feats[5.5.929~1-9bca2]:main():transform-feats.cc:161) Applied transform to 6935 utterances; 0 had errors.
LOG (gmm-est-fmllr-gpost[5.5.929~1-9bca2]:ComputeFmllrMatrixDiagGmmFull():fmllr-diag-gmm.cc:262) fMLLR objf improvement is 9.10489 per frame over 67090 frames.
LOG (gmm-est-fmllr-gpost[5.5.929~1-9bca2]:main():gmm-est-fmllr-gpost.cc:141) For speaker VIVOSSPK22, auxf-impr from fMLLR is 9.10489, over 67090 frames.

LOG (gmm-est-fmllr-gpost[5.5.929~1-9bca2]:main():gmm-est-fmllr-gpost.cc:186) Done 6928 files, 7 with no gposts, 0 with other errors.
LOG (gmm-est-fmllr-gpost[5.5.929~1-9bca2]:main():gmm-est-fmllr-gpost.cc:188) Overall fMLLR auxf impr per frame is 7.27029 over 1.85295e+06 frames.
# Accounting: time=68 threads=1
# Ended (code 0) at Fri Aug 13 03:51:31 +07 2021, elapsed time 68 seconds
