# ali-to-post "ark:gunzip -c ./exp/tri3_ali/pre_ali.4.gz|" ark:- | weight-silence-post 0.0 1 ./exp/tri3/final.alimdl ark:- ark:- | gmm-post-to-gpost ./exp/tri3/final.alimdl "ark,s,cs:apply-cmvn  --utt2spk=ark:./data/train/split4/4/utt2spk scp:./data/train/split4/4/cmvn.scp scp:./data/train/split4/4/feats.scp ark:- | splice-feats --left-context=3 --right-context=3 ark:- ark:- | transform-feats ./exp/tri3/final.mat ark:- ark:- |" ark:- ark:- | gmm-est-fmllr-gpost --fmllr-update-type=full --spk2utt=ark:./data/train/split4/4/spk2utt ./exp/tri3/final.mdl "ark,s,cs:apply-cmvn  --utt2spk=ark:./data/train/split4/4/utt2spk scp:./data/train/split4/4/cmvn.scp scp:./data/train/split4/4/feats.scp ark:- | splice-feats --left-context=3 --right-context=3 ark:- ark:- | transform-feats ./exp/tri3/final.mat ark:- ark:- |" ark,s,cs:- ark:./exp/tri3_ali/trans.4 
# Started at Fri Aug 13 03:50:23 +07 2021
#
weight-silence-post 0.0 1 ./exp/tri3/final.alimdl ark:- ark:- 
gmm-post-to-gpost ./exp/tri3/final.alimdl 'ark,s,cs:apply-cmvn  --utt2spk=ark:./data/train/split4/4/utt2spk scp:./data/train/split4/4/cmvn.scp scp:./data/train/split4/4/feats.scp ark:- | splice-feats --left-context=3 --right-context=3 ark:- ark:- | transform-feats ./exp/tri3/final.mat ark:- ark:- |' ark:- ark:- 
ali-to-post 'ark:gunzip -c ./exp/tri3_ali/pre_ali.4.gz|' ark:- 
gmm-est-fmllr-gpost --fmllr-update-type=full --spk2utt=ark:./data/train/split4/4/spk2utt ./exp/tri3/final.mdl 'ark,s,cs:apply-cmvn  --utt2spk=ark:./data/train/split4/4/utt2spk scp:./data/train/split4/4/cmvn.scp scp:./data/train/split4/4/feats.scp ark:- | splice-feats --left-context=3 --right-context=3 ark:- ark:- | transform-feats ./exp/tri3/final.mat ark:- ark:- |' ark,s,cs:- ark:./exp/tri3_ali/trans.4 
apply-cmvn --utt2spk=ark:./data/train/split4/4/utt2spk scp:./data/train/split4/4/cmvn.scp scp:./data/train/split4/4/feats.scp ark:- 
transform-feats ./exp/tri3/final.mat ark:- ark:- 
splice-feats --left-context=3 --right-context=3 ark:- ark:- 
transform-feats ./exp/tri3/final.mat ark:- ark:- 
splice-feats --left-context=3 --right-context=3 ark:- ark:- 
apply-cmvn --utt2spk=ark:./data/train/split4/4/utt2spk scp:./data/train/split4/4/cmvn.scp scp:./data/train/split4/4/feats.scp ark:- 
LOG (ali-to-post[5.5.929~1-9bca2]:main():ali-to-post.cc:73) Converted 6571 alignments.
LOG (weight-silence-post[5.5.929~1-9bca2]:main():weight-silence-post.cc:95) Done 6571 posteriors.
WARNING (gmm-est-fmllr-gpost[5.5.929~1-9bca2]:main():gmm-est-fmllr-gpost.cc:116) Did not find posteriors for utterance VIVOSSPK23_001
WARNING (gmm-est-fmllr-gpost[5.5.929~1-9bca2]:main():gmm-est-fmllr-gpost.cc:116) Did not find posteriors for utterance VIVOSSPK23_024
WARNING (gmm-est-fmllr-gpost[5.5.929~1-9bca2]:main():gmm-est-fmllr-gpost.cc:116) Did not find posteriors for utterance VIVOSSPK23_032
WARNING (gmm-est-fmllr-gpost[5.5.929~1-9bca2]:main():gmm-est-fmllr-gpost.cc:116) Did not find posteriors for utterance VIVOSSPK23_038
WARNING (gmm-est-fmllr-gpost[5.5.929~1-9bca2]:main():gmm-est-fmllr-gpost.cc:116) Did not find posteriors for utterance VIVOSSPK23_040
WARNING (gmm-est-fmllr-gpost[5.5.929~1-9bca2]:main():gmm-est-fmllr-gpost.cc:116) Did not find posteriors for utterance VIVOSSPK23_050
WARNING (gmm-est-fmllr-gpost[5.5.929~1-9bca2]:main():gmm-est-fmllr-gpost.cc:116) Did not find posteriors for utterance VIVOSSPK23_051
WARNING (gmm-est-fmllr-gpost[5.5.929~1-9bca2]:main():gmm-est-fmllr-gpost.cc:116) Did not find posteriors for utterance VIVOSSPK23_053
WARNING (gmm-est-fmllr-gpost[5.5.929~1-9bca2]:main():gmm-est-fmllr-gpost.cc:116) Did not find posteriors for utterance VIVOSSPK23_054
WARNING (gmm-est-fmllr-gpost[5.5.929~1-9bca2]:main():gmm-est-fmllr-gpost.cc:116) Did not find posteriors for utterance VIVOSSPK23_055
WARNING (gmm-est-fmllr-gpost[5.5.929~1-9bca2]:main():gmm-est-fmllr-gpost.cc:116) Did not find posteriors for utterance VIVOSSPK23_060
WARNING (gmm-est-fmllr-gpost[5.5.929~1-9bca2]:main():gmm-est-fmllr-gpost.cc:116) Did not find posteriors for utterance VIVOSSPK23_089
LOG (gmm-est-fmllr-gpost[5.5.929~1-9bca2]:ComputeFmllrMatrixDiagGmmFull():fmllr-diag-gmm.cc:262) fMLLR objf improvement is 9.77621 per frame over 49676 frames.
LOG (gmm-est-fmllr-gpost[5.5.929~1-9bca2]:main():gmm-est-fmllr-gpost.cc:141) For speaker VIVOSSPK23, auxf-impr from fMLLR is 9.77621, over 49676 frames.

LOG (gmm-est-fmllr-gpost[5.5.929~1-9bca2]:ComputeFmllrMatrixDiagGmmFull():fmllr-diag-gmm.cc:262) fMLLR objf improvement is 10.7468 per frame over 53785 frames.
LOG (gmm-est-fmllr-gpost[5.5.929~1-9bca2]:main():gmm-est-fmllr-gpost.cc:141) For speaker VIVOSSPK24, auxf-impr from fMLLR is 10.7468, over 53785 frames.

LOG (gmm-est-fmllr-gpost[5.5.929~1-9bca2]:ComputeFmllrMatrixDiagGmmFull():fmllr-diag-gmm.cc:262) fMLLR objf improvement is 5.28155 per frame over 113673 frames.
LOG (gmm-est-fmllr-gpost[5.5.929~1-9bca2]:main():gmm-est-fmllr-gpost.cc:141) For speaker VIVOSSPK25, auxf-impr from fMLLR is 5.28155, over 113673 frames.

WARNING (gmm-est-fmllr-gpost[5.5.929~1-9bca2]:main():gmm-est-fmllr-gpost.cc:116) Did not find posteriors for utterance VIVOSSPK26_160
WARNING (gmm-est-fmllr-gpost[5.5.929~1-9bca2]:main():gmm-est-fmllr-gpost.cc:116) Did not find posteriors for utterance VIVOSSPK26_300
LOG (gmm-est-fmllr-gpost[5.5.929~1-9bca2]:ComputeFmllrMatrixDiagGmmFull():fmllr-diag-gmm.cc:262) fMLLR objf improvement is 8.7259 per frame over 175123 frames.
LOG (gmm-est-fmllr-gpost[5.5.929~1-9bca2]:main():gmm-est-fmllr-gpost.cc:141) For speaker VIVOSSPK26, auxf-impr from fMLLR is 8.7259, over 175123 frames.

WARNING (gmm-est-fmllr-gpost[5.5.929~1-9bca2]:main():gmm-est-fmllr-gpost.cc:116) Did not find posteriors for utterance VIVOSSPK27_094
WARNING (gmm-est-fmllr-gpost[5.5.929~1-9bca2]:main():gmm-est-fmllr-gpost.cc:116) Did not find posteriors for utterance VIVOSSPK27_095
WARNING (gmm-est-fmllr-gpost[5.5.929~1-9bca2]:main():gmm-est-fmllr-gpost.cc:116) Did not find posteriors for utterance VIVOSSPK27_099
LOG (gmm-est-fmllr-gpost[5.5.929~1-9bca2]:ComputeFmllrMatrixDiagGmmFull():fmllr-diag-gmm.cc:262) fMLLR objf improvement is 9.91431 per frame over 140460 frames.
LOG (gmm-est-fmllr-gpost[5.5.929~1-9bca2]:main():gmm-est-fmllr-gpost.cc:141) For speaker VIVOSSPK27, auxf-impr from fMLLR is 9.91431, over 140460 frames.

LOG (gmm-est-fmllr-gpost[5.5.929~1-9bca2]:ComputeFmllrMatrixDiagGmmFull():fmllr-diag-gmm.cc:262) fMLLR objf improvement is 7.3305 per frame over 89967 frames.
LOG (gmm-est-fmllr-gpost[5.5.929~1-9bca2]:main():gmm-est-fmllr-gpost.cc:141) For speaker VIVOSSPK28, auxf-impr from fMLLR is 7.3305, over 89967 frames.

LOG (gmm-est-fmllr-gpost[5.5.929~1-9bca2]:ComputeFmllrMatrixDiagGmmFull():fmllr-diag-gmm.cc:262) fMLLR objf improvement is 9.89437 per frame over 118408 frames.
LOG (gmm-est-fmllr-gpost[5.5.929~1-9bca2]:main():gmm-est-fmllr-gpost.cc:141) For speaker VIVOSSPK29, auxf-impr from fMLLR is 9.89437, over 118408 frames.

WARNING (gmm-est-fmllr-gpost[5.5.929~1-9bca2]:main():gmm-est-fmllr-gpost.cc:116) Did not find posteriors for utterance VIVOSSPK30_153
LOG (gmm-est-fmllr-gpost[5.5.929~1-9bca2]:ComputeFmllrMatrixDiagGmmFull():fmllr-diag-gmm.cc:262) fMLLR objf improvement is 9.96331 per frame over 96614 frames.
LOG (gmm-est-fmllr-gpost[5.5.929~1-9bca2]:main():gmm-est-fmllr-gpost.cc:141) For speaker VIVOSSPK30, auxf-impr from fMLLR is 9.96331, over 96614 frames.

WARNING (gmm-est-fmllr-gpost[5.5.929~1-9bca2]:main():gmm-est-fmllr-gpost.cc:116) Did not find posteriors for utterance VIVOSSPK31_194
WARNING (gmm-est-fmllr-gpost[5.5.929~1-9bca2]:main():gmm-est-fmllr-gpost.cc:116) Did not find posteriors for utterance VIVOSSPK31_197
WARNING (gmm-est-fmllr-gpost[5.5.929~1-9bca2]:main():gmm-est-fmllr-gpost.cc:116) Did not find posteriors for utterance VIVOSSPK31_209
LOG (gmm-est-fmllr-gpost[5.5.929~1-9bca2]:ComputeFmllrMatrixDiagGmmFull():fmllr-diag-gmm.cc:262) fMLLR objf improvement is 8.26637 per frame over 139008 frames.
LOG (gmm-est-fmllr-gpost[5.5.929~1-9bca2]:main():gmm-est-fmllr-gpost.cc:141) For speaker VIVOSSPK31, auxf-impr from fMLLR is 8.26637, over 139008 frames.

WARNING (gmm-est-fmllr-gpost[5.5.929~1-9bca2]:main():gmm-est-fmllr-gpost.cc:116) Did not find posteriors for utterance VIVOSSPK32_053
LOG (gmm-est-fmllr-gpost[5.5.929~1-9bca2]:ComputeFmllrMatrixDiagGmmFull():fmllr-diag-gmm.cc:262) fMLLR objf improvement is 8.77572 per frame over 134636 frames.
LOG (gmm-est-fmllr-gpost[5.5.929~1-9bca2]:main():gmm-est-fmllr-gpost.cc:141) For speaker VIVOSSPK32, auxf-impr from fMLLR is 8.77572, over 134636 frames.

LOG (gmm-est-fmllr-gpost[5.5.929~1-9bca2]:ComputeFmllrMatrixDiagGmmFull():fmllr-diag-gmm.cc:262) fMLLR objf improvement is 8.28355 per frame over 119813 frames.
LOG (gmm-est-fmllr-gpost[5.5.929~1-9bca2]:main():gmm-est-fmllr-gpost.cc:141) For speaker VIVOSSPK33, auxf-impr from fMLLR is 8.28355, over 119813 frames.

WARNING (gmm-est-fmllr-gpost[5.5.929~1-9bca2]:main():gmm-est-fmllr-gpost.cc:116) Did not find posteriors for utterance VIVOSSPK34_006
WARNING (gmm-est-fmllr-gpost[5.5.929~1-9bca2]:main():gmm-est-fmllr-gpost.cc:116) Did not find posteriors for utterance VIVOSSPK34_012
WARNING (gmm-est-fmllr-gpost[5.5.929~1-9bca2]:main():gmm-est-fmllr-gpost.cc:116) Did not find posteriors for utterance VIVOSSPK34_017
WARNING (gmm-est-fmllr-gpost[5.5.929~1-9bca2]:main():gmm-est-fmllr-gpost.cc:116) Did not find posteriors for utterance VIVOSSPK34_045
WARNING (gmm-est-fmllr-gpost[5.5.929~1-9bca2]:main():gmm-est-fmllr-gpost.cc:116) Did not find posteriors for utterance VIVOSSPK34_072
WARNING (gmm-est-fmllr-gpost[5.5.929~1-9bca2]:main():gmm-est-fmllr-gpost.cc:116) Did not find posteriors for utterance VIVOSSPK34_076
LOG (gmm-est-fmllr-gpost[5.5.929~1-9bca2]:ComputeFmllrMatrixDiagGmmFull():fmllr-diag-gmm.cc:262) fMLLR objf improvement is 6.53088 per frame over 134969 frames.
LOG (gmm-est-fmllr-gpost[5.5.929~1-9bca2]:main():gmm-est-fmllr-gpost.cc:141) For speaker VIVOSSPK34, auxf-impr from fMLLR is 6.53088, over 134969 frames.

WARNING (gmm-est-fmllr-gpost[5.5.929~1-9bca2]:main():gmm-est-fmllr-gpost.cc:116) Did not find posteriors for utterance VIVOSSPK35_262
LOG (gmm-est-fmllr-gpost[5.5.929~1-9bca2]:ComputeFmllrMatrixDiagGmmFull():fmllr-diag-gmm.cc:262) fMLLR objf improvement is 11.3851 per frame over 164061 frames.
LOG (gmm-est-fmllr-gpost[5.5.929~1-9bca2]:main():gmm-est-fmllr-gpost.cc:141) For speaker VIVOSSPK35, auxf-impr from fMLLR is 11.3851, over 164061 frames.

WARNING (gmm-est-fmllr-gpost[5.5.929~1-9bca2]:main():gmm-est-fmllr-gpost.cc:116) Did not find posteriors for utterance VIVOSSPK36_100
LOG (gmm-est-fmllr-gpost[5.5.929~1-9bca2]:ComputeFmllrMatrixDiagGmmFull():fmllr-diag-gmm.cc:262) fMLLR objf improvement is 7.01409 per frame over 105588 frames.
LOG (gmm-est-fmllr-gpost[5.5.929~1-9bca2]:main():gmm-est-fmllr-gpost.cc:141) For speaker VIVOSSPK36, auxf-impr from fMLLR is 7.01409, over 105588 frames.

LOG (gmm-est-fmllr-gpost[5.5.929~1-9bca2]:ComputeFmllrMatrixDiagGmmFull():fmllr-diag-gmm.cc:262) fMLLR objf improvement is 9.97207 per frame over 67586 frames.
LOG (gmm-est-fmllr-gpost[5.5.929~1-9bca2]:main():gmm-est-fmllr-gpost.cc:141) For speaker VIVOSSPK37, auxf-impr from fMLLR is 9.97206, over 67586 frames.

LOG (gmm-est-fmllr-gpost[5.5.929~1-9bca2]:ComputeFmllrMatrixDiagGmmFull():fmllr-diag-gmm.cc:262) fMLLR objf improvement is 5.69173 per frame over 145035 frames.
LOG (gmm-est-fmllr-gpost[5.5.929~1-9bca2]:main():gmm-est-fmllr-gpost.cc:141) For speaker VIVOSSPK38, auxf-impr from fMLLR is 5.69173, over 145035 frames.

LOG (gmm-est-fmllr-gpost[5.5.929~1-9bca2]:ComputeFmllrMatrixDiagGmmFull():fmllr-diag-gmm.cc:262) fMLLR objf improvement is 9.28349 per frame over 95308 frames.
LOG (gmm-est-fmllr-gpost[5.5.929~1-9bca2]:main():gmm-est-fmllr-gpost.cc:141) For speaker VIVOSSPK39, auxf-impr from fMLLR is 9.28349, over 95308 frames.

WARNING (gmm-est-fmllr-gpost[5.5.929~1-9bca2]:main():gmm-est-fmllr-gpost.cc:116) Did not find posteriors for utterance VIVOSSPK40_088
WARNING (gmm-est-fmllr-gpost[5.5.929~1-9bca2]:main():gmm-est-fmllr-gpost.cc:116) Did not find posteriors for utterance VIVOSSPK40_185
WARNING (gmm-est-fmllr-gpost[5.5.929~1-9bca2]:main():gmm-est-fmllr-gpost.cc:116) Did not find posteriors for utterance VIVOSSPK40_189
WARNING (gmm-est-fmllr-gpost[5.5.929~1-9bca2]:main():gmm-est-fmllr-gpost.cc:116) Did not find posteriors for utterance VIVOSSPK40_217
WARNING (gmm-est-fmllr-gpost[5.5.929~1-9bca2]:main():gmm-est-fmllr-gpost.cc:116) Did not find posteriors for utterance VIVOSSPK40_225
WARNING (gmm-est-fmllr-gpost[5.5.929~1-9bca2]:main():gmm-est-fmllr-gpost.cc:116) Did not find posteriors for utterance VIVOSSPK40_240
WARNING (gmm-est-fmllr-gpost[5.5.929~1-9bca2]:main():gmm-est-fmllr-gpost.cc:116) Did not find posteriors for utterance VIVOSSPK40_241
WARNING (gmm-est-fmllr-gpost[5.5.929~1-9bca2]:main():gmm-est-fmllr-gpost.cc:116) Did not find posteriors for utterance VIVOSSPK40_258
WARNING (gmm-est-fmllr-gpost[5.5.929~1-9bca2]:main():gmm-est-fmllr-gpost.cc:116) Did not find posteriors for utterance VIVOSSPK40_280
WARNING (gmm-est-fmllr-gpost[5.5.929~1-9bca2]:main():gmm-est-fmllr-gpost.cc:116) Did not find posteriors for utterance VIVOSSPK40_282
WARNING (gmm-est-fmllr-gpost[5.5.929~1-9bca2]:main():gmm-est-fmllr-gpost.cc:116) Did not find posteriors for utterance VIVOSSPK40_284
LOG (gmm-est-fmllr-gpost[5.5.929~1-9bca2]:ComputeFmllrMatrixDiagGmmFull():fmllr-diag-gmm.cc:262) fMLLR objf improvement is 9.131 per frame over 93606 frames.
LOG (gmm-est-fmllr-gpost[5.5.929~1-9bca2]:main():gmm-est-fmllr-gpost.cc:141) For speaker VIVOSSPK40, auxf-impr from fMLLR is 9.131, over 93606 frames.

WARNING (gmm-est-fmllr-gpost[5.5.929~1-9bca2]:main():gmm-est-fmllr-gpost.cc:116) Did not find posteriors for utterance VIVOSSPK41_034
WARNING (gmm-est-fmllr-gpost[5.5.929~1-9bca2]:main():gmm-est-fmllr-gpost.cc:116) Did not find posteriors for utterance VIVOSSPK41_071
WARNING (gmm-est-fmllr-gpost[5.5.929~1-9bca2]:main():gmm-est-fmllr-gpost.cc:116) Did not find posteriors for utterance VIVOSSPK41_073
WARNING (gmm-est-fmllr-gpost[5.5.929~1-9bca2]:main():gmm-est-fmllr-gpost.cc:116) Did not find posteriors for utterance VIVOSSPK41_077
WARNING (gmm-est-fmllr-gpost[5.5.929~1-9bca2]:main():gmm-est-fmllr-gpost.cc:116) Did not find posteriors for utterance VIVOSSPK41_093
WARNING (gmm-est-fmllr-gpost[5.5.929~1-9bca2]:main():gmm-est-fmllr-gpost.cc:116) Did not find posteriors for utterance VIVOSSPK41_105
WARNING (gmm-est-fmllr-gpost[5.5.929~1-9bca2]:main():gmm-est-fmllr-gpost.cc:116) Did not find posteriors for utterance VIVOSSPK41_108
WARNING (gmm-est-fmllr-gpost[5.5.929~1-9bca2]:main():gmm-est-fmllr-gpost.cc:116) Did not find posteriors for utterance VIVOSSPK41_112
WARNING (gmm-est-fmllr-gpost[5.5.929~1-9bca2]:main():gmm-est-fmllr-gpost.cc:116) Did not find posteriors for utterance VIVOSSPK41_119
WARNING (gmm-est-fmllr-gpost[5.5.929~1-9bca2]:main():gmm-est-fmllr-gpost.cc:116) Did not find posteriors for utterance VIVOSSPK41_120
WARNING (gmm-est-fmllr-gpost[5.5.929~1-9bca2]:main():gmm-est-fmllr-gpost.cc:116) Did not find posteriors for utterance VIVOSSPK41_121
WARNING (gmm-est-fmllr-gpost[5.5.929~1-9bca2]:main():gmm-est-fmllr-gpost.cc:116) Did not find posteriors for utterance VIVOSSPK41_128
WARNING (gmm-est-fmllr-gpost[5.5.929~1-9bca2]:main():gmm-est-fmllr-gpost.cc:116) Did not find posteriors for utterance VIVOSSPK41_129
WARNING (gmm-est-fmllr-gpost[5.5.929~1-9bca2]:main():gmm-est-fmllr-gpost.cc:116) Did not find posteriors for utterance VIVOSSPK41_137
WARNING (gmm-est-fmllr-gpost[5.5.929~1-9bca2]:main():gmm-est-fmllr-gpost.cc:116) Did not find posteriors for utterance VIVOSSPK41_146
WARNING (gmm-est-fmllr-gpost[5.5.929~1-9bca2]:main():gmm-est-fmllr-gpost.cc:116) Did not find posteriors for utterance VIVOSSPK41_148
WARNING (gmm-est-fmllr-gpost[5.5.929~1-9bca2]:main():gmm-est-fmllr-gpost.cc:116) Did not find posteriors for utterance VIVOSSPK41_154
WARNING (gmm-est-fmllr-gpost[5.5.929~1-9bca2]:main():gmm-est-fmllr-gpost.cc:116) Did not find posteriors for utterance VIVOSSPK41_186
WARNING (gmm-est-fmllr-gpost[5.5.929~1-9bca2]:main():gmm-est-fmllr-gpost.cc:116) Did not find posteriors for utterance VIVOSSPK41_200
WARNING (gmm-est-fmllr-gpost[5.5.929~1-9bca2]:main():gmm-est-fmllr-gpost.cc:116) Did not find posteriors for utterance VIVOSSPK41_242
WARNING (gmm-est-fmllr-gpost[5.5.929~1-9bca2]:main():gmm-est-fmllr-gpost.cc:116) Did not find posteriors for utterance VIVOSSPK41_292
LOG (gmm-est-fmllr-gpost[5.5.929~1-9bca2]:ComputeFmllrMatrixDiagGmmFull():fmllr-diag-gmm.cc:262) fMLLR objf improvement is 4.78724 per frame over 76447 frames.
LOG (gmm-est-fmllr-gpost[5.5.929~1-9bca2]:main():gmm-est-fmllr-gpost.cc:141) For speaker VIVOSSPK41, auxf-impr from fMLLR is 4.78724, over 76447 frames.

WARNING (gmm-est-fmllr-gpost[5.5.929~1-9bca2]:main():gmm-est-fmllr-gpost.cc:116) Did not find posteriors for utterance VIVOSSPK42_052
WARNING (gmm-est-fmllr-gpost[5.5.929~1-9bca2]:main():gmm-est-fmllr-gpost.cc:116) Did not find posteriors for utterance VIVOSSPK42_065
WARNING (gmm-est-fmllr-gpost[5.5.929~1-9bca2]:main():gmm-est-fmllr-gpost.cc:116) Did not find posteriors for utterance VIVOSSPK42_066
WARNING (gmm-est-fmllr-gpost[5.5.929~1-9bca2]:main():gmm-est-fmllr-gpost.cc:116) Did not find posteriors for utterance VIVOSSPK42_067
WARNING (gmm-est-fmllr-gpost[5.5.929~1-9bca2]:main():gmm-est-fmllr-gpost.cc:116) Did not find posteriors for utterance VIVOSSPK42_068
WARNING (gmm-est-fmllr-gpost[5.5.929~1-9bca2]:main():gmm-est-fmllr-gpost.cc:116) Did not find posteriors for utterance VIVOSSPK42_069
WARNING (gmm-est-fmllr-gpost[5.5.929~1-9bca2]:main():gmm-est-fmllr-gpost.cc:116) Did not find posteriors for utterance VIVOSSPK42_121
WARNING (gmm-est-fmllr-gpost[5.5.929~1-9bca2]:main():gmm-est-fmllr-gpost.cc:116) Did not find posteriors for utterance VIVOSSPK42_127
WARNING (gmm-est-fmllr-gpost[5.5.929~1-9bca2]:main():gmm-est-fmllr-gpost.cc:116) Did not find posteriors for utterance VIVOSSPK42_162
WARNING (gmm-est-fmllr-gpost[5.5.929~1-9bca2]:main():gmm-est-fmllr-gpost.cc:116) Did not find posteriors for utterance VIVOSSPK42_165
WARNING (gmm-est-fmllr-gpost[5.5.929~1-9bca2]:main():gmm-est-fmllr-gpost.cc:116) Did not find posteriors for utterance VIVOSSPK42_174
WARNING (gmm-est-fmllr-gpost[5.5.929~1-9bca2]:main():gmm-est-fmllr-gpost.cc:116) Did not find posteriors for utterance VIVOSSPK42_243
WARNING (gmm-est-fmllr-gpost[5.5.929~1-9bca2]:main():gmm-est-fmllr-gpost.cc:116) Did not find posteriors for utterance VIVOSSPK42_245
WARNING (gmm-est-fmllr-gpost[5.5.929~1-9bca2]:main():gmm-est-fmllr-gpost.cc:116) Did not find posteriors for utterance VIVOSSPK42_246
WARNING (gmm-est-fmllr-gpost[5.5.929~1-9bca2]:main():gmm-est-fmllr-gpost.cc:116) Did not find posteriors for utterance VIVOSSPK42_247
WARNING (gmm-est-fmllr-gpost[5.5.929~1-9bca2]:main():gmm-est-fmllr-gpost.cc:116) Did not find posteriors for utterance VIVOSSPK42_258
WARNING (gmm-est-fmllr-gpost[5.5.929~1-9bca2]:main():gmm-est-fmllr-gpost.cc:116) Did not find posteriors for utterance VIVOSSPK42_300
LOG (gmm-est-fmllr-gpost[5.5.929~1-9bca2]:ComputeFmllrMatrixDiagGmmFull():fmllr-diag-gmm.cc:262) fMLLR objf improvement is 6.71773 per frame over 83291 frames.
LOG (gmm-est-fmllr-gpost[5.5.929~1-9bca2]:main():gmm-est-fmllr-gpost.cc:141) For speaker VIVOSSPK42, auxf-impr from fMLLR is 6.71773, over 83291 frames.

WARNING (gmm-est-fmllr-gpost[5.5.929~1-9bca2]:main():gmm-est-fmllr-gpost.cc:116) Did not find posteriors for utterance VIVOSSPK43_066
WARNING (gmm-est-fmllr-gpost[5.5.929~1-9bca2]:main():gmm-est-fmllr-gpost.cc:116) Did not find posteriors for utterance VIVOSSPK43_106
WARNING (gmm-est-fmllr-gpost[5.5.929~1-9bca2]:main():gmm-est-fmllr-gpost.cc:116) Did not find posteriors for utterance VIVOSSPK43_109
LOG (gmm-est-fmllr-gpost[5.5.929~1-9bca2]:ComputeFmllrMatrixDiagGmmFull():fmllr-diag-gmm.cc:262) fMLLR objf improvement is 7.14356 per frame over 85457 frames.
LOG (gmm-est-fmllr-gpost[5.5.929~1-9bca2]:main():gmm-est-fmllr-gpost.cc:141) For speaker VIVOSSPK43, auxf-impr from fMLLR is 7.14356, over 85457 frames.

WARNING (gmm-est-fmllr-gpost[5.5.929~1-9bca2]:main():gmm-est-fmllr-gpost.cc:116) Did not find posteriors for utterance VIVOSSPK44_063
WARNING (gmm-est-fmllr-gpost[5.5.929~1-9bca2]:main():gmm-est-fmllr-gpost.cc:116) Did not find posteriors for utterance VIVOSSPK44_134
WARNING (gmm-est-fmllr-gpost[5.5.929~1-9bca2]:main():gmm-est-fmllr-gpost.cc:116) Did not find posteriors for utterance VIVOSSPK44_144
WARNING (gmm-est-fmllr-gpost[5.5.929~1-9bca2]:main():gmm-est-fmllr-gpost.cc:116) Did not find posteriors for utterance VIVOSSPK44_183
WARNING (gmm-est-fmllr-gpost[5.5.929~1-9bca2]:main():gmm-est-fmllr-gpost.cc:116) Did not find posteriors for utterance VIVOSSPK44_213
WARNING (gmm-est-fmllr-gpost[5.5.929~1-9bca2]:main():gmm-est-fmllr-gpost.cc:116) Did not find posteriors for utterance VIVOSSPK44_221
LOG (gmm-est-fmllr-gpost[5.5.929~1-9bca2]:ComputeFmllrMatrixDiagGmmFull():fmllr-diag-gmm.cc:262) fMLLR objf improvement is 4.85265 per frame over 76735 frames.
LOG (gmm-est-fmllr-gpost[5.5.929~1-9bca2]:main():gmm-est-fmllr-gpost.cc:141) For speaker VIVOSSPK44, auxf-impr from fMLLR is 4.85265, over 76735 frames.

LOG (gmm-est-fmllr-gpost[5.5.929~1-9bca2]:ComputeFmllrMatrixDiagGmmFull():fmllr-diag-gmm.cc:262) fMLLR objf improvement is 4.44633 per frame over 96571 frames.
LOG (gmm-est-fmllr-gpost[5.5.929~1-9bca2]:main():gmm-est-fmllr-gpost.cc:141) For speaker VIVOSSPK45, auxf-impr from fMLLR is 4.44633, over 96571 frames.

WARNING (gmm-est-fmllr-gpost[5.5.929~1-9bca2]:main():gmm-est-fmllr-gpost.cc:116) Did not find posteriors for utterance VIVOSSPK46_288
LOG (gmm-est-fmllr-gpost[5.5.929~1-9bca2]:ComputeFmllrMatrixDiagGmmFull():fmllr-diag-gmm.cc:262) fMLLR objf improvement is 5.76717 per frame over 98338 frames.
LOG (gmm-est-fmllr-gpost[5.5.929~1-9bca2]:main():gmm-est-fmllr-gpost.cc:141) For speaker VIVOSSPK46, auxf-impr from fMLLR is 5.76717, over 98338 frames.

LOG (gmm-est-fmllr-gpost[5.5.929~1-9bca2]:ComputeFmllrMatrixDiagGmmFull():fmllr-diag-gmm.cc:262) fMLLR objf improvement is 15.6761 per frame over 76468 frames.
LOG (gmm-est-fmllr-gpost[5.5.929~1-9bca2]:main():gmm-est-fmllr-gpost.cc:141) For speaker XHUSTSPK01, auxf-impr from fMLLR is 15.6761, over 76468 frames.

LOG (gmm-est-fmllr-gpost[5.5.929~1-9bca2]:ComputeFmllrMatrixDiagGmmFull():fmllr-diag-gmm.cc:262) fMLLR objf improvement is 25.3718 per frame over 71108 frames.
LOG (gmm-est-fmllr-gpost[5.5.929~1-9bca2]:main():gmm-est-fmllr-gpost.cc:141) For speaker XHUSTSPK02, auxf-impr from fMLLR is 25.3718, over 71108 frames.

LOG (gmm-est-fmllr-gpost[5.5.929~1-9bca2]:ComputeFmllrMatrixDiagGmmFull():fmllr-diag-gmm.cc:262) fMLLR objf improvement is 19.7781 per frame over 80812 frames.
LOG (gmm-est-fmllr-gpost[5.5.929~1-9bca2]:main():gmm-est-fmllr-gpost.cc:141) For speaker XHUSTSPK03, auxf-impr from fMLLR is 19.7781, over 80812 frames.

LOG (apply-cmvn[5.5.929~1-9bca2]:main():apply-cmvn.cc:162) Applied cepstral mean normalization to 6660 utterances, errors on 0
LOG (apply-cmvn[5.5.929~1-9bca2]:main():apply-cmvn.cc:162) Applied cepstral mean normalization to 6660 utterances, errors on 0
LOG (transform-feats[5.5.929~1-9bca2]:main():transform-feats.cc:158) Overall average [pseudo-]logdet is -94.5228 over 3.70676e+06 frames.
LOG (transform-feats[5.5.929~1-9bca2]:main():transform-feats.cc:161) Applied transform to 6660 utterances; 0 had errors.
LOG (gmm-post-to-gpost[5.5.929~1-9bca2]:main():gmm-post-to-gpost.cc:124) Done 6571 files, 89 with no posteriors, 0 with other errors.
LOG (gmm-post-to-gpost[5.5.929~1-9bca2]:main():gmm-post-to-gpost.cc:128) Overall avg like per frame (Gaussian only) = -48.6 over 2.85815e+06 frames.
LOG (gmm-post-to-gpost[5.5.929~1-9bca2]:main():gmm-post-to-gpost.cc:131) Done converting post to gpost
LOG (transform-feats[5.5.929~1-9bca2]:main():transform-feats.cc:158) Overall average [pseudo-]logdet is -94.5228 over 3.70676e+06 frames.
LOG (transform-feats[5.5.929~1-9bca2]:main():transform-feats.cc:161) Applied transform to 6660 utterances; 0 had errors.
LOG (gmm-est-fmllr-gpost[5.5.929~1-9bca2]:ComputeFmllrMatrixDiagGmmFull():fmllr-diag-gmm.cc:262) fMLLR objf improvement is 26.209 per frame over 75608 frames.
LOG (gmm-est-fmllr-gpost[5.5.929~1-9bca2]:main():gmm-est-fmllr-gpost.cc:141) For speaker XHUSTSPK04, auxf-impr from fMLLR is 26.209, over 75608 frames.

LOG (gmm-est-fmllr-gpost[5.5.929~1-9bca2]:main():gmm-est-fmllr-gpost.cc:186) Done 6571 files, 89 with no gposts, 0 with other errors.
LOG (gmm-est-fmllr-gpost[5.5.929~1-9bca2]:main():gmm-est-fmllr-gpost.cc:188) Overall fMLLR auxf impr per frame is 9.41797 over 2.85815e+06 frames.
# Accounting: time=92 threads=1
# Ended (code 0) at Fri Aug 13 03:51:55 +07 2021, elapsed time 92 seconds
