# ali-to-post "ark:gunzip -c ./exp/tri3_ali/pre_ali.1.gz|" ark:- | weight-silence-post 0.0 1 ./exp/tri3/final.alimdl ark:- ark:- | gmm-post-to-gpost ./exp/tri3/final.alimdl "ark,s,cs:apply-cmvn  --utt2spk=ark:./data/train/split4/1/utt2spk scp:./data/train/split4/1/cmvn.scp scp:./data/train/split4/1/feats.scp ark:- | splice-feats --left-context=3 --right-context=3 ark:- ark:- | transform-feats ./exp/tri3/final.mat ark:- ark:- |" ark:- ark:- | gmm-est-fmllr-gpost --fmllr-update-type=full --spk2utt=ark:./data/train/split4/1/spk2utt ./exp/tri3/final.mdl "ark,s,cs:apply-cmvn  --utt2spk=ark:./data/train/split4/1/utt2spk scp:./data/train/split4/1/cmvn.scp scp:./data/train/split4/1/feats.scp ark:- | splice-feats --left-context=3 --right-context=3 ark:- ark:- | transform-feats ./exp/tri3/final.mat ark:- ark:- |" ark,s,cs:- ark:./exp/tri3_ali/trans.1 
# Started at Fri Aug 13 03:50:23 +07 2021
#
weight-silence-post 0.0 1 ./exp/tri3/final.alimdl ark:- ark:- 
ali-to-post 'ark:gunzip -c ./exp/tri3_ali/pre_ali.1.gz|' ark:- 
gmm-post-to-gpost ./exp/tri3/final.alimdl 'ark,s,cs:apply-cmvn  --utt2spk=ark:./data/train/split4/1/utt2spk scp:./data/train/split4/1/cmvn.scp scp:./data/train/split4/1/feats.scp ark:- | splice-feats --left-context=3 --right-context=3 ark:- ark:- | transform-feats ./exp/tri3/final.mat ark:- ark:- |' ark:- ark:- 
gmm-est-fmllr-gpost --fmllr-update-type=full --spk2utt=ark:./data/train/split4/1/spk2utt ./exp/tri3/final.mdl 'ark,s,cs:apply-cmvn  --utt2spk=ark:./data/train/split4/1/utt2spk scp:./data/train/split4/1/cmvn.scp scp:./data/train/split4/1/feats.scp ark:- | splice-feats --left-context=3 --right-context=3 ark:- ark:- | transform-feats ./exp/tri3/final.mat ark:- ark:- |' ark,s,cs:- ark:./exp/tri3_ali/trans.1 
transform-feats ./exp/tri3/final.mat ark:- ark:- 
splice-feats --left-context=3 --right-context=3 ark:- ark:- 
transform-feats ./exp/tri3/final.mat ark:- ark:- 
apply-cmvn --utt2spk=ark:./data/train/split4/1/utt2spk scp:./data/train/split4/1/cmvn.scp scp:./data/train/split4/1/feats.scp ark:- 
apply-cmvn --utt2spk=ark:./data/train/split4/1/utt2spk scp:./data/train/split4/1/cmvn.scp scp:./data/train/split4/1/feats.scp ark:- 
splice-feats --left-context=3 --right-context=3 ark:- ark:- 
LOG (ali-to-post[5.5.929~1-9bca2]:main():ali-to-post.cc:73) Converted 6998 alignments.
LOG (weight-silence-post[5.5.929~1-9bca2]:main():weight-silence-post.cc:95) Done 6998 posteriors.
WARNING (gmm-est-fmllr-gpost[5.5.929~1-9bca2]:main():gmm-est-fmllr-gpost.cc:116) Did not find posteriors for utterance 0/0/00990
WARNING (gmm-est-fmllr-gpost[5.5.929~1-9bca2]:main():gmm-est-fmllr-gpost.cc:116) Did not find posteriors for utterance 0/0/00991
LOG (gmm-est-fmllr-gpost[5.5.929~1-9bca2]:ComputeFmllrMatrixDiagGmmFull():fmllr-diag-gmm.cc:262) fMLLR objf improvement is 1.86838 per frame over 471903 frames.
LOG (gmm-est-fmllr-gpost[5.5.929~1-9bca2]:main():gmm-est-fmllr-gpost.cc:141) For speaker 0/0, auxf-impr from fMLLR is 1.86838, over 471903 frames.

LOG (gmm-est-fmllr-gpost[5.5.929~1-9bca2]:ComputeFmllrMatrixDiagGmmFull():fmllr-diag-gmm.cc:262) fMLLR objf improvement is 1.61076 per frame over 476870 frames.
LOG (gmm-est-fmllr-gpost[5.5.929~1-9bca2]:main():gmm-est-fmllr-gpost.cc:141) For speaker 0/1, auxf-impr from fMLLR is 1.61076, over 476870 frames.

LOG (gmm-est-fmllr-gpost[5.5.929~1-9bca2]:ComputeFmllrMatrixDiagGmmFull():fmllr-diag-gmm.cc:262) fMLLR objf improvement is 1.75577 per frame over 507284 frames.
LOG (gmm-est-fmllr-gpost[5.5.929~1-9bca2]:main():gmm-est-fmllr-gpost.cc:141) For speaker 0/2, auxf-impr from fMLLR is 1.75577, over 507284 frames.

LOG (gmm-est-fmllr-gpost[5.5.929~1-9bca2]:ComputeFmllrMatrixDiagGmmFull():fmllr-diag-gmm.cc:262) fMLLR objf improvement is 1.58726 per frame over 482593 frames.
LOG (gmm-est-fmllr-gpost[5.5.929~1-9bca2]:main():gmm-est-fmllr-gpost.cc:141) For speaker 0/3, auxf-impr from fMLLR is 1.58726, over 482593 frames.

LOG (gmm-est-fmllr-gpost[5.5.929~1-9bca2]:ComputeFmllrMatrixDiagGmmFull():fmllr-diag-gmm.cc:262) fMLLR objf improvement is 3.91516 per frame over 495379 frames.
LOG (gmm-est-fmllr-gpost[5.5.929~1-9bca2]:main():gmm-est-fmllr-gpost.cc:141) For speaker 0/4, auxf-impr from fMLLR is 3.91516, over 495379 frames.

LOG (gmm-est-fmllr-gpost[5.5.929~1-9bca2]:ComputeFmllrMatrixDiagGmmFull():fmllr-diag-gmm.cc:262) fMLLR objf improvement is 2.50209 per frame over 526595 frames.
LOG (gmm-est-fmllr-gpost[5.5.929~1-9bca2]:main():gmm-est-fmllr-gpost.cc:141) For speaker 0/5, auxf-impr from fMLLR is 2.50209, over 526595 frames.

LOG (apply-cmvn[5.5.929~1-9bca2]:main():apply-cmvn.cc:162) Applied cepstral mean normalization to 7000 utterances, errors on 0
LOG (apply-cmvn[5.5.929~1-9bca2]:main():apply-cmvn.cc:162) Applied cepstral mean normalization to 7000 utterances, errors on 0
LOG (transform-feats[5.5.929~1-9bca2]:main():transform-feats.cc:158) Overall average [pseudo-]logdet is -94.5228 over 4.11936e+06 frames.
LOG (transform-feats[5.5.929~1-9bca2]:main():transform-feats.cc:161) Applied transform to 7000 utterances; 0 had errors.
LOG (gmm-post-to-gpost[5.5.929~1-9bca2]:main():gmm-post-to-gpost.cc:124) Done 6998 files, 2 with no posteriors, 0 with other errors.
LOG (gmm-post-to-gpost[5.5.929~1-9bca2]:main():gmm-post-to-gpost.cc:128) Overall avg like per frame (Gaussian only) = -50.9175 over 3.46063e+06 frames.
LOG (gmm-post-to-gpost[5.5.929~1-9bca2]:main():gmm-post-to-gpost.cc:131) Done converting post to gpost
LOG (transform-feats[5.5.929~1-9bca2]:main():transform-feats.cc:158) Overall average [pseudo-]logdet is -94.5228 over 4.11936e+06 frames.
LOG (transform-feats[5.5.929~1-9bca2]:main():transform-feats.cc:161) Applied transform to 7000 utterances; 0 had errors.
LOG (gmm-est-fmllr-gpost[5.5.929~1-9bca2]:ComputeFmllrMatrixDiagGmmFull():fmllr-diag-gmm.cc:262) fMLLR objf improvement is 1.91892 per frame over 500007 frames.
LOG (gmm-est-fmllr-gpost[5.5.929~1-9bca2]:main():gmm-est-fmllr-gpost.cc:141) For speaker 0/6, auxf-impr from fMLLR is 1.91892, over 500007 frames.

LOG (gmm-est-fmllr-gpost[5.5.929~1-9bca2]:main():gmm-est-fmllr-gpost.cc:186) Done 6998 files, 2 with no gposts, 0 with other errors.
LOG (gmm-est-fmllr-gpost[5.5.929~1-9bca2]:main():gmm-est-fmllr-gpost.cc:188) Overall fMLLR auxf impr per frame is 2.17389 over 3.46063e+06 frames.
# Accounting: time=104 threads=1
# Ended (code 0) at Fri Aug 13 03:52:07 +07 2021, elapsed time 104 seconds
