# gmm-acc-stats-ali ./exp/tri2b/32.mdl "ark,s,cs:apply-cmvn  --utt2spk=ark:./data/train/split4/4/utt2spk scp:./data/train/split4/4/cmvn.scp scp:./data/train/split4/4/feats.scp ark:- | splice-feats --left-context=3 --right-context=3 ark:- ark:- | transform-feats ./exp/tri2b/12.mat ark:- ark:- |" "ark,s,cs:gunzip -c ./exp/tri2b/ali.4.gz|" ./exp/tri2b/32.4.acc 
# Started at Fri Aug 13 03:13:27 +07 2021
#
gmm-acc-stats-ali ./exp/tri2b/32.mdl 'ark,s,cs:apply-cmvn  --utt2spk=ark:./data/train/split4/4/utt2spk scp:./data/train/split4/4/cmvn.scp scp:./data/train/split4/4/feats.scp ark:- | splice-feats --left-context=3 --right-context=3 ark:- ark:- | transform-feats ./exp/tri2b/12.mat ark:- ark:- |' 'ark,s,cs:gunzip -c ./exp/tri2b/ali.4.gz|' ./exp/tri2b/32.4.acc 
splice-feats --left-context=3 --right-context=3 ark:- ark:- 
transform-feats ./exp/tri2b/12.mat ark:- ark:- 
apply-cmvn --utt2spk=ark:./data/train/split4/4/utt2spk scp:./data/train/split4/4/cmvn.scp scp:./data/train/split4/4/feats.scp ark:- 
WARNING (gmm-acc-stats-ali[5.5.929~1-9bca2]:main():gmm-acc-stats-ali.cc:79) No alignment for utterance VIVOSSPK23_001
WARNING (gmm-acc-stats-ali[5.5.929~1-9bca2]:main():gmm-acc-stats-ali.cc:79) No alignment for utterance VIVOSSPK23_024
WARNING (gmm-acc-stats-ali[5.5.929~1-9bca2]:main():gmm-acc-stats-ali.cc:79) No alignment for utterance VIVOSSPK23_032
WARNING (gmm-acc-stats-ali[5.5.929~1-9bca2]:main():gmm-acc-stats-ali.cc:79) No alignment for utterance VIVOSSPK23_038
WARNING (gmm-acc-stats-ali[5.5.929~1-9bca2]:main():gmm-acc-stats-ali.cc:79) No alignment for utterance VIVOSSPK23_040
WARNING (gmm-acc-stats-ali[5.5.929~1-9bca2]:main():gmm-acc-stats-ali.cc:79) No alignment for utterance VIVOSSPK23_042
WARNING (gmm-acc-stats-ali[5.5.929~1-9bca2]:main():gmm-acc-stats-ali.cc:79) No alignment for utterance VIVOSSPK23_050
WARNING (gmm-acc-stats-ali[5.5.929~1-9bca2]:main():gmm-acc-stats-ali.cc:79) No alignment for utterance VIVOSSPK23_053
WARNING (gmm-acc-stats-ali[5.5.929~1-9bca2]:main():gmm-acc-stats-ali.cc:79) No alignment for utterance VIVOSSPK23_054
LOG (gmm-acc-stats-ali[5.5.929~1-9bca2]:main():gmm-acc-stats-ali.cc:105) Processed 50 utterances; for utterance VIVOSSPK23_059 avg. like is -47.7472 over 498 frames.
WARNING (gmm-acc-stats-ali[5.5.929~1-9bca2]:main():gmm-acc-stats-ali.cc:79) No alignment for utterance VIVOSSPK23_060
WARNING (gmm-acc-stats-ali[5.5.929~1-9bca2]:main():gmm-acc-stats-ali.cc:79) No alignment for utterance VIVOSSPK23_089
LOG (gmm-acc-stats-ali[5.5.929~1-9bca2]:main():gmm-acc-stats-ali.cc:105) Processed 100 utterances; for utterance VIVOSSPK24_001 avg. like is -46.979 over 567 frames.
LOG (gmm-acc-stats-ali[5.5.929~1-9bca2]:main():gmm-acc-stats-ali.cc:105) Processed 150 utterances; for utterance VIVOSSPK24_051 avg. like is -45.4488 over 854 frames.
LOG (gmm-acc-stats-ali[5.5.929~1-9bca2]:main():gmm-acc-stats-ali.cc:105) Processed 200 utterances; for utterance VIVOSSPK25_001 avg. like is -49.4209 over 942 frames.
LOG (gmm-acc-stats-ali[5.5.929~1-9bca2]:main():gmm-acc-stats-ali.cc:105) Processed 250 utterances; for utterance VIVOSSPK25_051 avg. like is -44.992 over 798 frames.
LOG (gmm-acc-stats-ali[5.5.929~1-9bca2]:main():gmm-acc-stats-ali.cc:105) Processed 300 utterances; for utterance VIVOSSPK25_101 avg. like is -47.1424 over 907 frames.
LOG (gmm-acc-stats-ali[5.5.929~1-9bca2]:main():gmm-acc-stats-ali.cc:105) Processed 350 utterances; for utterance VIVOSSPK25_151 avg. like is -44.7007 over 554 frames.
LOG (gmm-acc-stats-ali[5.5.929~1-9bca2]:main():gmm-acc-stats-ali.cc:105) Processed 400 utterances; for utterance VIVOSSPK26_021 avg. like is -46.0153 over 848 frames.
LOG (gmm-acc-stats-ali[5.5.929~1-9bca2]:main():gmm-acc-stats-ali.cc:105) Processed 450 utterances; for utterance VIVOSSPK26_071 avg. like is -48.1674 over 961 frames.
LOG (gmm-acc-stats-ali[5.5.929~1-9bca2]:main():gmm-acc-stats-ali.cc:105) Processed 500 utterances; for utterance VIVOSSPK26_121 avg. like is -45.5864 over 948 frames.
LOG (gmm-acc-stats-ali[5.5.929~1-9bca2]:main():gmm-acc-stats-ali.cc:105) Processed 550 utterances; for utterance VIVOSSPK26_171 avg. like is -43.7551 over 917 frames.
LOG (gmm-acc-stats-ali[5.5.929~1-9bca2]:main():gmm-acc-stats-ali.cc:105) Processed 600 utterances; for utterance VIVOSSPK26_221 avg. like is -43.4642 over 1048 frames.
LOG (gmm-acc-stats-ali[5.5.929~1-9bca2]:main():gmm-acc-stats-ali.cc:105) Processed 650 utterances; for utterance VIVOSSPK26_271 avg. like is -42.651 over 889 frames.
WARNING (gmm-acc-stats-ali[5.5.929~1-9bca2]:main():gmm-acc-stats-ali.cc:79) No alignment for utterance VIVOSSPK26_300
LOG (gmm-acc-stats-ali[5.5.929~1-9bca2]:main():gmm-acc-stats-ali.cc:105) Processed 700 utterances; for utterance VIVOSSPK27_022 avg. like is -43.9463 over 761 frames.
LOG (gmm-acc-stats-ali[5.5.929~1-9bca2]:main():gmm-acc-stats-ali.cc:105) Processed 750 utterances; for utterance VIVOSSPK27_072 avg. like is -45.3315 over 861 frames.
WARNING (gmm-acc-stats-ali[5.5.929~1-9bca2]:main():gmm-acc-stats-ali.cc:79) No alignment for utterance VIVOSSPK27_094
WARNING (gmm-acc-stats-ali[5.5.929~1-9bca2]:main():gmm-acc-stats-ali.cc:79) No alignment for utterance VIVOSSPK27_095
WARNING (gmm-acc-stats-ali[5.5.929~1-9bca2]:main():gmm-acc-stats-ali.cc:79) No alignment for utterance VIVOSSPK27_099
LOG (gmm-acc-stats-ali[5.5.929~1-9bca2]:main():gmm-acc-stats-ali.cc:105) Processed 800 utterances; for utterance VIVOSSPK27_125 avg. like is -45.461 over 554 frames.
WARNING (gmm-acc-stats-ali[5.5.929~1-9bca2]:main():gmm-acc-stats-ali.cc:79) No alignment for utterance VIVOSSPK27_126
LOG (gmm-acc-stats-ali[5.5.929~1-9bca2]:main():gmm-acc-stats-ali.cc:105) Processed 850 utterances; for utterance VIVOSSPK27_176 avg. like is -40.1359 over 686 frames.
LOG (gmm-acc-stats-ali[5.5.929~1-9bca2]:main():gmm-acc-stats-ali.cc:105) Processed 900 utterances; for utterance VIVOSSPK27_226 avg. like is -43.6346 over 636 frames.
LOG (gmm-acc-stats-ali[5.5.929~1-9bca2]:main():gmm-acc-stats-ali.cc:105) Processed 950 utterances; for utterance VIVOSSPK28_032 avg. like is -47.0391 over 736 frames.
LOG (gmm-acc-stats-ali[5.5.929~1-9bca2]:main():gmm-acc-stats-ali.cc:105) Processed 1000 utterances; for utterance VIVOSSPK28_082 avg. like is -45.18 over 654 frames.
LOG (gmm-acc-stats-ali[5.5.929~1-9bca2]:main():gmm-acc-stats-ali.cc:105) Processed 1050 utterances; for utterance VIVOSSPK28_132 avg. like is -47.1359 over 576 frames.
LOG (gmm-acc-stats-ali[5.5.929~1-9bca2]:main():gmm-acc-stats-ali.cc:105) Processed 1100 utterances; for utterance VIVOSSPK29_012 avg. like is -42.3625 over 717 frames.
LOG (gmm-acc-stats-ali[5.5.929~1-9bca2]:main():gmm-acc-stats-ali.cc:105) Processed 1150 utterances; for utterance VIVOSSPK29_062 avg. like is -42.8801 over 598 frames.
LOG (gmm-acc-stats-ali[5.5.929~1-9bca2]:main():gmm-acc-stats-ali.cc:105) Processed 1200 utterances; for utterance VIVOSSPK29_112 avg. like is -38.8536 over 751 frames.
LOG (gmm-acc-stats-ali[5.5.929~1-9bca2]:main():gmm-acc-stats-ali.cc:105) Processed 1250 utterances; for utterance VIVOSSPK29_162 avg. like is -41.6155 over 689 frames.
LOG (gmm-acc-stats-ali[5.5.929~1-9bca2]:main():gmm-acc-stats-ali.cc:105) Processed 1300 utterances; for utterance VIVOSSPK30_012 avg. like is -40.7208 over 926 frames.
LOG (gmm-acc-stats-ali[5.5.929~1-9bca2]:main():gmm-acc-stats-ali.cc:105) Processed 1350 utterances; for utterance VIVOSSPK30_062 avg. like is -44.686 over 936 frames.
LOG (gmm-acc-stats-ali[5.5.929~1-9bca2]:main():gmm-acc-stats-ali.cc:105) Processed 1400 utterances; for utterance VIVOSSPK30_112 avg. like is -43.0161 over 757 frames.
WARNING (gmm-acc-stats-ali[5.5.929~1-9bca2]:main():gmm-acc-stats-ali.cc:79) No alignment for utterance VIVOSSPK30_153
LOG (gmm-acc-stats-ali[5.5.929~1-9bca2]:main():gmm-acc-stats-ali.cc:105) Processed 1450 utterances; for utterance VIVOSSPK31_010 avg. like is -45.831 over 692 frames.
LOG (gmm-acc-stats-ali[5.5.929~1-9bca2]:main():gmm-acc-stats-ali.cc:105) Processed 1500 utterances; for utterance VIVOSSPK31_060 avg. like is -45.5285 over 711 frames.
LOG (gmm-acc-stats-ali[5.5.929~1-9bca2]:main():gmm-acc-stats-ali.cc:105) Processed 1550 utterances; for utterance VIVOSSPK31_110 avg. like is -41.8882 over 673 frames.
LOG (gmm-acc-stats-ali[5.5.929~1-9bca2]:main():gmm-acc-stats-ali.cc:105) Processed 1600 utterances; for utterance VIVOSSPK31_160 avg. like is -47.0183 over 804 frames.
WARNING (gmm-acc-stats-ali[5.5.929~1-9bca2]:main():gmm-acc-stats-ali.cc:79) No alignment for utterance VIVOSSPK31_194
WARNING (gmm-acc-stats-ali[5.5.929~1-9bca2]:main():gmm-acc-stats-ali.cc:79) No alignment for utterance VIVOSSPK31_197
WARNING (gmm-acc-stats-ali[5.5.929~1-9bca2]:main():gmm-acc-stats-ali.cc:79) No alignment for utterance VIVOSSPK31_209
LOG (gmm-acc-stats-ali[5.5.929~1-9bca2]:main():gmm-acc-stats-ali.cc:105) Processed 1650 utterances; for utterance VIVOSSPK31_213 avg. like is -44.3276 over 748 frames.
LOG (gmm-acc-stats-ali[5.5.929~1-9bca2]:main():gmm-acc-stats-ali.cc:105) Processed 1700 utterances; for utterance VIVOSSPK31_263 avg. like is -43.8734 over 720 frames.
LOG (gmm-acc-stats-ali[5.5.929~1-9bca2]:main():gmm-acc-stats-ali.cc:105) Processed 1750 utterances; for utterance VIVOSSPK32_038 avg. like is -45.8837 over 661 frames.
WARNING (gmm-acc-stats-ali[5.5.929~1-9bca2]:main():gmm-acc-stats-ali.cc:79) No alignment for utterance VIVOSSPK32_053
LOG (gmm-acc-stats-ali[5.5.929~1-9bca2]:main():gmm-acc-stats-ali.cc:105) Processed 1800 utterances; for utterance VIVOSSPK32_089 avg. like is -47.8026 over 573 frames.
LOG (gmm-acc-stats-ali[5.5.929~1-9bca2]:main():gmm-acc-stats-ali.cc:105) Processed 1850 utterances; for utterance VIVOSSPK32_139 avg. like is -44.4042 over 1098 frames.
LOG (gmm-acc-stats-ali[5.5.929~1-9bca2]:main():gmm-acc-stats-ali.cc:105) Processed 1900 utterances; for utterance VIVOSSPK32_189 avg. like is -42.8292 over 801 frames.
LOG (gmm-acc-stats-ali[5.5.929~1-9bca2]:main():gmm-acc-stats-ali.cc:105) Processed 1950 utterances; for utterance VIVOSSPK33_025 avg. like is -44.3903 over 698 frames.
LOG (gmm-acc-stats-ali[5.5.929~1-9bca2]:main():gmm-acc-stats-ali.cc:105) Processed 2000 utterances; for utterance VIVOSSPK33_075 avg. like is -50.4846 over 773 frames.
LOG (gmm-acc-stats-ali[5.5.929~1-9bca2]:main():gmm-acc-stats-ali.cc:105) Processed 2050 utterances; for utterance VIVOSSPK33_125 avg. like is -46.3013 over 623 frames.
LOG (gmm-acc-stats-ali[5.5.929~1-9bca2]:main():gmm-acc-stats-ali.cc:105) Processed 2100 utterances; for utterance VIVOSSPK33_175 avg. like is -45.5954 over 873 frames.
LOG (gmm-acc-stats-ali[5.5.929~1-9bca2]:main():gmm-acc-stats-ali.cc:105) Processed 2150 utterances; for utterance VIVOSSPK34_005 avg. like is -50.0482 over 417 frames.
WARNING (gmm-acc-stats-ali[5.5.929~1-9bca2]:main():gmm-acc-stats-ali.cc:79) No alignment for utterance VIVOSSPK34_006
WARNING (gmm-acc-stats-ali[5.5.929~1-9bca2]:main():gmm-acc-stats-ali.cc:79) No alignment for utterance VIVOSSPK34_012
WARNING (gmm-acc-stats-ali[5.5.929~1-9bca2]:main():gmm-acc-stats-ali.cc:79) No alignment for utterance VIVOSSPK34_017
WARNING (gmm-acc-stats-ali[5.5.929~1-9bca2]:main():gmm-acc-stats-ali.cc:79) No alignment for utterance VIVOSSPK34_045
LOG (gmm-acc-stats-ali[5.5.929~1-9bca2]:main():gmm-acc-stats-ali.cc:105) Processed 2200 utterances; for utterance VIVOSSPK34_059 avg. like is -50.9257 over 476 frames.
WARNING (gmm-acc-stats-ali[5.5.929~1-9bca2]:main():gmm-acc-stats-ali.cc:79) No alignment for utterance VIVOSSPK34_072
WARNING (gmm-acc-stats-ali[5.5.929~1-9bca2]:main():gmm-acc-stats-ali.cc:79) No alignment for utterance VIVOSSPK34_076
LOG (gmm-acc-stats-ali[5.5.929~1-9bca2]:main():gmm-acc-stats-ali.cc:105) Processed 2250 utterances; for utterance VIVOSSPK34_111 avg. like is -51.0295 over 504 frames.
LOG (gmm-acc-stats-ali[5.5.929~1-9bca2]:main():gmm-acc-stats-ali.cc:105) Processed 2300 utterances; for utterance VIVOSSPK34_161 avg. like is -48.0631 over 332 frames.
LOG (gmm-acc-stats-ali[5.5.929~1-9bca2]:main():gmm-acc-stats-ali.cc:105) Processed 2350 utterances; for utterance VIVOSSPK34_211 avg. like is -47.8136 over 711 frames.
LOG (gmm-acc-stats-ali[5.5.929~1-9bca2]:main():gmm-acc-stats-ali.cc:105) Processed 2400 utterances; for utterance VIVOSSPK34_261 avg. like is -47.7299 over 698 frames.
LOG (gmm-acc-stats-ali[5.5.929~1-9bca2]:main():gmm-acc-stats-ali.cc:105) Processed 2450 utterances; for utterance VIVOSSPK35_011 avg. like is -33.6142 over 1539 frames.
LOG (gmm-acc-stats-ali[5.5.929~1-9bca2]:main():gmm-acc-stats-ali.cc:105) Processed 2500 utterances; for utterance VIVOSSPK35_061 avg. like is -35.6515 over 1292 frames.
LOG (gmm-acc-stats-ali[5.5.929~1-9bca2]:main():gmm-acc-stats-ali.cc:105) Processed 2550 utterances; for utterance VIVOSSPK35_111 avg. like is -32.138 over 1257 frames.
LOG (gmm-acc-stats-ali[5.5.929~1-9bca2]:main():gmm-acc-stats-ali.cc:105) Processed 2600 utterances; for utterance VIVOSSPK35_161 avg. like is -33.0405 over 1242 frames.
LOG (gmm-acc-stats-ali[5.5.929~1-9bca2]:main():gmm-acc-stats-ali.cc:105) Processed 2650 utterances; for utterance VIVOSSPK35_211 avg. like is -36.756 over 1236 frames.
LOG (gmm-acc-stats-ali[5.5.929~1-9bca2]:main():gmm-acc-stats-ali.cc:105) Processed 2700 utterances; for utterance VIVOSSPK35_261 avg. like is -36.0893 over 1698 frames.
WARNING (gmm-acc-stats-ali[5.5.929~1-9bca2]:main():gmm-acc-stats-ali.cc:79) No alignment for utterance VIVOSSPK35_262
LOG (gmm-acc-stats-ali[5.5.929~1-9bca2]:main():gmm-acc-stats-ali.cc:105) Processed 2750 utterances; for utterance VIVOSSPK36_050 avg. like is -48.5336 over 773 frames.
WARNING (gmm-acc-stats-ali[5.5.929~1-9bca2]:main():gmm-acc-stats-ali.cc:79) No alignment for utterance VIVOSSPK36_100
LOG (gmm-acc-stats-ali[5.5.929~1-9bca2]:main():gmm-acc-stats-ali.cc:105) Processed 2800 utterances; for utterance VIVOSSPK36_101 avg. like is -47.2476 over 623 frames.
LOG (gmm-acc-stats-ali[5.5.929~1-9bca2]:main():gmm-acc-stats-ali.cc:105) Processed 2850 utterances; for utterance VIVOSSPK36_151 avg. like is -48.4813 over 557 frames.
LOG (gmm-acc-stats-ali[5.5.929~1-9bca2]:main():gmm-acc-stats-ali.cc:105) Processed 2900 utterances; for utterance VIVOSSPK36_201 avg. like is -48.2406 over 551 frames.
LOG (gmm-acc-stats-ali[5.5.929~1-9bca2]:main():gmm-acc-stats-ali.cc:105) Processed 2950 utterances; for utterance VIVOSSPK37_026 avg. like is -46.1297 over 586 frames.
LOG (gmm-acc-stats-ali[5.5.929~1-9bca2]:main():gmm-acc-stats-ali.cc:105) Processed 3000 utterances; for utterance VIVOSSPK37_076 avg. like is -45.8436 over 798 frames.
LOG (gmm-acc-stats-ali[5.5.929~1-9bca2]:main():gmm-acc-stats-ali.cc:105) Processed 3050 utterances; for utterance VIVOSSPK37_126 avg. like is -43.7519 over 748 frames.
LOG (gmm-acc-stats-ali[5.5.929~1-9bca2]:main():gmm-acc-stats-ali.cc:105) Processed 3100 utterances; for utterance VIVOSSPK38_045 avg. like is -47.9843 over 473 frames.
LOG (gmm-acc-stats-ali[5.5.929~1-9bca2]:main():gmm-acc-stats-ali.cc:105) Processed 3150 utterances; for utterance VIVOSSPK38_095 avg. like is -44.4229 over 664 frames.
LOG (gmm-acc-stats-ali[5.5.929~1-9bca2]:main():gmm-acc-stats-ali.cc:105) Processed 3200 utterances; for utterance VIVOSSPK38_145 avg. like is -45.8585 over 548 frames.
LOG (gmm-acc-stats-ali[5.5.929~1-9bca2]:main():gmm-acc-stats-ali.cc:105) Processed 3250 utterances; for utterance VIVOSSPK38_195 avg. like is -48.632 over 473 frames.
LOG (gmm-acc-stats-ali[5.5.929~1-9bca2]:main():gmm-acc-stats-ali.cc:105) Processed 3300 utterances; for utterance VIVOSSPK38_245 avg. like is -49.8788 over 723 frames.
LOG (gmm-acc-stats-ali[5.5.929~1-9bca2]:main():gmm-acc-stats-ali.cc:105) Processed 3350 utterances; for utterance VIVOSSPK39_003 avg. like is -45.7756 over 723 frames.
LOG (gmm-acc-stats-ali[5.5.929~1-9bca2]:main():gmm-acc-stats-ali.cc:105) Processed 3400 utterances; for utterance VIVOSSPK39_053 avg. like is -47.7688 over 651 frames.
LOG (gmm-acc-stats-ali[5.5.929~1-9bca2]:main():gmm-acc-stats-ali.cc:105) Processed 3450 utterances; for utterance VIVOSSPK39_103 avg. like is -42.2546 over 542 frames.
LOG (gmm-acc-stats-ali[5.5.929~1-9bca2]:main():gmm-acc-stats-ali.cc:105) Processed 3500 utterances; for utterance VIVOSSPK39_153 avg. like is -46.0175 over 504 frames.
LOG (gmm-acc-stats-ali[5.5.929~1-9bca2]:main():gmm-acc-stats-ali.cc:105) Processed 3550 utterances; for utterance VIVOSSPK40_019 avg. like is -48.7622 over 379 frames.
LOG (gmm-acc-stats-ali[5.5.929~1-9bca2]:main():gmm-acc-stats-ali.cc:105) Processed 3600 utterances; for utterance VIVOSSPK40_069 avg. like is -45.6002 over 360 frames.
WARNING (gmm-acc-stats-ali[5.5.929~1-9bca2]:main():gmm-acc-stats-ali.cc:79) No alignment for utterance VIVOSSPK40_088
LOG (gmm-acc-stats-ali[5.5.929~1-9bca2]:main():gmm-acc-stats-ali.cc:105) Processed 3650 utterances; for utterance VIVOSSPK40_120 avg. like is -44.9765 over 310 frames.
LOG (gmm-acc-stats-ali[5.5.929~1-9bca2]:main():gmm-acc-stats-ali.cc:105) Processed 3700 utterances; for utterance VIVOSSPK40_170 avg. like is -46.3088 over 342 frames.
WARNING (gmm-acc-stats-ali[5.5.929~1-9bca2]:main():gmm-acc-stats-ali.cc:79) No alignment for utterance VIVOSSPK40_185
WARNING (gmm-acc-stats-ali[5.5.929~1-9bca2]:main():gmm-acc-stats-ali.cc:79) No alignment for utterance VIVOSSPK40_189
LOG (gmm-acc-stats-ali[5.5.929~1-9bca2]:main():gmm-acc-stats-ali.cc:105) Processed 3750 utterances; for utterance VIVOSSPK40_222 avg. like is -50.2291 over 217 frames.
WARNING (gmm-acc-stats-ali[5.5.929~1-9bca2]:main():gmm-acc-stats-ali.cc:79) No alignment for utterance VIVOSSPK40_225
WARNING (gmm-acc-stats-ali[5.5.929~1-9bca2]:main():gmm-acc-stats-ali.cc:79) No alignment for utterance VIVOSSPK40_240
WARNING (gmm-acc-stats-ali[5.5.929~1-9bca2]:main():gmm-acc-stats-ali.cc:79) No alignment for utterance VIVOSSPK40_241
WARNING (gmm-acc-stats-ali[5.5.929~1-9bca2]:main():gmm-acc-stats-ali.cc:79) No alignment for utterance VIVOSSPK40_257
WARNING (gmm-acc-stats-ali[5.5.929~1-9bca2]:main():gmm-acc-stats-ali.cc:79) No alignment for utterance VIVOSSPK40_258
LOG (gmm-acc-stats-ali[5.5.929~1-9bca2]:main():gmm-acc-stats-ali.cc:105) Processed 3800 utterances; for utterance VIVOSSPK40_277 avg. like is -45.0888 over 335 frames.
WARNING (gmm-acc-stats-ali[5.5.929~1-9bca2]:main():gmm-acc-stats-ali.cc:79) No alignment for utterance VIVOSSPK40_280
WARNING (gmm-acc-stats-ali[5.5.929~1-9bca2]:main():gmm-acc-stats-ali.cc:79) No alignment for utterance VIVOSSPK40_282
WARNING (gmm-acc-stats-ali[5.5.929~1-9bca2]:main():gmm-acc-stats-ali.cc:79) No alignment for utterance VIVOSSPK40_284
LOG (gmm-acc-stats-ali[5.5.929~1-9bca2]:main():gmm-acc-stats-ali.cc:105) Processed 3850 utterances; for utterance VIVOSSPK41_030 avg. like is -49.2482 over 360 frames.
WARNING (gmm-acc-stats-ali[5.5.929~1-9bca2]:main():gmm-acc-stats-ali.cc:79) No alignment for utterance VIVOSSPK41_034
WARNING (gmm-acc-stats-ali[5.5.929~1-9bca2]:main():gmm-acc-stats-ali.cc:79) No alignment for utterance VIVOSSPK41_071
WARNING (gmm-acc-stats-ali[5.5.929~1-9bca2]:main():gmm-acc-stats-ali.cc:79) No alignment for utterance VIVOSSPK41_073
WARNING (gmm-acc-stats-ali[5.5.929~1-9bca2]:main():gmm-acc-stats-ali.cc:79) No alignment for utterance VIVOSSPK41_077
LOG (gmm-acc-stats-ali[5.5.929~1-9bca2]:main():gmm-acc-stats-ali.cc:105) Processed 3900 utterances; for utterance VIVOSSPK41_084 avg. like is -49.758 over 335 frames.
WARNING (gmm-acc-stats-ali[5.5.929~1-9bca2]:main():gmm-acc-stats-ali.cc:79) No alignment for utterance VIVOSSPK41_093
WARNING (gmm-acc-stats-ali[5.5.929~1-9bca2]:main():gmm-acc-stats-ali.cc:79) No alignment for utterance VIVOSSPK41_105
WARNING (gmm-acc-stats-ali[5.5.929~1-9bca2]:main():gmm-acc-stats-ali.cc:79) No alignment for utterance VIVOSSPK41_107
WARNING (gmm-acc-stats-ali[5.5.929~1-9bca2]:main():gmm-acc-stats-ali.cc:79) No alignment for utterance VIVOSSPK41_108
WARNING (gmm-acc-stats-ali[5.5.929~1-9bca2]:main():gmm-acc-stats-ali.cc:79) No alignment for utterance VIVOSSPK41_112
WARNING (gmm-acc-stats-ali[5.5.929~1-9bca2]:main():gmm-acc-stats-ali.cc:79) No alignment for utterance VIVOSSPK41_119
WARNING (gmm-acc-stats-ali[5.5.929~1-9bca2]:main():gmm-acc-stats-ali.cc:79) No alignment for utterance VIVOSSPK41_120
WARNING (gmm-acc-stats-ali[5.5.929~1-9bca2]:main():gmm-acc-stats-ali.cc:79) No alignment for utterance VIVOSSPK41_121
WARNING (gmm-acc-stats-ali[5.5.929~1-9bca2]:main():gmm-acc-stats-ali.cc:79) No alignment for utterance VIVOSSPK41_128
WARNING (gmm-acc-stats-ali[5.5.929~1-9bca2]:main():gmm-acc-stats-ali.cc:79) No alignment for utterance VIVOSSPK41_129
WARNING (gmm-acc-stats-ali[5.5.929~1-9bca2]:main():gmm-acc-stats-ali.cc:79) No alignment for utterance VIVOSSPK41_137
LOG (gmm-acc-stats-ali[5.5.929~1-9bca2]:main():gmm-acc-stats-ali.cc:105) Processed 3950 utterances; for utterance VIVOSSPK41_145 avg. like is -46.5149 over 379 frames.
WARNING (gmm-acc-stats-ali[5.5.929~1-9bca2]:main():gmm-acc-stats-ali.cc:79) No alignment for utterance VIVOSSPK41_146
WARNING (gmm-acc-stats-ali[5.5.929~1-9bca2]:main():gmm-acc-stats-ali.cc:79) No alignment for utterance VIVOSSPK41_148
WARNING (gmm-acc-stats-ali[5.5.929~1-9bca2]:main():gmm-acc-stats-ali.cc:79) No alignment for utterance VIVOSSPK41_154
WARNING (gmm-acc-stats-ali[5.5.929~1-9bca2]:main():gmm-acc-stats-ali.cc:79) No alignment for utterance VIVOSSPK41_186
LOG (gmm-acc-stats-ali[5.5.929~1-9bca2]:main():gmm-acc-stats-ali.cc:105) Processed 4000 utterances; for utterance VIVOSSPK41_199 avg. like is -49.2733 over 348 frames.
WARNING (gmm-acc-stats-ali[5.5.929~1-9bca2]:main():gmm-acc-stats-ali.cc:79) No alignment for utterance VIVOSSPK41_200
WARNING (gmm-acc-stats-ali[5.5.929~1-9bca2]:main():gmm-acc-stats-ali.cc:79) No alignment for utterance VIVOSSPK41_242
LOG (gmm-acc-stats-ali[5.5.929~1-9bca2]:main():gmm-acc-stats-ali.cc:105) Processed 4050 utterances; for utterance VIVOSSPK41_251 avg. like is -48.2751 over 310 frames.
WARNING (gmm-acc-stats-ali[5.5.929~1-9bca2]:main():gmm-acc-stats-ali.cc:79) No alignment for utterance VIVOSSPK41_292
LOG (gmm-acc-stats-ali[5.5.929~1-9bca2]:main():gmm-acc-stats-ali.cc:105) Processed 4100 utterances; for utterance VIVOSSPK42_002 avg. like is -39.5189 over 554 frames.
WARNING (gmm-acc-stats-ali[5.5.929~1-9bca2]:main():gmm-acc-stats-ali.cc:79) No alignment for utterance VIVOSSPK42_052
LOG (gmm-acc-stats-ali[5.5.929~1-9bca2]:main():gmm-acc-stats-ali.cc:105) Processed 4150 utterances; for utterance VIVOSSPK42_053 avg. like is -40.1209 over 598 frames.
WARNING (gmm-acc-stats-ali[5.5.929~1-9bca2]:main():gmm-acc-stats-ali.cc:79) No alignment for utterance VIVOSSPK42_065
WARNING (gmm-acc-stats-ali[5.5.929~1-9bca2]:main():gmm-acc-stats-ali.cc:79) No alignment for utterance VIVOSSPK42_066
WARNING (gmm-acc-stats-ali[5.5.929~1-9bca2]:main():gmm-acc-stats-ali.cc:79) No alignment for utterance VIVOSSPK42_067
LOG (gmm-acc-stats-ali[5.5.929~1-9bca2]:main():gmm-acc-stats-ali.cc:105) Processed 4200 utterances; for utterance VIVOSSPK42_106 avg. like is -43.538 over 360 frames.
WARNING (gmm-acc-stats-ali[5.5.929~1-9bca2]:main():gmm-acc-stats-ali.cc:79) No alignment for utterance VIVOSSPK42_121
LOG (gmm-acc-stats-ali[5.5.929~1-9bca2]:main():gmm-acc-stats-ali.cc:105) Processed 4250 utterances; for utterance VIVOSSPK42_157 avg. like is -40.3152 over 292 frames.
WARNING (gmm-acc-stats-ali[5.5.929~1-9bca2]:main():gmm-acc-stats-ali.cc:79) No alignment for utterance VIVOSSPK42_162
WARNING (gmm-acc-stats-ali[5.5.929~1-9bca2]:main():gmm-acc-stats-ali.cc:79) No alignment for utterance VIVOSSPK42_165
WARNING (gmm-acc-stats-ali[5.5.929~1-9bca2]:main():gmm-acc-stats-ali.cc:79) No alignment for utterance VIVOSSPK42_174
LOG (gmm-acc-stats-ali[5.5.929~1-9bca2]:main():gmm-acc-stats-ali.cc:105) Processed 4300 utterances; for utterance VIVOSSPK42_210 avg. like is -42.9386 over 373 frames.
WARNING (gmm-acc-stats-ali[5.5.929~1-9bca2]:main():gmm-acc-stats-ali.cc:79) No alignment for utterance VIVOSSPK42_241
WARNING (gmm-acc-stats-ali[5.5.929~1-9bca2]:main():gmm-acc-stats-ali.cc:79) No alignment for utterance VIVOSSPK42_243
WARNING (gmm-acc-stats-ali[5.5.929~1-9bca2]:main():gmm-acc-stats-ali.cc:79) No alignment for utterance VIVOSSPK42_245
WARNING (gmm-acc-stats-ali[5.5.929~1-9bca2]:main():gmm-acc-stats-ali.cc:79) No alignment for utterance VIVOSSPK42_246
WARNING (gmm-acc-stats-ali[5.5.929~1-9bca2]:main():gmm-acc-stats-ali.cc:79) No alignment for utterance VIVOSSPK42_247
WARNING (gmm-acc-stats-ali[5.5.929~1-9bca2]:main():gmm-acc-stats-ali.cc:79) No alignment for utterance VIVOSSPK42_258
LOG (gmm-acc-stats-ali[5.5.929~1-9bca2]:main():gmm-acc-stats-ali.cc:105) Processed 4350 utterances; for utterance VIVOSSPK42_266 avg. like is -38.826 over 501 frames.
WARNING (gmm-acc-stats-ali[5.5.929~1-9bca2]:main():gmm-acc-stats-ali.cc:79) No alignment for utterance VIVOSSPK42_300
LOG (gmm-acc-stats-ali[5.5.929~1-9bca2]:main():gmm-acc-stats-ali.cc:105) Processed 4400 utterances; for utterance VIVOSSPK43_017 avg. like is -47.0773 over 379 frames.
WARNING (gmm-acc-stats-ali[5.5.929~1-9bca2]:main():gmm-acc-stats-ali.cc:79) No alignment for utterance VIVOSSPK43_066
LOG (gmm-acc-stats-ali[5.5.929~1-9bca2]:main():gmm-acc-stats-ali.cc:105) Processed 4450 utterances; for utterance VIVOSSPK43_068 avg. like is -49.2317 over 242 frames.
WARNING (gmm-acc-stats-ali[5.5.929~1-9bca2]:main():gmm-acc-stats-ali.cc:79) No alignment for utterance VIVOSSPK43_106
WARNING (gmm-acc-stats-ali[5.5.929~1-9bca2]:main():gmm-acc-stats-ali.cc:79) No alignment for utterance VIVOSSPK43_109
LOG (gmm-acc-stats-ali[5.5.929~1-9bca2]:main():gmm-acc-stats-ali.cc:105) Processed 4500 utterances; for utterance VIVOSSPK43_120 avg. like is -48.4994 over 273 frames.
LOG (gmm-acc-stats-ali[5.5.929~1-9bca2]:main():gmm-acc-stats-ali.cc:105) Processed 4550 utterances; for utterance VIVOSSPK43_170 avg. like is -47.9495 over 267 frames.
LOG (gmm-acc-stats-ali[5.5.929~1-9bca2]:main():gmm-acc-stats-ali.cc:105) Processed 4600 utterances; for utterance VIVOSSPK43_220 avg. like is -48.2012 over 289 frames.
LOG (gmm-acc-stats-ali[5.5.929~1-9bca2]:main():gmm-acc-stats-ali.cc:105) Processed 4650 utterances; for utterance VIVOSSPK43_270 avg. like is -47.2251 over 376 frames.
LOG (gmm-acc-stats-ali[5.5.929~1-9bca2]:main():gmm-acc-stats-ali.cc:105) Processed 4700 utterances; for utterance VIVOSSPK44_020 avg. like is -48.6699 over 354 frames.
WARNING (gmm-acc-stats-ali[5.5.929~1-9bca2]:main():gmm-acc-stats-ali.cc:79) No alignment for utterance VIVOSSPK44_063
LOG (gmm-acc-stats-ali[5.5.929~1-9bca2]:main():gmm-acc-stats-ali.cc:105) Processed 4750 utterances; for utterance VIVOSSPK44_071 avg. like is -45.599 over 323 frames.
LOG (gmm-acc-stats-ali[5.5.929~1-9bca2]:main():gmm-acc-stats-ali.cc:105) Processed 4800 utterances; for utterance VIVOSSPK44_121 avg. like is -49.0286 over 273 frames.
WARNING (gmm-acc-stats-ali[5.5.929~1-9bca2]:main():gmm-acc-stats-ali.cc:79) No alignment for utterance VIVOSSPK44_134
WARNING (gmm-acc-stats-ali[5.5.929~1-9bca2]:main():gmm-acc-stats-ali.cc:79) No alignment for utterance VIVOSSPK44_144
LOG (gmm-acc-stats-ali[5.5.929~1-9bca2]:main():gmm-acc-stats-ali.cc:105) Processed 4850 utterances; for utterance VIVOSSPK44_173 avg. like is -50.7933 over 285 frames.
WARNING (gmm-acc-stats-ali[5.5.929~1-9bca2]:main():gmm-acc-stats-ali.cc:79) No alignment for utterance VIVOSSPK44_183
WARNING (gmm-acc-stats-ali[5.5.929~1-9bca2]:main():gmm-acc-stats-ali.cc:79) No alignment for utterance VIVOSSPK44_213
WARNING (gmm-acc-stats-ali[5.5.929~1-9bca2]:main():gmm-acc-stats-ali.cc:79) No alignment for utterance VIVOSSPK44_221
LOG (gmm-acc-stats-ali[5.5.929~1-9bca2]:main():gmm-acc-stats-ali.cc:105) Processed 4900 utterances; for utterance VIVOSSPK44_226 avg. like is -51.5346 over 348 frames.
LOG (gmm-acc-stats-ali[5.5.929~1-9bca2]:main():gmm-acc-stats-ali.cc:105) Processed 4950 utterances; for utterance VIVOSSPK44_276 avg. like is -48.5423 over 310 frames.
LOG (gmm-acc-stats-ali[5.5.929~1-9bca2]:main():gmm-acc-stats-ali.cc:105) Processed 5000 utterances; for utterance VIVOSSPK45_026 avg. like is -44.4995 over 404 frames.
LOG (gmm-acc-stats-ali[5.5.929~1-9bca2]:main():gmm-acc-stats-ali.cc:105) Processed 5050 utterances; for utterance VIVOSSPK45_076 avg. like is -46.3742 over 342 frames.
LOG (gmm-acc-stats-ali[5.5.929~1-9bca2]:main():gmm-acc-stats-ali.cc:105) Processed 5100 utterances; for utterance VIVOSSPK45_126 avg. like is -43.57 over 548 frames.
LOG (gmm-acc-stats-ali[5.5.929~1-9bca2]:main():gmm-acc-stats-ali.cc:105) Processed 5150 utterances; for utterance VIVOSSPK45_176 avg. like is -44.817 over 373 frames.
LOG (gmm-acc-stats-ali[5.5.929~1-9bca2]:main():gmm-acc-stats-ali.cc:105) Processed 5200 utterances; for utterance VIVOSSPK45_226 avg. like is -45.9579 over 429 frames.
LOG (gmm-acc-stats-ali[5.5.929~1-9bca2]:main():gmm-acc-stats-ali.cc:105) Processed 5250 utterances; for utterance VIVOSSPK45_276 avg. like is -45.202 over 435 frames.
LOG (gmm-acc-stats-ali[5.5.929~1-9bca2]:main():gmm-acc-stats-ali.cc:105) Processed 5300 utterances; for utterance VIVOSSPK46_026 avg. like is -39.0186 over 517 frames.
LOG (gmm-acc-stats-ali[5.5.929~1-9bca2]:main():gmm-acc-stats-ali.cc:105) Processed 5350 utterances; for utterance VIVOSSPK46_076 avg. like is -42.581 over 435 frames.
LOG (gmm-acc-stats-ali[5.5.929~1-9bca2]:main():gmm-acc-stats-ali.cc:105) Processed 5400 utterances; for utterance VIVOSSPK46_126 avg. like is -42.9222 over 392 frames.
LOG (gmm-acc-stats-ali[5.5.929~1-9bca2]:main():gmm-acc-stats-ali.cc:105) Processed 5450 utterances; for utterance VIVOSSPK46_176 avg. like is -46.4371 over 401 frames.
LOG (gmm-acc-stats-ali[5.5.929~1-9bca2]:main():gmm-acc-stats-ali.cc:105) Processed 5500 utterances; for utterance VIVOSSPK46_226 avg. like is -43.3661 over 435 frames.
LOG (gmm-acc-stats-ali[5.5.929~1-9bca2]:main():gmm-acc-stats-ali.cc:105) Processed 5550 utterances; for utterance VIVOSSPK46_276 avg. like is -43.8832 over 542 frames.
WARNING (gmm-acc-stats-ali[5.5.929~1-9bca2]:main():gmm-acc-stats-ali.cc:79) No alignment for utterance VIVOSSPK46_288
LOG (gmm-acc-stats-ali[5.5.929~1-9bca2]:main():gmm-acc-stats-ali.cc:105) Processed 5600 utterances; for utterance XHUSTSPK01_R027 avg. like is -47.2979 over 260 frames.
LOG (gmm-acc-stats-ali[5.5.929~1-9bca2]:main():gmm-acc-stats-ali.cc:105) Processed 5650 utterances; for utterance XHUSTSPK01_R077 avg. like is -45.2771 over 342 frames.
LOG (gmm-acc-stats-ali[5.5.929~1-9bca2]:main():gmm-acc-stats-ali.cc:105) Processed 5700 utterances; for utterance XHUSTSPK01_R127 avg. like is -45.4275 over 342 frames.
LOG (gmm-acc-stats-ali[5.5.929~1-9bca2]:main():gmm-acc-stats-ali.cc:105) Processed 5750 utterances; for utterance XHUSTSPK01_R177 avg. like is -45.7018 over 187 frames.
LOG (gmm-acc-stats-ali[5.5.929~1-9bca2]:main():gmm-acc-stats-ali.cc:105) Processed 5800 utterances; for utterance XHUSTSPK01_R227 avg. like is -45.3453 over 546 frames.
LOG (gmm-acc-stats-ali[5.5.929~1-9bca2]:main():gmm-acc-stats-ali.cc:105) Processed 5850 utterances; for utterance XHUSTSPK02_R277 avg. like is -47.5115 over 166 frames.
LOG (gmm-acc-stats-ali[5.5.929~1-9bca2]:main():gmm-acc-stats-ali.cc:105) Processed 5900 utterances; for utterance XHUSTSPK02_R327 avg. like is -46.9053 over 383 frames.
LOG (gmm-acc-stats-ali[5.5.929~1-9bca2]:main():gmm-acc-stats-ali.cc:105) Processed 5950 utterances; for utterance XHUSTSPK02_R377 avg. like is -48.0333 over 341 frames.
LOG (gmm-acc-stats-ali[5.5.929~1-9bca2]:main():gmm-acc-stats-ali.cc:105) Processed 6000 utterances; for utterance XHUSTSPK02_R427 avg. like is -48.3677 over 158 frames.
LOG (gmm-acc-stats-ali[5.5.929~1-9bca2]:main():gmm-acc-stats-ali.cc:105) Processed 6050 utterances; for utterance XHUSTSPK02_R477 avg. like is -46.5615 over 204 frames.
LOG (gmm-acc-stats-ali[5.5.929~1-9bca2]:main():gmm-acc-stats-ali.cc:105) Processed 6100 utterances; for utterance XHUSTSPK03_R527 avg. like is -46.5683 over 251 frames.
LOG (gmm-acc-stats-ali[5.5.929~1-9bca2]:main():gmm-acc-stats-ali.cc:105) Processed 6150 utterances; for utterance XHUSTSPK03_R577 avg. like is -47.6056 over 686 frames.
LOG (gmm-acc-stats-ali[5.5.929~1-9bca2]:main():gmm-acc-stats-ali.cc:105) Processed 6200 utterances; for utterance XHUSTSPK03_R627 avg. like is -45.4009 over 629 frames.
LOG (gmm-acc-stats-ali[5.5.929~1-9bca2]:main():gmm-acc-stats-ali.cc:105) Processed 6250 utterances; for utterance XHUSTSPK03_R677 avg. like is -44.6556 over 165 frames.
LOG (gmm-acc-stats-ali[5.5.929~1-9bca2]:main():gmm-acc-stats-ali.cc:105) Processed 6300 utterances; for utterance XHUSTSPK03_R727 avg. like is -45.5283 over 378 frames.
LOG (gmm-acc-stats-ali[5.5.929~1-9bca2]:main():gmm-acc-stats-ali.cc:105) Processed 6350 utterances; for utterance XHUSTSPK04_R777 avg. like is -44.6042 over 362 frames.
LOG (gmm-acc-stats-ali[5.5.929~1-9bca2]:main():gmm-acc-stats-ali.cc:105) Processed 6400 utterances; for utterance XHUSTSPK04_R827 avg. like is -43.2235 over 171 frames.
LOG (gmm-acc-stats-ali[5.5.929~1-9bca2]:main():gmm-acc-stats-ali.cc:105) Processed 6450 utterances; for utterance XHUSTSPK04_R877 avg. like is -48.2581 over 270 frames.
LOG (gmm-acc-stats-ali[5.5.929~1-9bca2]:main():gmm-acc-stats-ali.cc:105) Processed 6500 utterances; for utterance XHUSTSPK04_R927 avg. like is -41.9195 over 454 frames.
LOG (gmm-acc-stats-ali[5.5.929~1-9bca2]:main():gmm-acc-stats-ali.cc:105) Processed 6550 utterances; for utterance XHUSTSPK04_R977 avg. like is -41.5654 over 321 frames.
LOG (apply-cmvn[5.5.929~1-9bca2]:main():apply-cmvn.cc:162) Applied cepstral mean normalization to 6660 utterances, errors on 0
LOG (transform-feats[5.5.929~1-9bca2]:main():transform-feats.cc:158) Overall average [pseudo-]logdet is -94.5228 over 3.70676e+06 frames.
LOG (transform-feats[5.5.929~1-9bca2]:main():transform-feats.cc:161) Applied transform to 6660 utterances; 0 had errors.
LOG (gmm-acc-stats-ali[5.5.929~1-9bca2]:main():gmm-acc-stats-ali.cc:112) Done 6573 files, 87 with errors.
LOG (gmm-acc-stats-ali[5.5.929~1-9bca2]:main():gmm-acc-stats-ali.cc:115) Overall avg like per frame (Gaussian only) = -44.6979 over 3674362 frames.
LOG (gmm-acc-stats-ali[5.5.929~1-9bca2]:main():gmm-acc-stats-ali.cc:123) Written accs.
# Accounting: time=22 threads=1
# Ended (code 0) at Fri Aug 13 03:13:49 +07 2021, elapsed time 22 seconds
