# acc-tree-stats --ci-phones=1 ./exp/tri1_ali/final.mdl "ark,s,cs:apply-cmvn  --utt2spk=ark:./data/train/split4/3/utt2spk scp:./data/train/split4/3/cmvn.scp scp:./data/train/split4/3/feats.scp ark:- | splice-feats --left-context=3 --right-context=3 ark:- ark:- | transform-feats ./exp/tri2b/0.mat ark:- ark:- |" "ark:gunzip -c ./exp/tri1_ali/ali.3.gz|" ./exp/tri2b/3.treeacc 
# Started at Fri Aug 13 02:52:31 +07 2021
#
acc-tree-stats --ci-phones=1 ./exp/tri1_ali/final.mdl 'ark,s,cs:apply-cmvn  --utt2spk=ark:./data/train/split4/3/utt2spk scp:./data/train/split4/3/cmvn.scp scp:./data/train/split4/3/feats.scp ark:- | splice-feats --left-context=3 --right-context=3 ark:- ark:- | transform-feats ./exp/tri2b/0.mat ark:- ark:- |' 'ark:gunzip -c ./exp/tri1_ali/ali.3.gz|' ./exp/tri2b/3.treeacc 
apply-cmvn --utt2spk=ark:./data/train/split4/3/utt2spk scp:./data/train/split4/3/cmvn.scp scp:./data/train/split4/3/feats.scp ark:- 
splice-feats --left-context=3 --right-context=3 ark:- ark:- 
transform-feats ./exp/tri2b/0.mat ark:- ark:- 
LOG (acc-tree-stats[5.5.929~1-9bca2]:main():acc-tree-stats.cc:101) Processed 1000 utterances.
LOG (acc-tree-stats[5.5.929~1-9bca2]:main():acc-tree-stats.cc:101) Processed 2000 utterances.
LOG (acc-tree-stats[5.5.929~1-9bca2]:main():acc-tree-stats.cc:101) Processed 3000 utterances.
LOG (acc-tree-stats[5.5.929~1-9bca2]:main():acc-tree-stats.cc:101) Processed 4000 utterances.
LOG (acc-tree-stats[5.5.929~1-9bca2]:main():acc-tree-stats.cc:101) Processed 5000 utterances.
LOG (acc-tree-stats[5.5.929~1-9bca2]:main():acc-tree-stats.cc:101) Processed 6000 utterances.
LOG (apply-cmvn[5.5.929~1-9bca2]:main():apply-cmvn.cc:162) Applied cepstral mean normalization to 6935 utterances, errors on 0
LOG (transform-feats[5.5.929~1-9bca2]:main():transform-feats.cc:158) Overall average [pseudo-]logdet is -96.3845 over 2.57081e+06 frames.
LOG (transform-feats[5.5.929~1-9bca2]:main():transform-feats.cc:161) Applied transform to 6935 utterances; 0 had errors.
LOG (acc-tree-stats[5.5.929~1-9bca2]:main():acc-tree-stats.cc:118) Accumulated stats for 6931 files, 4 failed due to no alignment, 0 failed for other reasons.
LOG (acc-tree-stats[5.5.929~1-9bca2]:main():acc-tree-stats.cc:121) Number of separate stats (context-dependent states) is 93899
# Accounting: time=10 threads=1
# Ended (code 0) at Fri Aug 13 02:52:41 +07 2021, elapsed time 10 seconds
