# build-tree --verbose=1 --max-leaves=2500 --cluster-thresh=-1 ./exp/tri2b/treeacc ./data/lang/phones/roots.int ./exp/tri2b/questions.qst ./data/lang/topo ./exp/tri2b/tree 
# Started at Fri Aug 13 02:52:54 +07 2021
#
build-tree --verbose=1 --max-leaves=2500 --cluster-thresh=-1 ./exp/tri2b/treeacc ./data/lang/phones/roots.int ./exp/tri2b/questions.qst ./data/lang/topo ./exp/tri2b/tree 
LOG (build-tree[5.5.929~1-9bca2]:main():build-tree.cc:104) Number of separate statistics is 196400
LOG (build-tree[5.5.929~1-9bca2]:BuildTree():build-tree.cc:161) BuildTree: before building trees, map has 265 leaves.
LOG (build-tree[5.5.929~1-9bca2]:SplitDecisionTree():build-tree-utils.cc:577) DoDecisionTreeSplit: split 2235 times, #leaves now 2500
LOG (build-tree[5.5.929~1-9bca2]:BuildTree():build-tree.cc:187) Setting clustering threshold to smallest split 3576.52
VLOG[1] (build-tree[5.5.929~1-9bca2]:BuildTree():build-tree.cc:196) After decision tree split, num-leaves = 2500, like-impr = 4.28865 per frame over 1.46416e+07 frames.
VLOG[1] (build-tree[5.5.929~1-9bca2]:BuildTree():build-tree.cc:200) Including just phones that were split, improvement is 5.51344 per frame over 1.1389e+07 frames.
LOG (build-tree[5.5.929~1-9bca2]:BuildTree():build-tree.cc:215) BuildTree: removed 323 leaves.
VLOG[1] (build-tree[5.5.929~1-9bca2]:ClusterEventMapToNClustersRestrictedByMap():build-tree-utils.cc:914) Number of non-empty clusters in map = 252
VLOG[1] (build-tree[5.5.929~1-9bca2]:ClusterEventMapToNClustersRestrictedByMap():build-tree-utils.cc:915) Number of non-empty clusters = 2164
LOG (build-tree[5.5.929~1-9bca2]:BuildTree():build-tree.cc:231) BuildTree: Rounded num leaves to multiple of 8 by removing 1 leaves.
VLOG[1] (build-tree[5.5.929~1-9bca2]:BuildTree():build-tree.cc:256) Objf change due to clustering -0.0428848 per frame.
VLOG[1] (build-tree[5.5.929~1-9bca2]:BuildTree():build-tree.cc:259) Normalizing over only split phones, this is: -0.0551323 per frame.
VLOG[1] (build-tree[5.5.929~1-9bca2]:BuildTree():build-tree.cc:262) Num-leaves is now 2176
VLOG[1] (build-tree[5.5.929~1-9bca2]:main():build-tree.cc:143) For pdf-id 7, low count 22
VLOG[1] (build-tree[5.5.929~1-9bca2]:main():build-tree.cc:143) For pdf-id 34, low count 26
VLOG[1] (build-tree[5.5.929~1-9bca2]:main():build-tree.cc:143) For pdf-id 56, low count 13
VLOG[1] (build-tree[5.5.929~1-9bca2]:main():build-tree.cc:143) For pdf-id 61, low count 7
VLOG[1] (build-tree[5.5.929~1-9bca2]:main():build-tree.cc:143) For pdf-id 90, low count 0
VLOG[1] (build-tree[5.5.929~1-9bca2]:main():build-tree.cc:143) For pdf-id 97, low count 63
VLOG[1] (build-tree[5.5.929~1-9bca2]:main():build-tree.cc:143) For pdf-id 110, low count 49
VLOG[1] (build-tree[5.5.929~1-9bca2]:main():build-tree.cc:143) For pdf-id 112, low count 0
VLOG[1] (build-tree[5.5.929~1-9bca2]:main():build-tree.cc:143) For pdf-id 116, low count 16
VLOG[1] (build-tree[5.5.929~1-9bca2]:main():build-tree.cc:143) For pdf-id 118, low count 0
VLOG[1] (build-tree[5.5.929~1-9bca2]:main():build-tree.cc:143) For pdf-id 119, low count 91
VLOG[1] (build-tree[5.5.929~1-9bca2]:main():build-tree.cc:143) For pdf-id 122, low count 54
VLOG[1] (build-tree[5.5.929~1-9bca2]:main():build-tree.cc:143) For pdf-id 123, low count 7
VLOG[1] (build-tree[5.5.929~1-9bca2]:main():build-tree.cc:143) For pdf-id 125, low count 0
VLOG[1] (build-tree[5.5.929~1-9bca2]:main():build-tree.cc:143) For pdf-id 127, low count 13
VLOG[1] (build-tree[5.5.929~1-9bca2]:main():build-tree.cc:143) For pdf-id 129, low count 6
VLOG[1] (build-tree[5.5.929~1-9bca2]:main():build-tree.cc:143) For pdf-id 130, low count 28
VLOG[1] (build-tree[5.5.929~1-9bca2]:main():build-tree.cc:143) For pdf-id 133, low count 0
VLOG[1] (build-tree[5.5.929~1-9bca2]:main():build-tree.cc:143) For pdf-id 135, low count 7
VLOG[1] (build-tree[5.5.929~1-9bca2]:main():build-tree.cc:143) For pdf-id 137, low count 42
VLOG[1] (build-tree[5.5.929~1-9bca2]:main():build-tree.cc:143) For pdf-id 138, low count 6
VLOG[1] (build-tree[5.5.929~1-9bca2]:main():build-tree.cc:143) For pdf-id 143, low count 0
VLOG[1] (build-tree[5.5.929~1-9bca2]:main():build-tree.cc:143) For pdf-id 149, low count 37
VLOG[1] (build-tree[5.5.929~1-9bca2]:main():build-tree.cc:143) For pdf-id 151, low count 8
VLOG[1] (build-tree[5.5.929~1-9bca2]:main():build-tree.cc:143) For pdf-id 155, low count 38
VLOG[1] (build-tree[5.5.929~1-9bca2]:main():build-tree.cc:143) For pdf-id 158, low count 34
VLOG[1] (build-tree[5.5.929~1-9bca2]:main():build-tree.cc:143) For pdf-id 161, low count 7
VLOG[1] (build-tree[5.5.929~1-9bca2]:main():build-tree.cc:143) For pdf-id 162, low count 0
VLOG[1] (build-tree[5.5.929~1-9bca2]:main():build-tree.cc:143) For pdf-id 171, low count 0
VLOG[1] (build-tree[5.5.929~1-9bca2]:main():build-tree.cc:143) For pdf-id 177, low count 57
VLOG[1] (build-tree[5.5.929~1-9bca2]:main():build-tree.cc:143) For pdf-id 179, low count 23
VLOG[1] (build-tree[5.5.929~1-9bca2]:main():build-tree.cc:143) For pdf-id 189, low count 0
VLOG[1] (build-tree[5.5.929~1-9bca2]:main():build-tree.cc:143) For pdf-id 190, low count 0
VLOG[1] (build-tree[5.5.929~1-9bca2]:main():build-tree.cc:143) For pdf-id 192, low count 58
VLOG[1] (build-tree[5.5.929~1-9bca2]:main():build-tree.cc:143) For pdf-id 193, low count 0
VLOG[1] (build-tree[5.5.929~1-9bca2]:main():build-tree.cc:143) For pdf-id 194, low count 6
VLOG[1] (build-tree[5.5.929~1-9bca2]:main():build-tree.cc:143) For pdf-id 196, low count 14
VLOG[1] (build-tree[5.5.929~1-9bca2]:main():build-tree.cc:143) For pdf-id 197, low count 0
VLOG[1] (build-tree[5.5.929~1-9bca2]:main():build-tree.cc:143) For pdf-id 198, low count 10
VLOG[1] (build-tree[5.5.929~1-9bca2]:main():build-tree.cc:143) For pdf-id 208, low count 93
VLOG[1] (build-tree[5.5.929~1-9bca2]:main():build-tree.cc:143) For pdf-id 220, low count 5
VLOG[1] (build-tree[5.5.929~1-9bca2]:main():build-tree.cc:143) For pdf-id 224, low count 0
WARNING (build-tree[5.5.929~1-9bca2]:main():build-tree.cc:185) Saw no stats for following phones: 87 109 115 122 130 140 159 168 186 187 190 194 221 
LOG (build-tree[5.5.929~1-9bca2]:main():build-tree.cc:189) Wrote tree
# Accounting: time=16 threads=1
# Ended (code 0) at Fri Aug 13 02:53:10 +07 2021, elapsed time 16 seconds
