# compile-train-graphs --read-disambig-syms=./data/lang/phones/disambig.int ./exp/tri2b/tree ./exp/tri2b/1.mdl ./data/lang/L.fst "ark:utils/sym2int.pl --map-oov 2 -f 2- ./data/lang/words.txt < ./data/train/split4/4/text |" "ark:|gzip -c >./exp/tri2b/fsts.4.gz" 
# Started at Fri Aug 13 02:53:14 +07 2021
#
compile-train-graphs --read-disambig-syms=./data/lang/phones/disambig.int ./exp/tri2b/tree ./exp/tri2b/1.mdl ./data/lang/L.fst 'ark:utils/sym2int.pl --map-oov 2 -f 2- ./data/lang/words.txt < ./data/train/split4/4/text |' 'ark:|gzip -c >./exp/tri2b/fsts.4.gz' 
sym2int.pl: replacing HÓA with 2
sym2int.pl: replacing KHỎE with 2
sym2int.pl: replacing TÒA with 2
sym2int.pl: replacing HÒA with 2
sym2int.pl: replacing TÙY with 2
sym2int.pl: replacing TỎA with 2
sym2int.pl: replacing HÒA with 2
sym2int.pl: replacing HÒA with 2
sym2int.pl: replacing HỌA with 2
sym2int.pl: replacing THỎA with 2
sym2int.pl: replacing SÚY with 2
sym2int.pl: replacing KHÓA with 2
sym2int.pl: replacing THÙY with 2
sym2int.pl: replacing KHỎE with 2
sym2int.pl: replacing THỎA with 2
sym2int.pl: replacing THỦY with 2
sym2int.pl: replacing HÒA with 2
sym2int.pl: replacing QUI with 2
sym2int.pl: replacing KHÓA with 2
sym2int.pl: replacing TỎA with 2
sym2int.pl: not warning for OOVs any more times
** Replaced 1025 instances of OOVs with 2
LOG (compile-train-graphs[5.5.929~1-9bca2]:main():compile-train-graphs.cc:147) compile-train-graphs: succeeded for 6660 graphs, failed for 0
# Accounting: time=41 threads=1
# Ended (code 0) at Fri Aug 13 02:53:55 +07 2021, elapsed time 41 seconds
