# ali-to-post "ark:gunzip -c ./exp/tri1_ali/ali.4.gz|" ark:- | weight-silence-post 0.0 1 ./exp/tri1_ali/final.mdl ark:- ark:- | acc-lda --rand-prune=4.0 ./exp/tri1_ali/final.mdl "ark,s,cs:apply-cmvn  --utt2spk=ark:./data/train/split4/4/utt2spk scp:./data/train/split4/4/cmvn.scp scp:./data/train/split4/4/feats.scp ark:- | splice-feats --left-context=3 --right-context=3 ark:- ark:- |" ark,s,cs:- ./exp/tri2b/lda.4.acc 
# Started at Fri Aug 13 02:52:15 +07 2021
#
ali-to-post 'ark:gunzip -c ./exp/tri1_ali/ali.4.gz|' ark:- 
acc-lda --rand-prune=4.0 ./exp/tri1_ali/final.mdl 'ark,s,cs:apply-cmvn  --utt2spk=ark:./data/train/split4/4/utt2spk scp:./data/train/split4/4/cmvn.scp scp:./data/train/split4/4/feats.scp ark:- | splice-feats --left-context=3 --right-context=3 ark:- ark:- |' ark,s,cs:- ./exp/tri2b/lda.4.acc 
weight-silence-post 0.0 1 ./exp/tri1_ali/final.mdl ark:- ark:- 
splice-feats --left-context=3 --right-context=3 ark:- ark:- 
apply-cmvn --utt2spk=ark:./data/train/split4/4/utt2spk scp:./data/train/split4/4/cmvn.scp scp:./data/train/split4/4/feats.scp ark:- 
WARNING (acc-lda[5.5.929~1-9bca2]:main():acc-lda.cc:77) No posteriors for utterance VIVOSSPK23_001
WARNING (acc-lda[5.5.929~1-9bca2]:main():acc-lda.cc:77) No posteriors for utterance VIVOSSPK23_024
WARNING (acc-lda[5.5.929~1-9bca2]:main():acc-lda.cc:77) No posteriors for utterance VIVOSSPK23_032
WARNING (acc-lda[5.5.929~1-9bca2]:main():acc-lda.cc:77) No posteriors for utterance VIVOSSPK23_038
WARNING (acc-lda[5.5.929~1-9bca2]:main():acc-lda.cc:77) No posteriors for utterance VIVOSSPK23_040
WARNING (acc-lda[5.5.929~1-9bca2]:main():acc-lda.cc:77) No posteriors for utterance VIVOSSPK23_042
WARNING (acc-lda[5.5.929~1-9bca2]:main():acc-lda.cc:77) No posteriors for utterance VIVOSSPK23_050
WARNING (acc-lda[5.5.929~1-9bca2]:main():acc-lda.cc:77) No posteriors for utterance VIVOSSPK23_053
LOG (acc-lda[5.5.929~1-9bca2]:main():acc-lda.cc:114) Done 100 utterances.
LOG (acc-lda[5.5.929~1-9bca2]:main():acc-lda.cc:114) Done 200 utterances.
LOG (acc-lda[5.5.929~1-9bca2]:main():acc-lda.cc:114) Done 300 utterances.
LOG (acc-lda[5.5.929~1-9bca2]:main():acc-lda.cc:114) Done 400 utterances.
LOG (acc-lda[5.5.929~1-9bca2]:main():acc-lda.cc:114) Done 500 utterances.
LOG (acc-lda[5.5.929~1-9bca2]:main():acc-lda.cc:114) Done 600 utterances.
WARNING (acc-lda[5.5.929~1-9bca2]:main():acc-lda.cc:77) No posteriors for utterance VIVOSSPK26_300
LOG (acc-lda[5.5.929~1-9bca2]:main():acc-lda.cc:114) Done 700 utterances.
WARNING (acc-lda[5.5.929~1-9bca2]:main():acc-lda.cc:77) No posteriors for utterance VIVOSSPK27_094
WARNING (acc-lda[5.5.929~1-9bca2]:main():acc-lda.cc:77) No posteriors for utterance VIVOSSPK27_095
WARNING (acc-lda[5.5.929~1-9bca2]:main():acc-lda.cc:77) No posteriors for utterance VIVOSSPK27_099
LOG (acc-lda[5.5.929~1-9bca2]:main():acc-lda.cc:114) Done 800 utterances.
LOG (acc-lda[5.5.929~1-9bca2]:main():acc-lda.cc:114) Done 900 utterances.
LOG (acc-lda[5.5.929~1-9bca2]:main():acc-lda.cc:114) Done 1000 utterances.
LOG (acc-lda[5.5.929~1-9bca2]:main():acc-lda.cc:114) Done 1100 utterances.
LOG (acc-lda[5.5.929~1-9bca2]:main():acc-lda.cc:114) Done 1200 utterances.
LOG (acc-lda[5.5.929~1-9bca2]:main():acc-lda.cc:114) Done 1300 utterances.
LOG (acc-lda[5.5.929~1-9bca2]:main():acc-lda.cc:114) Done 1400 utterances.
WARNING (acc-lda[5.5.929~1-9bca2]:main():acc-lda.cc:77) No posteriors for utterance VIVOSSPK30_153
LOG (acc-lda[5.5.929~1-9bca2]:main():acc-lda.cc:114) Done 1500 utterances.
LOG (acc-lda[5.5.929~1-9bca2]:main():acc-lda.cc:114) Done 1600 utterances.
WARNING (acc-lda[5.5.929~1-9bca2]:main():acc-lda.cc:77) No posteriors for utterance VIVOSSPK31_194
WARNING (acc-lda[5.5.929~1-9bca2]:main():acc-lda.cc:77) No posteriors for utterance VIVOSSPK31_197
WARNING (acc-lda[5.5.929~1-9bca2]:main():acc-lda.cc:77) No posteriors for utterance VIVOSSPK31_209
LOG (acc-lda[5.5.929~1-9bca2]:main():acc-lda.cc:114) Done 1700 utterances.
LOG (acc-lda[5.5.929~1-9bca2]:main():acc-lda.cc:114) Done 1800 utterances.
LOG (acc-lda[5.5.929~1-9bca2]:main():acc-lda.cc:114) Done 1900 utterances.
LOG (acc-lda[5.5.929~1-9bca2]:main():acc-lda.cc:114) Done 2000 utterances.
LOG (acc-lda[5.5.929~1-9bca2]:main():acc-lda.cc:114) Done 2100 utterances.
WARNING (acc-lda[5.5.929~1-9bca2]:main():acc-lda.cc:77) No posteriors for utterance VIVOSSPK34_006
WARNING (acc-lda[5.5.929~1-9bca2]:main():acc-lda.cc:77) No posteriors for utterance VIVOSSPK34_012
WARNING (acc-lda[5.5.929~1-9bca2]:main():acc-lda.cc:77) No posteriors for utterance VIVOSSPK34_017
WARNING (acc-lda[5.5.929~1-9bca2]:main():acc-lda.cc:77) No posteriors for utterance VIVOSSPK34_045
LOG (acc-lda[5.5.929~1-9bca2]:main():acc-lda.cc:114) Done 2200 utterances.
WARNING (acc-lda[5.5.929~1-9bca2]:main():acc-lda.cc:77) No posteriors for utterance VIVOSSPK34_076
LOG (acc-lda[5.5.929~1-9bca2]:main():acc-lda.cc:114) Done 2300 utterances.
LOG (acc-lda[5.5.929~1-9bca2]:main():acc-lda.cc:114) Done 2400 utterances.
LOG (acc-lda[5.5.929~1-9bca2]:main():acc-lda.cc:114) Done 2500 utterances.
LOG (acc-lda[5.5.929~1-9bca2]:main():acc-lda.cc:114) Done 2600 utterances.
LOG (acc-lda[5.5.929~1-9bca2]:main():acc-lda.cc:114) Done 2700 utterances.
WARNING (acc-lda[5.5.929~1-9bca2]:main():acc-lda.cc:77) No posteriors for utterance VIVOSSPK35_262
LOG (acc-lda[5.5.929~1-9bca2]:main():acc-lda.cc:114) Done 2800 utterances.
LOG (acc-lda[5.5.929~1-9bca2]:main():acc-lda.cc:114) Done 2900 utterances.
LOG (acc-lda[5.5.929~1-9bca2]:main():acc-lda.cc:114) Done 3000 utterances.
LOG (acc-lda[5.5.929~1-9bca2]:main():acc-lda.cc:114) Done 3100 utterances.
LOG (acc-lda[5.5.929~1-9bca2]:main():acc-lda.cc:114) Done 3200 utterances.
LOG (acc-lda[5.5.929~1-9bca2]:main():acc-lda.cc:114) Done 3300 utterances.
LOG (acc-lda[5.5.929~1-9bca2]:main():acc-lda.cc:114) Done 3400 utterances.
LOG (acc-lda[5.5.929~1-9bca2]:main():acc-lda.cc:114) Done 3500 utterances.
LOG (acc-lda[5.5.929~1-9bca2]:main():acc-lda.cc:114) Done 3600 utterances.
LOG (acc-lda[5.5.929~1-9bca2]:main():acc-lda.cc:114) Done 3700 utterances.
WARNING (acc-lda[5.5.929~1-9bca2]:main():acc-lda.cc:77) No posteriors for utterance VIVOSSPK40_185
WARNING (acc-lda[5.5.929~1-9bca2]:main():acc-lda.cc:77) No posteriors for utterance VIVOSSPK40_189
WARNING (acc-lda[5.5.929~1-9bca2]:main():acc-lda.cc:77) No posteriors for utterance VIVOSSPK40_217
WARNING (acc-lda[5.5.929~1-9bca2]:main():acc-lda.cc:77) No posteriors for utterance VIVOSSPK40_240
WARNING (acc-lda[5.5.929~1-9bca2]:main():acc-lda.cc:77) No posteriors for utterance VIVOSSPK40_241
WARNING (acc-lda[5.5.929~1-9bca2]:main():acc-lda.cc:77) No posteriors for utterance VIVOSSPK40_257
WARNING (acc-lda[5.5.929~1-9bca2]:main():acc-lda.cc:77) No posteriors for utterance VIVOSSPK40_258
LOG (acc-lda[5.5.929~1-9bca2]:main():acc-lda.cc:114) Done 3800 utterances.
WARNING (acc-lda[5.5.929~1-9bca2]:main():acc-lda.cc:77) No posteriors for utterance VIVOSSPK40_280
WARNING (acc-lda[5.5.929~1-9bca2]:main():acc-lda.cc:77) No posteriors for utterance VIVOSSPK40_282
WARNING (acc-lda[5.5.929~1-9bca2]:main():acc-lda.cc:77) No posteriors for utterance VIVOSSPK41_034
WARNING (acc-lda[5.5.929~1-9bca2]:main():acc-lda.cc:77) No posteriors for utterance VIVOSSPK41_046
WARNING (acc-lda[5.5.929~1-9bca2]:main():acc-lda.cc:77) No posteriors for utterance VIVOSSPK41_073
LOG (acc-lda[5.5.929~1-9bca2]:main():acc-lda.cc:114) Done 3900 utterances.
WARNING (acc-lda[5.5.929~1-9bca2]:main():acc-lda.cc:77) No posteriors for utterance VIVOSSPK41_077
WARNING (acc-lda[5.5.929~1-9bca2]:main():acc-lda.cc:77) No posteriors for utterance VIVOSSPK41_105
WARNING (acc-lda[5.5.929~1-9bca2]:main():acc-lda.cc:77) No posteriors for utterance VIVOSSPK41_108
WARNING (acc-lda[5.5.929~1-9bca2]:main():acc-lda.cc:77) No posteriors for utterance VIVOSSPK41_119
WARNING (acc-lda[5.5.929~1-9bca2]:main():acc-lda.cc:77) No posteriors for utterance VIVOSSPK41_120
WARNING (acc-lda[5.5.929~1-9bca2]:main():acc-lda.cc:77) No posteriors for utterance VIVOSSPK41_121
WARNING (acc-lda[5.5.929~1-9bca2]:main():acc-lda.cc:77) No posteriors for utterance VIVOSSPK41_128
WARNING (acc-lda[5.5.929~1-9bca2]:main():acc-lda.cc:77) No posteriors for utterance VIVOSSPK41_137
WARNING (acc-lda[5.5.929~1-9bca2]:main():acc-lda.cc:77) No posteriors for utterance VIVOSSPK41_148
WARNING (acc-lda[5.5.929~1-9bca2]:main():acc-lda.cc:77) No posteriors for utterance VIVOSSPK41_154
LOG (acc-lda[5.5.929~1-9bca2]:main():acc-lda.cc:114) Done 4000 utterances.
WARNING (acc-lda[5.5.929~1-9bca2]:main():acc-lda.cc:77) No posteriors for utterance VIVOSSPK41_186
WARNING (acc-lda[5.5.929~1-9bca2]:main():acc-lda.cc:77) No posteriors for utterance VIVOSSPK41_200
WARNING (acc-lda[5.5.929~1-9bca2]:main():acc-lda.cc:77) No posteriors for utterance VIVOSSPK41_242
LOG (acc-lda[5.5.929~1-9bca2]:main():acc-lda.cc:114) Done 4100 utterances.
WARNING (acc-lda[5.5.929~1-9bca2]:main():acc-lda.cc:77) No posteriors for utterance VIVOSSPK41_292
WARNING (acc-lda[5.5.929~1-9bca2]:main():acc-lda.cc:77) No posteriors for utterance VIVOSSPK42_052
WARNING (acc-lda[5.5.929~1-9bca2]:main():acc-lda.cc:77) No posteriors for utterance VIVOSSPK42_065
WARNING (acc-lda[5.5.929~1-9bca2]:main():acc-lda.cc:77) No posteriors for utterance VIVOSSPK42_066
WARNING (acc-lda[5.5.929~1-9bca2]:main():acc-lda.cc:77) No posteriors for utterance VIVOSSPK42_067
LOG (acc-lda[5.5.929~1-9bca2]:main():acc-lda.cc:114) Done 4200 utterances.
WARNING (acc-lda[5.5.929~1-9bca2]:main():acc-lda.cc:77) No posteriors for utterance VIVOSSPK42_121
WARNING (acc-lda[5.5.929~1-9bca2]:main():acc-lda.cc:77) No posteriors for utterance VIVOSSPK42_127
WARNING (acc-lda[5.5.929~1-9bca2]:main():acc-lda.cc:77) No posteriors for utterance VIVOSSPK42_162
WARNING (acc-lda[5.5.929~1-9bca2]:main():acc-lda.cc:77) No posteriors for utterance VIVOSSPK42_165
LOG (acc-lda[5.5.929~1-9bca2]:main():acc-lda.cc:114) Done 4300 utterances.
WARNING (acc-lda[5.5.929~1-9bca2]:main():acc-lda.cc:77) No posteriors for utterance VIVOSSPK42_241
WARNING (acc-lda[5.5.929~1-9bca2]:main():acc-lda.cc:77) No posteriors for utterance VIVOSSPK42_243
WARNING (acc-lda[5.5.929~1-9bca2]:main():acc-lda.cc:77) No posteriors for utterance VIVOSSPK42_246
WARNING (acc-lda[5.5.929~1-9bca2]:main():acc-lda.cc:77) No posteriors for utterance VIVOSSPK42_247
WARNING (acc-lda[5.5.929~1-9bca2]:main():acc-lda.cc:77) No posteriors for utterance VIVOSSPK42_258
WARNING (acc-lda[5.5.929~1-9bca2]:main():acc-lda.cc:77) No posteriors for utterance VIVOSSPK42_300
LOG (acc-lda[5.5.929~1-9bca2]:main():acc-lda.cc:114) Done 4400 utterances.
WARNING (acc-lda[5.5.929~1-9bca2]:main():acc-lda.cc:77) No posteriors for utterance VIVOSSPK43_066
LOG (acc-lda[5.5.929~1-9bca2]:main():acc-lda.cc:114) Done 4500 utterances.
WARNING (acc-lda[5.5.929~1-9bca2]:main():acc-lda.cc:77) No posteriors for utterance VIVOSSPK43_109
LOG (acc-lda[5.5.929~1-9bca2]:main():acc-lda.cc:114) Done 4600 utterances.
LOG (acc-lda[5.5.929~1-9bca2]:main():acc-lda.cc:114) Done 4700 utterances.
WARNING (acc-lda[5.5.929~1-9bca2]:main():acc-lda.cc:77) No posteriors for utterance VIVOSSPK44_063
LOG (acc-lda[5.5.929~1-9bca2]:main():acc-lda.cc:114) Done 4800 utterances.
WARNING (acc-lda[5.5.929~1-9bca2]:main():acc-lda.cc:77) No posteriors for utterance VIVOSSPK44_134
WARNING (acc-lda[5.5.929~1-9bca2]:main():acc-lda.cc:77) No posteriors for utterance VIVOSSPK44_144
WARNING (acc-lda[5.5.929~1-9bca2]:main():acc-lda.cc:77) No posteriors for utterance VIVOSSPK44_183
LOG (acc-lda[5.5.929~1-9bca2]:main():acc-lda.cc:114) Done 4900 utterances.
WARNING (acc-lda[5.5.929~1-9bca2]:main():acc-lda.cc:77) No posteriors for utterance VIVOSSPK44_221
LOG (acc-lda[5.5.929~1-9bca2]:main():acc-lda.cc:114) Done 5000 utterances.
LOG (acc-lda[5.5.929~1-9bca2]:main():acc-lda.cc:114) Done 5100 utterances.
LOG (acc-lda[5.5.929~1-9bca2]:main():acc-lda.cc:114) Done 5200 utterances.
LOG (acc-lda[5.5.929~1-9bca2]:main():acc-lda.cc:114) Done 5300 utterances.
LOG (acc-lda[5.5.929~1-9bca2]:main():acc-lda.cc:114) Done 5400 utterances.
LOG (acc-lda[5.5.929~1-9bca2]:main():acc-lda.cc:114) Done 5500 utterances.
WARNING (acc-lda[5.5.929~1-9bca2]:main():acc-lda.cc:77) No posteriors for utterance VIVOSSPK46_288
LOG (acc-lda[5.5.929~1-9bca2]:main():acc-lda.cc:114) Done 5600 utterances.
LOG (acc-lda[5.5.929~1-9bca2]:main():acc-lda.cc:114) Done 5700 utterances.
LOG (acc-lda[5.5.929~1-9bca2]:main():acc-lda.cc:114) Done 5800 utterances.
LOG (acc-lda[5.5.929~1-9bca2]:main():acc-lda.cc:114) Done 5900 utterances.
LOG (acc-lda[5.5.929~1-9bca2]:main():acc-lda.cc:114) Done 6000 utterances.
LOG (acc-lda[5.5.929~1-9bca2]:main():acc-lda.cc:114) Done 6100 utterances.
LOG (acc-lda[5.5.929~1-9bca2]:main():acc-lda.cc:114) Done 6200 utterances.
LOG (acc-lda[5.5.929~1-9bca2]:main():acc-lda.cc:114) Done 6300 utterances.
LOG (acc-lda[5.5.929~1-9bca2]:main():acc-lda.cc:114) Done 6400 utterances.
LOG (acc-lda[5.5.929~1-9bca2]:main():acc-lda.cc:114) Done 6500 utterances.
LOG (ali-to-post[5.5.929~1-9bca2]:main():ali-to-post.cc:73) Converted 6590 alignments.
LOG (weight-silence-post[5.5.929~1-9bca2]:main():weight-silence-post.cc:95) Done 6590 posteriors.
LOG (apply-cmvn[5.5.929~1-9bca2]:main():apply-cmvn.cc:162) Applied cepstral mean normalization to 6660 utterances, errors on 0
LOG (acc-lda[5.5.929~1-9bca2]:main():acc-lda.cc:117) Done 6590 files, failed for 70
LOG (acc-lda[5.5.929~1-9bca2]:main():acc-lda.cc:122) Written statistics.
# Accounting: time=14 threads=1
# Ended (code 0) at Fri Aug 13 02:52:29 +07 2021, elapsed time 14 seconds
