# gmm-est --write-occs=./exp/tri2b/17.occs --mix-up=16000 --power=0.25 ./exp/tri2b/16.mdl "gmm-sum-accs - ./exp/tri2b/16.*.acc |" ./exp/tri2b/17.mdl 
# Started at Fri Aug 13 03:03:30 +07 2021
#
gmm-est --write-occs=./exp/tri2b/17.occs --mix-up=16000 --power=0.25 ./exp/tri2b/16.mdl 'gmm-sum-accs - ./exp/tri2b/16.*.acc |' ./exp/tri2b/17.mdl 
gmm-sum-accs - ./exp/tri2b/16.1.acc ./exp/tri2b/16.2.acc ./exp/tri2b/16.3.acc ./exp/tri2b/16.4.acc 
LOG (gmm-sum-accs[5.5.929~1-9bca2]:main():gmm-sum-accs.cc:63) Summed 4 stats, total count 1.46376e+07, avg like/frame -46.9536
LOG (gmm-sum-accs[5.5.929~1-9bca2]:main():gmm-sum-accs.cc:66) Total count of stats is 1.46376e+07
LOG (gmm-sum-accs[5.5.929~1-9bca2]:main():gmm-sum-accs.cc:67) Written stats to -
LOG (gmm-est[5.5.929~1-9bca2]:MleUpdate():transition-model.cc:528) TransitionModel::Update, objf change is 0 per frame over 1.46376e+07 frames. 
LOG (gmm-est[5.5.929~1-9bca2]:MleUpdate():transition-model.cc:531) 175 probabilities floored, 98 out of 2438 transition-states skipped due to insuffient data (it is normal to have some skipped.)
LOG (gmm-est[5.5.929~1-9bca2]:main():gmm-est.cc:102) Transition model update: Overall 0 log-like improvement per frame over 1.46376e+07 frames.
WARNING (gmm-est[5.5.929~1-9bca2]:MleDiagGmmUpdate():mle-diag-gmm.cc:365) Gaussian has too little data but not removing it because it is the last Gaussian: i = 0, occ = 7, weight = 1
WARNING (gmm-est[5.5.929~1-9bca2]:MleDiagGmmUpdate():mle-diag-gmm.cc:365) Gaussian has too little data but not removing it because it is the last Gaussian: i = 0, occ = 0, weight = 1
WARNING (gmm-est[5.5.929~1-9bca2]:MleDiagGmmUpdate():mle-diag-gmm.cc:365) Gaussian has too little data but not removing it because it is the last Gaussian: i = 0, occ = 0, weight = 1
WARNING (gmm-est[5.5.929~1-9bca2]:MleDiagGmmUpdate():mle-diag-gmm.cc:365) Gaussian has too little data but not removing it because it is the last Gaussian: i = 0, occ = 0, weight = 1
WARNING (gmm-est[5.5.929~1-9bca2]:MleDiagGmmUpdate():mle-diag-gmm.cc:359) Too little data - removing Gaussian (weight 0.157040, occupation count 8.323137, vector size 40)
WARNING (gmm-est[5.5.929~1-9bca2]:MleDiagGmmUpdate():mle-diag-gmm.cc:365) Gaussian has too little data but not removing it because it is the last Gaussian: i = 0, occ = 8, weight = 1
WARNING (gmm-est[5.5.929~1-9bca2]:MleDiagGmmUpdate():mle-diag-gmm.cc:365) Gaussian has too little data but not removing it because it is the last Gaussian: i = 0, occ = 0, weight = 1
WARNING (gmm-est[5.5.929~1-9bca2]:MleDiagGmmUpdate():mle-diag-gmm.cc:365) Gaussian has too little data but not removing it because it is the last Gaussian: i = 0, occ = 6, weight = 1
WARNING (gmm-est[5.5.929~1-9bca2]:MleDiagGmmUpdate():mle-diag-gmm.cc:365) Gaussian has too little data but not removing it because it is the last Gaussian: i = 0, occ = 0, weight = 1
WARNING (gmm-est[5.5.929~1-9bca2]:MleDiagGmmUpdate():mle-diag-gmm.cc:365) Gaussian has too little data but not removing it because it is the last Gaussian: i = 0, occ = 3, weight = 1
WARNING (gmm-est[5.5.929~1-9bca2]:MleDiagGmmUpdate():mle-diag-gmm.cc:365) Gaussian has too little data but not removing it because it is the last Gaussian: i = 0, occ = 6, weight = 1
WARNING (gmm-est[5.5.929~1-9bca2]:MleDiagGmmUpdate():mle-diag-gmm.cc:365) Gaussian has too little data but not removing it because it is the last Gaussian: i = 0, occ = 0, weight = 1
WARNING (gmm-est[5.5.929~1-9bca2]:MleDiagGmmUpdate():mle-diag-gmm.cc:365) Gaussian has too little data but not removing it because it is the last Gaussian: i = 0, occ = 7, weight = 1
WARNING (gmm-est[5.5.929~1-9bca2]:MleDiagGmmUpdate():mle-diag-gmm.cc:365) Gaussian has too little data but not removing it because it is the last Gaussian: i = 0, occ = 6, weight = 1
WARNING (gmm-est[5.5.929~1-9bca2]:MleDiagGmmUpdate():mle-diag-gmm.cc:365) Gaussian has too little data but not removing it because it is the last Gaussian: i = 0, occ = 0, weight = 1
WARNING (gmm-est[5.5.929~1-9bca2]:MleDiagGmmUpdate():mle-diag-gmm.cc:365) Gaussian has too little data but not removing it because it is the last Gaussian: i = 0, occ = 0, weight = 1
WARNING (gmm-est[5.5.929~1-9bca2]:MleDiagGmmUpdate():mle-diag-gmm.cc:365) Gaussian has too little data but not removing it because it is the last Gaussian: i = 0, occ = 0, weight = 1
WARNING (gmm-est[5.5.929~1-9bca2]:MleDiagGmmUpdate():mle-diag-gmm.cc:365) Gaussian has too little data but not removing it because it is the last Gaussian: i = 0, occ = 0, weight = 1
WARNING (gmm-est[5.5.929~1-9bca2]:MleDiagGmmUpdate():mle-diag-gmm.cc:365) Gaussian has too little data but not removing it because it is the last Gaussian: i = 0, occ = 0, weight = 1
WARNING (gmm-est[5.5.929~1-9bca2]:MleDiagGmmUpdate():mle-diag-gmm.cc:365) Gaussian has too little data but not removing it because it is the last Gaussian: i = 0, occ = 6, weight = 1
WARNING (gmm-est[5.5.929~1-9bca2]:MleDiagGmmUpdate():mle-diag-gmm.cc:365) Gaussian has too little data but not removing it because it is the last Gaussian: i = 0, occ = 0, weight = 1
WARNING (gmm-est[5.5.929~1-9bca2]:MleDiagGmmUpdate():mle-diag-gmm.cc:365) Gaussian has too little data but not removing it because it is the last Gaussian: i = 0, occ = 9, weight = 1
WARNING (gmm-est[5.5.929~1-9bca2]:MleDiagGmmUpdate():mle-diag-gmm.cc:365) Gaussian has too little data but not removing it because it is the last Gaussian: i = 0, occ = 4, weight = 1
WARNING (gmm-est[5.5.929~1-9bca2]:MleDiagGmmUpdate():mle-diag-gmm.cc:365) Gaussian has too little data but not removing it because it is the last Gaussian: i = 0, occ = 0, weight = 1
LOG (gmm-est[5.5.929~1-9bca2]:MleAmDiagGmmUpdate():mle-am-diag-gmm.cc:225) 0 variance elements floored in 0 Gaussians, out of 15099
LOG (gmm-est[5.5.929~1-9bca2]:MleAmDiagGmmUpdate():mle-am-diag-gmm.cc:229) Removed 1 Gaussians due to counts < --min-gaussian-occupancy=10 and --remove-low-count-gaussians=true
LOG (gmm-est[5.5.929~1-9bca2]:main():gmm-est.cc:113) GMM update: Overall 0.0641111 objective function improvement per frame over 1.46376e+07 frames
LOG (gmm-est[5.5.929~1-9bca2]:main():gmm-est.cc:116) GMM update: Overall avg like per frame = -46.9536 over 1.46376e+07 frames.
LOG (gmm-est[5.5.929~1-9bca2]:SplitByCount():am-diag-gmm.cc:116) Split 2176 states with target = 16000, power = 0.25, perturb_factor = 0.01 and min_count = 20, split #Gauss from 15099 to 16000
LOG (gmm-est[5.5.929~1-9bca2]:main():gmm-est.cc:146) Written model to ./exp/tri2b/17.mdl
# Accounting: time=1 threads=1
# Ended (code 0) at Fri Aug 13 03:03:31 +07 2021, elapsed time 1 seconds
